{"/Users/andeladeveloper/Desktop/HelloBooks/server/index.js":{"path":"/Users/andeladeveloper/Desktop/HelloBooks/server/index.js","statementMap":{"0":{"start":{"line":3,"column":0},"end":{"line":5,"column":3}},"1":{"start":{"line":7,"column":15},"end":{"line":7,"column":33}},"2":{"start":{"line":9,"column":16},"end":{"line":9,"column":48}},"3":{"start":{"line":11,"column":18},"end":{"line":11,"column":40}},"4":{"start":{"line":13,"column":19},"end":{"line":13,"column":54}},"5":{"start":{"line":15,"column":12},"end":{"line":15,"column":27}},"6":{"start":{"line":17,"column":13},"end":{"line":17,"column":42}},"7":{"start":{"line":19,"column":14},"end":{"line":19,"column":31}},"8":{"start":{"line":21,"column":15},"end":{"line":21,"column":46}},"9":{"start":{"line":23,"column":12},"end":{"line":23,"column":27}},"10":{"start":{"line":25,"column":13},"end":{"line":25,"column":42}},"11":{"start":{"line":27,"column":15},"end":{"line":27,"column":33}},"12":{"start":{"line":29,"column":16},"end":{"line":29,"column":48}},"13":{"start":{"line":31,"column":28},"end":{"line":31,"column":61}},"14":{"start":{"line":33,"column":29},"end":{"line":33,"column":74}},"15":{"start":{"line":35,"column":28},"end":{"line":35,"column":61}},"16":{"start":{"line":37,"column":29},"end":{"line":37,"column":74}},"17":{"start":{"line":39,"column":16},"end":{"line":39,"column":44}},"18":{"start":{"line":41,"column":16},"end":{"line":41,"column":49}},"19":{"start":{"line":43,"column":17},"end":{"line":43,"column":47}},"20":{"start":{"line":45,"column":18},"end":{"line":45,"column":52}},"21":{"start":{"line":47,"column":39},"end":{"line":47,"column":93}},"22":{"start":{"line":49,"column":0},"end":{"line":49,"column":27}},"23":{"start":{"line":51,"column":11},"end":{"line":51,"column":35}},"24":{"start":{"line":52,"column":10},"end":{"line":52,"column":34}},"25":{"start":{"line":55,"column":0},"end":{"line":55,"column":38}},"26":{"start":{"line":58,"column":0},"end":{"line":58,"column":62}},"27":{"start":{"line":59,"column":0},"end":{"line":59,"column":37}},"28":{"start":{"line":61,"column":0},"end":{"line":61,"column":31}},"29":{"start":{"line":63,"column":0},"end":{"line":67,"column":3}},"30":{"start":{"line":64,"column":2},"end":{"line":64,"column":49}},"31":{"start":{"line":65,"column":2},"end":{"line":65,"column":95}},"32":{"start":{"line":66,"column":2},"end":{"line":66,"column":9}},"33":{"start":{"line":69,"column":0},"end":{"line":72,"column":1}},"34":{"start":{"line":70,"column":2},"end":{"line":70,"column":90}},"35":{"start":{"line":71,"column":2},"end":{"line":71,"column":90}},"36":{"start":{"line":74,"column":0},"end":{"line":74,"column":41}},"37":{"start":{"line":76,"column":0},"end":{"line":78,"column":3}},"38":{"start":{"line":77,"column":2},"end":{"line":77,"column":69}},"39":{"start":{"line":81,"column":0},"end":{"line":85,"column":3}},"40":{"start":{"line":83,"column":2},"end":{"line":83,"column":28}},"41":{"start":{"line":83,"column":11},"end":{"line":83,"column":28}},"42":{"start":{"line":84,"column":2},"end":{"line":84,"column":25}},"43":{"start":{"line":87,"column":0},"end":{"line":87,"column":22}}},"fnMap":{"0":{"name":"_interopRequireDefault","decl":{"start":{"line":47,"column":9},"end":{"line":47,"column":31}},"loc":{"start":{"line":47,"column":37},"end":{"line":47,"column":95}},"line":47},"1":{"name":"(anonymous_1)","decl":{"start":{"line":63,"column":8},"end":{"line":63,"column":9}},"loc":{"start":{"line":63,"column":34},"end":{"line":67,"column":1}},"line":63},"2":{"name":"(anonymous_2)","decl":{"start":{"line":76,"column":13},"end":{"line":76,"column":14}},"loc":{"start":{"line":76,"column":33},"end":{"line":78,"column":1}},"line":76},"3":{"name":"(anonymous_3)","decl":{"start":{"line":81,"column":17},"end":{"line":81,"column":18}},"loc":{"start":{"line":81,"column":32},"end":{"line":85,"column":1}},"line":81}},"branchMap":{"0":{"loc":{"start":{"line":47,"column":46},"end":{"line":47,"column":92}},"type":"cond-expr","locations":[{"start":{"line":47,"column":70},"end":{"line":47,"column":73}},{"start":{"line":47,"column":76},"end":{"line":47,"column":92}}],"line":47},"1":{"loc":{"start":{"line":47,"column":46},"end":{"line":47,"column":67}},"type":"binary-expr","locations":[{"start":{"line":47,"column":46},"end":{"line":47,"column":49}},{"start":{"line":47,"column":53},"end":{"line":47,"column":67}}],"line":47},"2":{"loc":{"start":{"line":51,"column":11},"end":{"line":51,"column":35}},"type":"binary-expr","locations":[{"start":{"line":51,"column":11},"end":{"line":51,"column":27}},{"start":{"line":51,"column":31},"end":{"line":51,"column":35}}],"line":51},"3":{"loc":{"start":{"line":69,"column":0},"end":{"line":72,"column":1}},"type":"if","locations":[{"start":{"line":69,"column":0},"end":{"line":72,"column":1}},{"start":{"line":69,"column":0},"end":{"line":72,"column":1}}],"line":69},"4":{"loc":{"start":{"line":69,"column":4},"end":{"line":69,"column":83}},"type":"binary-expr","locations":[{"start":{"line":69,"column":4},"end":{"line":69,"column":42}},{"start":{"line":69,"column":46},"end":{"line":69,"column":83}}],"line":69},"5":{"loc":{"start":{"line":83,"column":2},"end":{"line":83,"column":28}},"type":"if","locations":[{"start":{"line":83,"column":2},"end":{"line":83,"column":28}},{"start":{"line":83,"column":2},"end":{"line":83,"column":28}}],"line":83}},"s":{"0":1,"1":1,"2":1,"3":1,"4":1,"5":1,"6":1,"7":1,"8":1,"9":1,"10":1,"11":1,"12":1,"13":1,"14":1,"15":1,"16":1,"17":1,"18":1,"19":1,"20":1,"21":10,"22":1,"23":1,"24":1,"25":1,"26":1,"27":1,"28":1,"29":1,"30":60,"31":60,"32":60,"33":1,"34":0,"35":0,"36":1,"37":1,"38":0,"39":1,"40":1,"41":0,"42":1,"43":1},"f":{"0":10,"1":60,"2":0,"3":1},"b":{"0":[1,9],"1":[10,10],"2":[1,1],"3":[0,1],"4":[1,1],"5":[0,1]},"_coverageSchema":"332fd63041d2c1bcb487cc26dd0d5f7d97098a6c","hash":"5a29ffa114101a50f35e647263b097f1ac04b7d0","contentHash":"d06ba680fa9927b7797ddb64333985c1_11.2.1"},"/Users/andeladeveloper/Desktop/HelloBooks/webpack.config.js":{"path":"/Users/andeladeveloper/Desktop/HelloBooks/webpack.config.js","statementMap":{"0":{"start":{"line":3,"column":11},"end":{"line":3,"column":26}},"1":{"start":{"line":4,"column":27},"end":{"line":4,"column":65}},"2":{"start":{"line":5,"column":14},"end":{"line":5,"column":32}},"3":{"start":{"line":7,"column":13},"end":{"line":69,"column":1}},"4":{"start":{"line":71,"column":0},"end":{"line":71,"column":24}}},"fnMap":{},"branchMap":{},"s":{"0":1,"1":1,"2":1,"3":1,"4":1},"f":{},"b":{},"_coverageSchema":"332fd63041d2c1bcb487cc26dd0d5f7d97098a6c","hash":"dceb7eeb6e23fdce2b8100245de1aee4ca552245","contentHash":"90c30c5c391c086ecb7b5e34cc6304d1_11.2.1"},"/Users/andeladeveloper/Desktop/HelloBooks/server/routes/api-routes.js":{"path":"/Users/andeladeveloper/Desktop/HelloBooks/server/routes/api-routes.js","statementMap":{"0":{"start":{"line":3,"column":0},"end":{"line":5,"column":3}},"1":{"start":{"line":7,"column":15},"end":{"line":7,"column":33}},"2":{"start":{"line":9,"column":16},"end":{"line":9,"column":48}},"3":{"start":{"line":11,"column":12},"end":{"line":11,"column":41}},"4":{"start":{"line":13,"column":13},"end":{"line":13,"column":42}},"5":{"start":{"line":15,"column":12},"end":{"line":15,"column":41}},"6":{"start":{"line":17,"column":13},"end":{"line":17,"column":42}},"7":{"start":{"line":19,"column":12},"end":{"line":19,"column":41}},"8":{"start":{"line":21,"column":13},"end":{"line":21,"column":42}},"9":{"start":{"line":23,"column":14},"end":{"line":23,"column":45}},"10":{"start":{"line":25,"column":15},"end":{"line":25,"column":46}},"11":{"start":{"line":27,"column":39},"end":{"line":27,"column":93}},"12":{"start":{"line":29,"column":13},"end":{"line":29,"column":39}},"13":{"start":{"line":32,"column":0},"end":{"line":34,"column":3}},"14":{"start":{"line":33,"column":2},"end":{"line":33,"column":62}},"15":{"start":{"line":37,"column":0},"end":{"line":37,"column":52}},"16":{"start":{"line":38,"column":0},"end":{"line":38,"column":52}},"17":{"start":{"line":41,"column":0},"end":{"line":41,"column":84}},"18":{"start":{"line":42,"column":0},"end":{"line":42,"column":84}},"19":{"start":{"line":45,"column":0},"end":{"line":45,"column":92}},"20":{"start":{"line":50,"column":0},"end":{"line":50,"column":67}},"21":{"start":{"line":51,"column":0},"end":{"line":51,"column":95}},"22":{"start":{"line":54,"column":0},"end":{"line":54,"column":108}},"23":{"start":{"line":57,"column":0},"end":{"line":57,"column":96}},"24":{"start":{"line":60,"column":0},"end":{"line":60,"column":81}},"25":{"start":{"line":62,"column":0},"end":{"line":62,"column":268}},"26":{"start":{"line":65,"column":0},"end":{"line":65,"column":267}},"27":{"start":{"line":68,"column":0},"end":{"line":68,"column":150}},"28":{"start":{"line":71,"column":0},"end":{"line":75,"column":3}},"29":{"start":{"line":72,"column":2},"end":{"line":72,"column":39}},"30":{"start":{"line":74,"column":2},"end":{"line":74,"column":39}},"31":{"start":{"line":77,"column":0},"end":{"line":77,"column":25}}},"fnMap":{"0":{"name":"_interopRequireDefault","decl":{"start":{"line":27,"column":9},"end":{"line":27,"column":31}},"loc":{"start":{"line":27,"column":37},"end":{"line":27,"column":95}},"line":27},"1":{"name":"(anonymous_1)","decl":{"start":{"line":32,"column":16},"end":{"line":32,"column":17}},"loc":{"start":{"line":32,"column":36},"end":{"line":34,"column":1}},"line":32},"2":{"name":"(anonymous_2)","decl":{"start":{"line":71,"column":23},"end":{"line":71,"column":24}},"loc":{"start":{"line":71,"column":43},"end":{"line":73,"column":1}},"line":71},"3":{"name":"(anonymous_3)","decl":{"start":{"line":73,"column":7},"end":{"line":73,"column":8}},"loc":{"start":{"line":73,"column":27},"end":{"line":75,"column":1}},"line":73}},"branchMap":{"0":{"loc":{"start":{"line":27,"column":46},"end":{"line":27,"column":92}},"type":"cond-expr","locations":[{"start":{"line":27,"column":70},"end":{"line":27,"column":73}},{"start":{"line":27,"column":76},"end":{"line":27,"column":92}}],"line":27},"1":{"loc":{"start":{"line":27,"column":46},"end":{"line":27,"column":67}},"type":"binary-expr","locations":[{"start":{"line":27,"column":46},"end":{"line":27,"column":49}},{"start":{"line":27,"column":53},"end":{"line":27,"column":67}}],"line":27}},"s":{"0":1,"1":1,"2":1,"3":1,"4":1,"5":1,"6":1,"7":1,"8":1,"9":1,"10":1,"11":5,"12":1,"13":1,"14":1,"15":1,"16":1,"17":1,"18":1,"19":1,"20":1,"21":1,"22":1,"23":1,"24":1,"25":1,"26":1,"27":1,"28":1,"29":0,"30":0,"31":1},"f":{"0":5,"1":1,"2":0,"3":0},"b":{"0":[4,1],"1":[5,5]},"_coverageSchema":"332fd63041d2c1bcb487cc26dd0d5f7d97098a6c","hash":"6425431c139e676c9ea3140eebb1e7fdb6fe2652","contentHash":"2422057bbb561629a60b76d4555d29c8_11.2.1"},"/Users/andeladeveloper/Desktop/HelloBooks/server/controller/user.js":{"path":"/Users/andeladeveloper/Desktop/HelloBooks/server/controller/user.js","statementMap":{"0":{"start":{"line":3,"column":0},"end":{"line":5,"column":3}},"1":{"start":{"line":7,"column":19},"end":{"line":7,"column":563}},"2":{"start":{"line":7,"column":76},"end":{"line":7,"column":347}},"3":{"start":{"line":7,"column":134},"end":{"line":7,"column":142}},"4":{"start":{"line":7,"column":144},"end":{"line":7,"column":199}},"5":{"start":{"line":7,"column":200},"end":{"line":7,"column":231}},"6":{"start":{"line":7,"column":232},"end":{"line":7,"column":286}},"7":{"start":{"line":7,"column":259},"end":{"line":7,"column":286}},"8":{"start":{"line":7,"column":287},"end":{"line":7,"column":345}},"9":{"start":{"line":7,"column":350},"end":{"line":7,"column":559}},"10":{"start":{"line":7,"column":407},"end":{"line":7,"column":475}},"11":{"start":{"line":7,"column":423},"end":{"line":7,"column":475}},"12":{"start":{"line":7,"column":476},"end":{"line":7,"column":536}},"13":{"start":{"line":7,"column":493},"end":{"line":7,"column":536}},"14":{"start":{"line":7,"column":537},"end":{"line":7,"column":556}},"15":{"start":{"line":9,"column":14},"end":{"line":9,"column":31}},"16":{"start":{"line":11,"column":15},"end":{"line":11,"column":46}},"17":{"start":{"line":13,"column":14},"end":{"line":13,"column":34}},"18":{"start":{"line":15,"column":15},"end":{"line":15,"column":46}},"19":{"start":{"line":17,"column":14},"end":{"line":17,"column":45}},"20":{"start":{"line":19,"column":15},"end":{"line":19,"column":46}},"21":{"start":{"line":21,"column":21},"end":{"line":21,"column":59}},"22":{"start":{"line":23,"column":22},"end":{"line":23,"column":60}},"23":{"start":{"line":25,"column":39},"end":{"line":25,"column":93}},"24":{"start":{"line":27,"column":50},"end":{"line":27,"column":151}},"25":{"start":{"line":27,"column":92},"end":{"line":27,"column":149}},"26":{"start":{"line":29,"column":0},"end":{"line":29,"column":27}},"27":{"start":{"line":31,"column":16},"end":{"line":31,"column":38}},"28":{"start":{"line":32,"column":24},"end":{"line":32,"column":54}},"29":{"start":{"line":33,"column":17},"end":{"line":33,"column":39}},"30":{"start":{"line":40,"column":11},"end":{"line":281,"column":3}},"31":{"start":{"line":42,"column":4},"end":{"line":42,"column":32}},"32":{"start":{"line":45,"column":2},"end":{"line":278,"column":6}},"33":{"start":{"line":54,"column":6},"end":{"line":77,"column":9}},"34":{"start":{"line":55,"column":20},"end":{"line":55,"column":67}},"35":{"start":{"line":56,"column":8},"end":{"line":64,"column":11}},"36":{"start":{"line":66,"column":28},"end":{"line":66,"column":63}},"37":{"start":{"line":67,"column":8},"end":{"line":76,"column":9}},"38":{"start":{"line":69,"column":12},"end":{"line":69,"column":65}},"39":{"start":{"line":70,"column":12},"end":{"line":70,"column":18}},"40":{"start":{"line":72,"column":12},"end":{"line":72,"column":65}},"41":{"start":{"line":73,"column":12},"end":{"line":73,"column":18}},"42":{"start":{"line":75,"column":12},"end":{"line":75,"column":65}},"43":{"start":{"line":89,"column":6},"end":{"line":107,"column":9}},"44":{"start":{"line":90,"column":8},"end":{"line":104,"column":9}},"45":{"start":{"line":91,"column":22},"end":{"line":91,"column":69}},"46":{"start":{"line":92,"column":29},"end":{"line":98,"column":31}},"47":{"start":{"line":99,"column":10},"end":{"line":99,"column":63}},"48":{"start":{"line":100,"column":15},"end":{"line":104,"column":9}},"49":{"start":{"line":101,"column":10},"end":{"line":101,"column":81}},"50":{"start":{"line":103,"column":10},"end":{"line":103,"column":76}},"51":{"start":{"line":106,"column":8},"end":{"line":106,"column":74}},"52":{"start":{"line":119,"column":6},"end":{"line":151,"column":7}},"53":{"start":{"line":120,"column":8},"end":{"line":120,"column":79}},"54":{"start":{"line":122,"column":23},"end":{"line":122,"column":84}},"55":{"start":{"line":123,"column":26},"end":{"line":123,"column":57}},"56":{"start":{"line":124,"column":25},"end":{"line":124,"column":52}},"57":{"start":{"line":125,"column":8},"end":{"line":150,"column":9}},"58":{"start":{"line":126,"column":10},"end":{"line":126,"column":61}},"59":{"start":{"line":128,"column":10},"end":{"line":149,"column":13}},"60":{"start":{"line":129,"column":12},"end":{"line":146,"column":13}},"61":{"start":{"line":130,"column":33},"end":{"line":130,"column":90}},"62":{"start":{"line":131,"column":14},"end":{"line":143,"column":17}},"63":{"start":{"line":132,"column":16},"end":{"line":140,"column":19}},"64":{"start":{"line":133,"column":18},"end":{"line":137,"column":19}},"65":{"start":{"line":134,"column":20},"end":{"line":136,"column":43}},"66":{"start":{"line":139,"column":18},"end":{"line":139,"column":65}},"67":{"start":{"line":142,"column":16},"end":{"line":142,"column":55}},"68":{"start":{"line":145,"column":14},"end":{"line":145,"column":93}},"69":{"start":{"line":148,"column":12},"end":{"line":148,"column":53}},"70":{"start":{"line":163,"column":21},"end":{"line":163,"column":40}},"71":{"start":{"line":164,"column":24},"end":{"line":164,"column":41}},"72":{"start":{"line":165,"column":6},"end":{"line":180,"column":7}},"73":{"start":{"line":166,"column":8},"end":{"line":166,"column":78}},"74":{"start":{"line":167,"column":13},"end":{"line":180,"column":7}},"75":{"start":{"line":168,"column":8},"end":{"line":168,"column":88}},"76":{"start":{"line":170,"column":8},"end":{"line":179,"column":11}},"77":{"start":{"line":172,"column":10},"end":{"line":176,"column":13}},"78":{"start":{"line":173,"column":12},"end":{"line":173,"column":80}},"79":{"start":{"line":175,"column":12},"end":{"line":175,"column":47}},"80":{"start":{"line":178,"column":10},"end":{"line":178,"column":49}},"81":{"start":{"line":192,"column":25},"end":{"line":192,"column":43}},"82":{"start":{"line":193,"column":18},"end":{"line":193,"column":20}},"83":{"start":{"line":194,"column":6},"end":{"line":206,"column":7}},"84":{"start":{"line":195,"column":8},"end":{"line":197,"column":10}},"85":{"start":{"line":198,"column":13},"end":{"line":206,"column":7}},"86":{"start":{"line":199,"column":8},"end":{"line":201,"column":10}},"87":{"start":{"line":203,"column":8},"end":{"line":205,"column":10}},"88":{"start":{"line":208,"column":6},"end":{"line":216,"column":9}},"89":{"start":{"line":209,"column":8},"end":{"line":213,"column":9}},"90":{"start":{"line":210,"column":10},"end":{"line":210,"column":69}},"91":{"start":{"line":212,"column":10},"end":{"line":212,"column":55}},"92":{"start":{"line":215,"column":8},"end":{"line":215,"column":67}},"93":{"start":{"line":228,"column":6},"end":{"line":242,"column":7}},"94":{"start":{"line":229,"column":8},"end":{"line":229,"column":67}},"95":{"start":{"line":232,"column":21},"end":{"line":232,"column":52}},"96":{"start":{"line":233,"column":8},"end":{"line":241,"column":11}},"97":{"start":{"line":234,"column":10},"end":{"line":238,"column":11}},"98":{"start":{"line":235,"column":12},"end":{"line":235,"column":49}},"99":{"start":{"line":237,"column":12},"end":{"line":237,"column":64}},"100":{"start":{"line":240,"column":10},"end":{"line":240,"column":94}},"101":{"start":{"line":255,"column":21},"end":{"line":260,"column":7}},"102":{"start":{"line":261,"column":27},"end":{"line":261,"column":73}},"103":{"start":{"line":262,"column":6},"end":{"line":276,"column":9}},"104":{"start":{"line":263,"column":8},"end":{"line":263,"column":52}},"105":{"start":{"line":265,"column":28},"end":{"line":265,"column":63}},"106":{"start":{"line":266,"column":8},"end":{"line":275,"column":9}},"107":{"start":{"line":268,"column":12},"end":{"line":268,"column":65}},"108":{"start":{"line":269,"column":12},"end":{"line":269,"column":18}},"109":{"start":{"line":271,"column":12},"end":{"line":271,"column":65}},"110":{"start":{"line":272,"column":12},"end":{"line":272,"column":18}},"111":{"start":{"line":274,"column":12},"end":{"line":274,"column":65}},"112":{"start":{"line":280,"column":2},"end":{"line":280,"column":14}},"113":{"start":{"line":283,"column":0},"end":{"line":283,"column":23}}},"fnMap":{"0":{"name":"(anonymous_0)","decl":{"start":{"line":7,"column":19},"end":{"line":7,"column":20}},"loc":{"start":{"line":7,"column":31},"end":{"line":7,"column":561}},"line":7},"1":{"name":"defineProperties","decl":{"start":{"line":7,"column":42},"end":{"line":7,"column":58}},"loc":{"start":{"line":7,"column":74},"end":{"line":7,"column":349}},"line":7},"2":{"name":"(anonymous_2)","decl":{"start":{"line":7,"column":357},"end":{"line":7,"column":358}},"loc":{"start":{"line":7,"column":405},"end":{"line":7,"column":558}},"line":7},"3":{"name":"_interopRequireDefault","decl":{"start":{"line":25,"column":9},"end":{"line":25,"column":31}},"loc":{"start":{"line":25,"column":37},"end":{"line":25,"column":95}},"line":25},"4":{"name":"_classCallCheck","decl":{"start":{"line":27,"column":9},"end":{"line":27,"column":24}},"loc":{"start":{"line":27,"column":48},"end":{"line":27,"column":153}},"line":27},"5":{"name":"(anonymous_5)","decl":{"start":{"line":40,"column":11},"end":{"line":40,"column":12}},"loc":{"start":{"line":40,"column":23},"end":{"line":281,"column":1}},"line":40},"6":{"name":"User","decl":{"start":{"line":41,"column":11},"end":{"line":41,"column":15}},"loc":{"start":{"line":41,"column":18},"end":{"line":43,"column":3}},"line":41},"7":{"name":"signup","decl":{"start":{"line":53,"column":20},"end":{"line":53,"column":26}},"loc":{"start":{"line":53,"column":37},"end":{"line":78,"column":5}},"line":53},"8":{"name":"(anonymous_8)","decl":{"start":{"line":54,"column":38},"end":{"line":54,"column":39}},"loc":{"start":{"line":54,"column":54},"end":{"line":65,"column":7}},"line":54},"9":{"name":"(anonymous_9)","decl":{"start":{"line":65,"column":15},"end":{"line":65,"column":16}},"loc":{"start":{"line":65,"column":32},"end":{"line":77,"column":7}},"line":65},"10":{"name":"signin","decl":{"start":{"line":88,"column":20},"end":{"line":88,"column":26}},"loc":{"start":{"line":88,"column":37},"end":{"line":108,"column":5}},"line":88},"11":{"name":"(anonymous_11)","decl":{"start":{"line":89,"column":73},"end":{"line":89,"column":74}},"loc":{"start":{"line":89,"column":89},"end":{"line":105,"column":7}},"line":89},"12":{"name":"(anonymous_12)","decl":{"start":{"line":105,"column":15},"end":{"line":105,"column":16}},"loc":{"start":{"line":105,"column":27},"end":{"line":107,"column":7}},"line":105},"13":{"name":"generateResetPassUrl","decl":{"start":{"line":118,"column":20},"end":{"line":118,"column":40}},"loc":{"start":{"line":118,"column":51},"end":{"line":152,"column":5}},"line":118},"14":{"name":"(anonymous_14)","decl":{"start":{"line":128,"column":71},"end":{"line":128,"column":72}},"loc":{"start":{"line":128,"column":91},"end":{"line":147,"column":11}},"line":128},"15":{"name":"(anonymous_15)","decl":{"start":{"line":131,"column":101},"end":{"line":131,"column":102}},"loc":{"start":{"line":131,"column":113},"end":{"line":141,"column":15}},"line":131},"16":{"name":"(anonymous_16)","decl":{"start":{"line":132,"column":81},"end":{"line":132,"column":82}},"loc":{"start":{"line":132,"column":107},"end":{"line":138,"column":17}},"line":132},"17":{"name":"(anonymous_17)","decl":{"start":{"line":138,"column":25},"end":{"line":138,"column":26}},"loc":{"start":{"line":138,"column":48},"end":{"line":140,"column":17}},"line":138},"18":{"name":"(anonymous_18)","decl":{"start":{"line":141,"column":23},"end":{"line":141,"column":24}},"loc":{"start":{"line":141,"column":40},"end":{"line":143,"column":15}},"line":141},"19":{"name":"(anonymous_19)","decl":{"start":{"line":147,"column":19},"end":{"line":147,"column":20}},"loc":{"start":{"line":147,"column":36},"end":{"line":149,"column":11}},"line":147},"20":{"name":"resetPassword","decl":{"start":{"line":162,"column":20},"end":{"line":162,"column":33}},"loc":{"start":{"line":162,"column":44},"end":{"line":181,"column":5}},"line":162},"21":{"name":"(anonymous_21)","decl":{"start":{"line":171,"column":66},"end":{"line":171,"column":67}},"loc":{"start":{"line":171,"column":78},"end":{"line":177,"column":9}},"line":171},"22":{"name":"(anonymous_22)","decl":{"start":{"line":172,"column":83},"end":{"line":172,"column":84}},"loc":{"start":{"line":172,"column":95},"end":{"line":174,"column":11}},"line":172},"23":{"name":"(anonymous_23)","decl":{"start":{"line":174,"column":19},"end":{"line":174,"column":20}},"loc":{"start":{"line":174,"column":34},"end":{"line":176,"column":11}},"line":174},"24":{"name":"(anonymous_24)","decl":{"start":{"line":177,"column":17},"end":{"line":177,"column":18}},"loc":{"start":{"line":177,"column":34},"end":{"line":179,"column":9}},"line":177},"25":{"name":"getUserBooks","decl":{"start":{"line":191,"column":20},"end":{"line":191,"column":32}},"loc":{"start":{"line":191,"column":43},"end":{"line":217,"column":5}},"line":191},"26":{"name":"(anonymous_26)","decl":{"start":{"line":208,"column":95},"end":{"line":208,"column":96}},"loc":{"start":{"line":208,"column":115},"end":{"line":214,"column":7}},"line":208},"27":{"name":"(anonymous_27)","decl":{"start":{"line":214,"column":15},"end":{"line":214,"column":16}},"loc":{"start":{"line":214,"column":32},"end":{"line":216,"column":7}},"line":214},"28":{"name":"profilePage","decl":{"start":{"line":227,"column":20},"end":{"line":227,"column":31}},"loc":{"start":{"line":227,"column":42},"end":{"line":243,"column":5}},"line":227},"29":{"name":"(anonymous_29)","decl":{"start":{"line":233,"column":40},"end":{"line":233,"column":41}},"loc":{"start":{"line":233,"column":56},"end":{"line":239,"column":9}},"line":233},"30":{"name":"(anonymous_30)","decl":{"start":{"line":239,"column":17},"end":{"line":239,"column":18}},"loc":{"start":{"line":239,"column":29},"end":{"line":241,"column":9}},"line":239},"31":{"name":"editProfile","decl":{"start":{"line":254,"column":20},"end":{"line":254,"column":31}},"loc":{"start":{"line":254,"column":42},"end":{"line":277,"column":5}},"line":254},"32":{"name":"(anonymous_32)","decl":{"start":{"line":262,"column":125},"end":{"line":262,"column":126}},"loc":{"start":{"line":262,"column":145},"end":{"line":264,"column":7}},"line":262},"33":{"name":"(anonymous_33)","decl":{"start":{"line":264,"column":15},"end":{"line":264,"column":16}},"loc":{"start":{"line":264,"column":32},"end":{"line":276,"column":7}},"line":264}},"branchMap":{"0":{"loc":{"start":{"line":7,"column":168},"end":{"line":7,"column":198}},"type":"binary-expr","locations":[{"start":{"line":7,"column":168},"end":{"line":7,"column":189}},{"start":{"line":7,"column":193},"end":{"line":7,"column":198}}],"line":7},"1":{"loc":{"start":{"line":7,"column":232},"end":{"line":7,"column":286}},"type":"if","locations":[{"start":{"line":7,"column":232},"end":{"line":7,"column":286}},{"start":{"line":7,"column":232},"end":{"line":7,"column":286}}],"line":7},"2":{"loc":{"start":{"line":7,"column":407},"end":{"line":7,"column":475}},"type":"if","locations":[{"start":{"line":7,"column":407},"end":{"line":7,"column":475}},{"start":{"line":7,"column":407},"end":{"line":7,"column":475}}],"line":7},"3":{"loc":{"start":{"line":7,"column":476},"end":{"line":7,"column":536}},"type":"if","locations":[{"start":{"line":7,"column":476},"end":{"line":7,"column":536}},{"start":{"line":7,"column":476},"end":{"line":7,"column":536}}],"line":7},"4":{"loc":{"start":{"line":25,"column":46},"end":{"line":25,"column":92}},"type":"cond-expr","locations":[{"start":{"line":25,"column":70},"end":{"line":25,"column":73}},{"start":{"line":25,"column":76},"end":{"line":25,"column":92}}],"line":25},"5":{"loc":{"start":{"line":25,"column":46},"end":{"line":25,"column":67}},"type":"binary-expr","locations":[{"start":{"line":25,"column":46},"end":{"line":25,"column":49}},{"start":{"line":25,"column":53},"end":{"line":25,"column":67}}],"line":25},"6":{"loc":{"start":{"line":27,"column":50},"end":{"line":27,"column":151}},"type":"if","locations":[{"start":{"line":27,"column":50},"end":{"line":27,"column":151}},{"start":{"line":27,"column":50},"end":{"line":27,"column":151}}],"line":27},"7":{"loc":{"start":{"line":67,"column":8},"end":{"line":76,"column":9}},"type":"switch","locations":[{"start":{"line":68,"column":10},"end":{"line":70,"column":18}},{"start":{"line":71,"column":10},"end":{"line":73,"column":18}},{"start":{"line":74,"column":10},"end":{"line":75,"column":65}}],"line":67},"8":{"loc":{"start":{"line":90,"column":8},"end":{"line":104,"column":9}},"type":"if","locations":[{"start":{"line":90,"column":8},"end":{"line":104,"column":9}},{"start":{"line":90,"column":8},"end":{"line":104,"column":9}}],"line":90},"9":{"loc":{"start":{"line":90,"column":12},"end":{"line":90,"column":93}},"type":"binary-expr","locations":[{"start":{"line":90,"column":12},"end":{"line":90,"column":16}},{"start":{"line":90,"column":20},"end":{"line":90,"column":93}}],"line":90},"10":{"loc":{"start":{"line":100,"column":15},"end":{"line":104,"column":9}},"type":"if","locations":[{"start":{"line":100,"column":15},"end":{"line":104,"column":9}},{"start":{"line":100,"column":15},"end":{"line":104,"column":9}}],"line":100},"11":{"loc":{"start":{"line":100,"column":19},"end":{"line":100,"column":59}},"type":"binary-expr","locations":[{"start":{"line":100,"column":19},"end":{"line":100,"column":37}},{"start":{"line":100,"column":41},"end":{"line":100,"column":59}}],"line":100},"12":{"loc":{"start":{"line":119,"column":6},"end":{"line":151,"column":7}},"type":"if","locations":[{"start":{"line":119,"column":6},"end":{"line":151,"column":7}},{"start":{"line":119,"column":6},"end":{"line":151,"column":7}}],"line":119},"13":{"loc":{"start":{"line":125,"column":8},"end":{"line":150,"column":9}},"type":"if","locations":[{"start":{"line":125,"column":8},"end":{"line":150,"column":9}},{"start":{"line":125,"column":8},"end":{"line":150,"column":9}}],"line":125},"14":{"loc":{"start":{"line":125,"column":12},"end":{"line":125,"column":80}},"type":"binary-expr","locations":[{"start":{"line":125,"column":12},"end":{"line":125,"column":31}},{"start":{"line":125,"column":35},"end":{"line":125,"column":59}},{"start":{"line":125,"column":63},"end":{"line":125,"column":80}}],"line":125},"15":{"loc":{"start":{"line":129,"column":12},"end":{"line":146,"column":13}},"type":"if","locations":[{"start":{"line":129,"column":12},"end":{"line":146,"column":13}},{"start":{"line":129,"column":12},"end":{"line":146,"column":13}}],"line":129},"16":{"loc":{"start":{"line":133,"column":18},"end":{"line":137,"column":19}},"type":"if","locations":[{"start":{"line":133,"column":18},"end":{"line":137,"column":19}},{"start":{"line":133,"column":18},"end":{"line":137,"column":19}}],"line":133},"17":{"loc":{"start":{"line":165,"column":6},"end":{"line":180,"column":7}},"type":"if","locations":[{"start":{"line":165,"column":6},"end":{"line":180,"column":7}},{"start":{"line":165,"column":6},"end":{"line":180,"column":7}}],"line":165},"18":{"loc":{"start":{"line":165,"column":10},"end":{"line":165,"column":44}},"type":"binary-expr","locations":[{"start":{"line":165,"column":10},"end":{"line":165,"column":22}},{"start":{"line":165,"column":26},"end":{"line":165,"column":44}}],"line":165},"19":{"loc":{"start":{"line":167,"column":13},"end":{"line":180,"column":7}},"type":"if","locations":[{"start":{"line":167,"column":13},"end":{"line":180,"column":7}},{"start":{"line":167,"column":13},"end":{"line":180,"column":7}}],"line":167},"20":{"loc":{"start":{"line":194,"column":6},"end":{"line":206,"column":7}},"type":"if","locations":[{"start":{"line":194,"column":6},"end":{"line":206,"column":7}},{"start":{"line":194,"column":6},"end":{"line":206,"column":7}}],"line":194},"21":{"loc":{"start":{"line":198,"column":13},"end":{"line":206,"column":7}},"type":"if","locations":[{"start":{"line":198,"column":13},"end":{"line":206,"column":7}},{"start":{"line":198,"column":13},"end":{"line":206,"column":7}}],"line":198},"22":{"loc":{"start":{"line":209,"column":8},"end":{"line":213,"column":9}},"type":"if","locations":[{"start":{"line":209,"column":8},"end":{"line":213,"column":9}},{"start":{"line":209,"column":8},"end":{"line":213,"column":9}}],"line":209},"23":{"loc":{"start":{"line":228,"column":6},"end":{"line":242,"column":7}},"type":"if","locations":[{"start":{"line":228,"column":6},"end":{"line":242,"column":7}},{"start":{"line":228,"column":6},"end":{"line":242,"column":7}}],"line":228},"24":{"loc":{"start":{"line":234,"column":10},"end":{"line":238,"column":11}},"type":"if","locations":[{"start":{"line":234,"column":10},"end":{"line":238,"column":11}},{"start":{"line":234,"column":10},"end":{"line":238,"column":11}}],"line":234},"25":{"loc":{"start":{"line":266,"column":8},"end":{"line":275,"column":9}},"type":"switch","locations":[{"start":{"line":267,"column":10},"end":{"line":269,"column":18}},{"start":{"line":270,"column":10},"end":{"line":272,"column":18}},{"start":{"line":273,"column":10},"end":{"line":274,"column":65}}],"line":266}},"s":{"0":1,"1":1,"2":1,"3":7,"4":7,"5":7,"6":7,"7":7,"8":7,"9":1,"10":1,"11":0,"12":1,"13":1,"14":1,"15":1,"16":1,"17":1,"18":1,"19":1,"20":1,"21":1,"22":1,"23":4,"24":0,"25":0,"26":1,"27":1,"28":1,"29":1,"30":1,"31":0,"32":1,"33":12,"34":1,"35":1,"36":11,"37":11,"38":1,"39":1,"40":10,"41":10,"42":0,"43":12,"44":12,"45":4,"46":4,"47":4,"48":8,"49":5,"50":3,"51":0,"52":3,"53":1,"54":2,"55":2,"56":2,"57":2,"58":1,"59":1,"60":1,"61":0,"62":0,"63":0,"64":0,"65":0,"66":0,"67":0,"68":1,"69":0,"70":0,"71":0,"72":0,"73":0,"74":0,"75":0,"76":0,"77":0,"78":0,"79":0,"80":0,"81":5,"82":5,"83":5,"84":2,"85":3,"86":1,"87":2,"88":5,"89":5,"90":3,"91":2,"92":0,"93":1,"94":0,"95":1,"96":1,"97":1,"98":1,"99":0,"100":0,"101":1,"102":1,"103":1,"104":1,"105":0,"106":0,"107":0,"108":0,"109":0,"110":0,"111":0,"112":1,"113":1},"f":{"0":1,"1":1,"2":1,"3":4,"4":0,"5":1,"6":0,"7":12,"8":1,"9":11,"10":12,"11":12,"12":0,"13":3,"14":1,"15":0,"16":0,"17":0,"18":0,"19":0,"20":0,"21":0,"22":0,"23":0,"24":0,"25":5,"26":5,"27":0,"28":1,"29":1,"30":0,"31":1,"32":1,"33":0},"b":{"0":[7,7],"1":[7,0],"2":[0,1],"3":[1,0],"4":[3,1],"5":[4,4],"6":[0,0],"7":[1,10,0],"8":[4,8],"9":[12,4],"10":[5,3],"11":[8,3],"12":[1,2],"13":[1,1],"14":[2,2,2],"15":[0,1],"16":[0,0],"17":[0,0],"18":[0,0],"19":[0,0],"20":[2,3],"21":[1,2],"22":[3,2],"23":[0,1],"24":[1,0],"25":[0,0,0]},"_coverageSchema":"332fd63041d2c1bcb487cc26dd0d5f7d97098a6c","hash":"354a314fd99ab15ff49429b998cceef512c71b85","contentHash":"1a165113a564335df2d4872fd3a9dd60_11.2.1"},"/Users/andeladeveloper/Desktop/HelloBooks/server/models/index.js":{"path":"/Users/andeladeveloper/Desktop/HelloBooks/server/models/index.js","statementMap":{"0":{"start":{"line":3,"column":0},"end":{"line":5,"column":3}},"1":{"start":{"line":6,"column":9},"end":{"line":6,"column":22}},"2":{"start":{"line":7,"column":11},"end":{"line":7,"column":26}},"3":{"start":{"line":8,"column":16},"end":{"line":8,"column":36}},"4":{"start":{"line":10,"column":15},"end":{"line":10,"column":45}},"5":{"start":{"line":11,"column":10},"end":{"line":11,"column":47}},"6":{"start":{"line":12,"column":13},"end":{"line":12,"column":48}},"7":{"start":{"line":14,"column":9},"end":{"line":14,"column":11}},"8":{"start":{"line":15,"column":16},"end":{"line":15,"column":22}},"9":{"start":{"line":17,"column":0},"end":{"line":23,"column":1}},"10":{"start":{"line":18,"column":2},"end":{"line":20,"column":5}},"11":{"start":{"line":22,"column":2},"end":{"line":22,"column":87}},"12":{"start":{"line":25,"column":0},"end":{"line":30,"column":3}},"13":{"start":{"line":26,"column":2},"end":{"line":26,"column":82}},"14":{"start":{"line":28,"column":14},"end":{"line":28,"column":58}},"15":{"start":{"line":29,"column":2},"end":{"line":29,"column":25}},"16":{"start":{"line":32,"column":0},"end":{"line":36,"column":3}},"17":{"start":{"line":33,"column":2},"end":{"line":35,"column":3}},"18":{"start":{"line":34,"column":4},"end":{"line":34,"column":32}},"19":{"start":{"line":38,"column":0},"end":{"line":38,"column":25}},"20":{"start":{"line":39,"column":0},"end":{"line":39,"column":25}},"21":{"start":{"line":41,"column":0},"end":{"line":41,"column":21}}},"fnMap":{"0":{"name":"(anonymous_0)","decl":{"start":{"line":25,"column":33},"end":{"line":25,"column":34}},"loc":{"start":{"line":25,"column":49},"end":{"line":27,"column":1}},"line":25},"1":{"name":"(anonymous_1)","decl":{"start":{"line":27,"column":11},"end":{"line":27,"column":12}},"loc":{"start":{"line":27,"column":27},"end":{"line":30,"column":1}},"line":27},"2":{"name":"(anonymous_2)","decl":{"start":{"line":32,"column":24},"end":{"line":32,"column":25}},"loc":{"start":{"line":32,"column":45},"end":{"line":36,"column":1}},"line":32}},"branchMap":{"0":{"loc":{"start":{"line":11,"column":10},"end":{"line":11,"column":47}},"type":"binary-expr","locations":[{"start":{"line":11,"column":10},"end":{"line":11,"column":30}},{"start":{"line":11,"column":34},"end":{"line":11,"column":47}}],"line":11},"1":{"loc":{"start":{"line":17,"column":0},"end":{"line":23,"column":1}},"type":"if","locations":[{"start":{"line":17,"column":0},"end":{"line":23,"column":1}},{"start":{"line":17,"column":0},"end":{"line":23,"column":1}}],"line":17},"2":{"loc":{"start":{"line":26,"column":9},"end":{"line":26,"column":81}},"type":"binary-expr","locations":[{"start":{"line":26,"column":9},"end":{"line":26,"column":32}},{"start":{"line":26,"column":36},"end":{"line":26,"column":53}},{"start":{"line":26,"column":57},"end":{"line":26,"column":81}}],"line":26},"3":{"loc":{"start":{"line":33,"column":2},"end":{"line":35,"column":3}},"type":"if","locations":[{"start":{"line":33,"column":2},"end":{"line":35,"column":3}},{"start":{"line":33,"column":2},"end":{"line":35,"column":3}}],"line":33}},"s":{"0":1,"1":1,"2":1,"3":1,"4":1,"5":1,"6":1,"7":1,"8":1,"9":1,"10":0,"11":1,"12":1,"13":5,"14":4,"15":4,"16":1,"17":4,"18":3,"19":1,"20":1,"21":1},"f":{"0":5,"1":4,"2":4},"b":{"0":[1,1],"1":[0,1],"2":[5,5,4],"3":[3,1]},"_coverageSchema":"332fd63041d2c1bcb487cc26dd0d5f7d97098a6c","hash":"c2e515ade987770ae91d653280b28ef1bff98741","contentHash":"9dfd41914558eb27513dc77ca01aef5c_11.2.1"},"/Users/andeladeveloper/Desktop/HelloBooks/config/config.js":{"path":"/Users/andeladeveloper/Desktop/HelloBooks/config/config.js","statementMap":{"0":{"start":{"line":3,"column":0},"end":{"line":3,"column":27}},"1":{"start":{"line":5,"column":0},"end":{"line":25,"column":2}}},"fnMap":{},"branchMap":{},"s":{"0":1,"1":1},"f":{},"b":{},"_coverageSchema":"332fd63041d2c1bcb487cc26dd0d5f7d97098a6c","hash":"289587148af20cdaa0435275aa72eb25aadacd8d","contentHash":"71794ad92d8e54d2c277b4be138e1ba3_11.2.1"},"/Users/andeladeveloper/Desktop/HelloBooks/server/models/books.js":{"path":"/Users/andeladeveloper/Desktop/HelloBooks/server/models/books.js","statementMap":{"0":{"start":{"line":3,"column":0},"end":{"line":5,"column":3}},"1":{"start":{"line":6,"column":11},"end":{"line":179,"column":1}},"2":{"start":{"line":7,"column":14},"end":{"line":167,"column":4}},"3":{"start":{"line":163,"column":8},"end":{"line":163,"column":52}},"4":{"start":{"line":164,"column":8},"end":{"line":164,"column":28}},"5":{"start":{"line":169,"column":2},"end":{"line":177,"column":4}},"6":{"start":{"line":170,"column":4},"end":{"line":172,"column":7}},"7":{"start":{"line":173,"column":4},"end":{"line":176,"column":7}},"8":{"start":{"line":178,"column":2},"end":{"line":178,"column":15}},"9":{"start":{"line":180,"column":0},"end":{"line":180,"column":23}}},"fnMap":{"0":{"name":"book","decl":{"start":{"line":6,"column":20},"end":{"line":6,"column":24}},"loc":{"start":{"line":6,"column":47},"end":{"line":179,"column":1}},"line":6},"1":{"name":"beforeCreate","decl":{"start":{"line":157,"column":29},"end":{"line":157,"column":41}},"loc":{"start":{"line":157,"column":56},"end":{"line":165,"column":7}},"line":157},"2":{"name":"(anonymous_2)","decl":{"start":{"line":169,"column":20},"end":{"line":169,"column":21}},"loc":{"start":{"line":169,"column":37},"end":{"line":177,"column":3}},"line":169}},"branchMap":{},"s":{"0":1,"1":1,"2":1,"3":7,"4":7,"5":1,"6":1,"7":1,"8":1,"9":1},"f":{"0":1,"1":7,"2":1},"b":{},"_coverageSchema":"332fd63041d2c1bcb487cc26dd0d5f7d97098a6c","hash":"0d2a510537097bcfa8df1653a0f7f8d8695a60e6","contentHash":"dffe0a7fc64f06fb379d25793f6ee5a6_11.2.1"},"/Users/andeladeveloper/Desktop/HelloBooks/server/models/borrowedbooks.js":{"path":"/Users/andeladeveloper/Desktop/HelloBooks/server/models/borrowedbooks.js","statementMap":{"0":{"start":{"line":3,"column":0},"end":{"line":5,"column":3}},"1":{"start":{"line":6,"column":19},"end":{"line":53,"column":1}},"2":{"start":{"line":7,"column":22},"end":{"line":46,"column":4}},"3":{"start":{"line":48,"column":2},"end":{"line":51,"column":4}},"4":{"start":{"line":49,"column":4},"end":{"line":49,"column":89}},"5":{"start":{"line":50,"column":4},"end":{"line":50,"column":89}},"6":{"start":{"line":52,"column":2},"end":{"line":52,"column":23}},"7":{"start":{"line":55,"column":0},"end":{"line":55,"column":31}}},"fnMap":{"0":{"name":"borrowedbook","decl":{"start":{"line":6,"column":28},"end":{"line":6,"column":40}},"loc":{"start":{"line":6,"column":63},"end":{"line":53,"column":1}},"line":6},"1":{"name":"(anonymous_1)","decl":{"start":{"line":48,"column":28},"end":{"line":48,"column":29}},"loc":{"start":{"line":48,"column":46},"end":{"line":51,"column":3}},"line":48}},"branchMap":{},"s":{"0":1,"1":1,"2":1,"3":1,"4":1,"5":1,"6":1,"7":1},"f":{"0":1,"1":1},"b":{},"_coverageSchema":"332fd63041d2c1bcb487cc26dd0d5f7d97098a6c","hash":"cbcfb9e258e5e218195765bcd47c9def14d07749","contentHash":"60f5de0e5e337d049535b2c096203d07_11.2.1"},"/Users/andeladeveloper/Desktop/HelloBooks/server/models/categories.js":{"path":"/Users/andeladeveloper/Desktop/HelloBooks/server/models/categories.js","statementMap":{"0":{"start":{"line":3,"column":0},"end":{"line":5,"column":3}},"1":{"start":{"line":7,"column":22},"end":{"line":44,"column":1}},"2":{"start":{"line":8,"column":19},"end":{"line":35,"column":4}},"3":{"start":{"line":36,"column":2},"end":{"line":41,"column":4}},"4":{"start":{"line":37,"column":4},"end":{"line":40,"column":7}},"5":{"start":{"line":43,"column":2},"end":{"line":43,"column":20}},"6":{"start":{"line":45,"column":0},"end":{"line":45,"column":34}}},"fnMap":{"0":{"name":"categoriesModel","decl":{"start":{"line":7,"column":31},"end":{"line":7,"column":46}},"loc":{"start":{"line":7,"column":69},"end":{"line":44,"column":1}},"line":7},"1":{"name":"(anonymous_1)","decl":{"start":{"line":36,"column":25},"end":{"line":36,"column":26}},"loc":{"start":{"line":36,"column":42},"end":{"line":41,"column":3}},"line":36}},"branchMap":{},"s":{"0":1,"1":1,"2":1,"3":1,"4":1,"5":1,"6":1},"f":{"0":1,"1":1},"b":{},"_coverageSchema":"332fd63041d2c1bcb487cc26dd0d5f7d97098a6c","hash":"deb499dac68973a30a40d7724848966d36db08b4","contentHash":"9c837ac8cbaafcdce4a42f0dd735f7ee_11.2.1"},"/Users/andeladeveloper/Desktop/HelloBooks/server/models/users.js":{"path":"/Users/andeladeveloper/Desktop/HelloBooks/server/models/users.js","statementMap":{"0":{"start":{"line":3,"column":0},"end":{"line":5,"column":3}},"1":{"start":{"line":7,"column":14},"end":{"line":7,"column":31}},"2":{"start":{"line":9,"column":15},"end":{"line":9,"column":46}},"3":{"start":{"line":11,"column":39},"end":{"line":11,"column":93}},"4":{"start":{"line":13,"column":11},"end":{"line":142,"column":1}},"5":{"start":{"line":14,"column":19},"end":{"line":140,"column":4}},"6":{"start":{"line":122,"column":8},"end":{"line":125,"column":11}},"7":{"start":{"line":130,"column":20},"end":{"line":130,"column":95}},"8":{"start":{"line":131,"column":8},"end":{"line":131,"column":31}},"9":{"start":{"line":132,"column":8},"end":{"line":132,"column":21}},"10":{"start":{"line":135,"column":20},"end":{"line":135,"column":95}},"11":{"start":{"line":136,"column":8},"end":{"line":136,"column":31}},"12":{"start":{"line":137,"column":8},"end":{"line":137,"column":21}},"13":{"start":{"line":141,"column":2},"end":{"line":141,"column":20}},"14":{"start":{"line":144,"column":0},"end":{"line":144,"column":23}}},"fnMap":{"0":{"name":"_interopRequireDefault","decl":{"start":{"line":11,"column":9},"end":{"line":11,"column":31}},"loc":{"start":{"line":11,"column":37},"end":{"line":11,"column":95}},"line":11},"1":{"name":"user","decl":{"start":{"line":13,"column":20},"end":{"line":13,"column":24}},"loc":{"start":{"line":13,"column":47},"end":{"line":142,"column":1}},"line":13},"2":{"name":"associate","decl":{"start":{"line":120,"column":26},"end":{"line":120,"column":35}},"loc":{"start":{"line":120,"column":43},"end":{"line":126,"column":7}},"line":120},"3":{"name":"beforeCreate","decl":{"start":{"line":129,"column":29},"end":{"line":129,"column":41}},"loc":{"start":{"line":129,"column":49},"end":{"line":133,"column":7}},"line":129},"4":{"name":"beforeUpdate","decl":{"start":{"line":134,"column":29},"end":{"line":134,"column":41}},"loc":{"start":{"line":134,"column":49},"end":{"line":138,"column":7}},"line":134}},"branchMap":{"0":{"loc":{"start":{"line":11,"column":46},"end":{"line":11,"column":92}},"type":"cond-expr","locations":[{"start":{"line":11,"column":70},"end":{"line":11,"column":73}},{"start":{"line":11,"column":76},"end":{"line":11,"column":92}}],"line":11},"1":{"loc":{"start":{"line":11,"column":46},"end":{"line":11,"column":67}},"type":"binary-expr","locations":[{"start":{"line":11,"column":46},"end":{"line":11,"column":49}},{"start":{"line":11,"column":53},"end":{"line":11,"column":67}}],"line":11}},"s":{"0":1,"1":1,"2":1,"3":1,"4":1,"5":1,"6":0,"7":5,"8":5,"9":5,"10":1,"11":1,"12":1,"13":1,"14":1},"f":{"0":1,"1":1,"2":0,"3":5,"4":1},"b":{"0":[0,1],"1":[1,1]},"_coverageSchema":"332fd63041d2c1bcb487cc26dd0d5f7d97098a6c","hash":"03061d6e62a4c0db5c6a7719bcaa5e339444f301","contentHash":"d82d31b310f50162581e91b0769039ac_11.2.1"},"/Users/andeladeveloper/Desktop/HelloBooks/server/middleware/helper.js":{"path":"/Users/andeladeveloper/Desktop/HelloBooks/server/middleware/helper.js","statementMap":{"0":{"start":{"line":3,"column":0},"end":{"line":5,"column":3}},"1":{"start":{"line":7,"column":19},"end":{"line":7,"column":563}},"2":{"start":{"line":7,"column":76},"end":{"line":7,"column":347}},"3":{"start":{"line":7,"column":134},"end":{"line":7,"column":142}},"4":{"start":{"line":7,"column":144},"end":{"line":7,"column":199}},"5":{"start":{"line":7,"column":200},"end":{"line":7,"column":231}},"6":{"start":{"line":7,"column":232},"end":{"line":7,"column":286}},"7":{"start":{"line":7,"column":259},"end":{"line":7,"column":286}},"8":{"start":{"line":7,"column":287},"end":{"line":7,"column":345}},"9":{"start":{"line":7,"column":350},"end":{"line":7,"column":559}},"10":{"start":{"line":7,"column":407},"end":{"line":7,"column":475}},"11":{"start":{"line":7,"column":423},"end":{"line":7,"column":475}},"12":{"start":{"line":7,"column":476},"end":{"line":7,"column":536}},"13":{"start":{"line":7,"column":493},"end":{"line":7,"column":536}},"14":{"start":{"line":7,"column":537},"end":{"line":7,"column":556}},"15":{"start":{"line":9,"column":14},"end":{"line":9,"column":31}},"16":{"start":{"line":11,"column":15},"end":{"line":11,"column":46}},"17":{"start":{"line":13,"column":20},"end":{"line":13,"column":43}},"18":{"start":{"line":15,"column":21},"end":{"line":15,"column":58}},"19":{"start":{"line":17,"column":18},"end":{"line":17,"column":39}},"20":{"start":{"line":19,"column":19},"end":{"line":19,"column":54}},"21":{"start":{"line":21,"column":14},"end":{"line":21,"column":34}},"22":{"start":{"line":23,"column":15},"end":{"line":23,"column":46}},"23":{"start":{"line":25,"column":14},"end":{"line":25,"column":40}},"24":{"start":{"line":27,"column":15},"end":{"line":27,"column":46}},"25":{"start":{"line":29,"column":39},"end":{"line":29,"column":93}},"26":{"start":{"line":31,"column":50},"end":{"line":31,"column":151}},"27":{"start":{"line":31,"column":92},"end":{"line":31,"column":149}},"28":{"start":{"line":33,"column":0},"end":{"line":33,"column":27}},"29":{"start":{"line":35,"column":13},"end":{"line":35,"column":31}},"30":{"start":{"line":36,"column":19},"end":{"line":36,"column":39}},"31":{"start":{"line":37,"column":24},"end":{"line":37,"column":54}},"32":{"start":{"line":38,"column":16},"end":{"line":38,"column":38}},"33":{"start":{"line":47,"column":13},"end":{"line":206,"column":3}},"34":{"start":{"line":49,"column":4},"end":{"line":49,"column":34}},"35":{"start":{"line":52,"column":2},"end":{"line":203,"column":6}},"36":{"start":{"line":61,"column":6},"end":{"line":65,"column":9}},"37":{"start":{"line":64,"column":8},"end":{"line":64,"column":49}},"38":{"start":{"line":78,"column":6},"end":{"line":85,"column":9}},"39":{"start":{"line":79,"column":8},"end":{"line":79,"column":74}},"40":{"start":{"line":79,"column":19},"end":{"line":79,"column":74}},"41":{"start":{"line":80,"column":8},"end":{"line":80,"column":116}},"42":{"start":{"line":80,"column":39},"end":{"line":80,"column":116}},"43":{"start":{"line":81,"column":8},"end":{"line":81,"column":24}},"44":{"start":{"line":82,"column":8},"end":{"line":82,"column":15}},"45":{"start":{"line":84,"column":8},"end":{"line":84,"column":52}},"46":{"start":{"line":99,"column":18},"end":{"line":103,"column":7}},"47":{"start":{"line":104,"column":6},"end":{"line":115,"column":9}},"48":{"start":{"line":105,"column":8},"end":{"line":114,"column":9}},"49":{"start":{"line":106,"column":10},"end":{"line":106,"column":74}},"50":{"start":{"line":108,"column":10},"end":{"line":108,"column":48}},"51":{"start":{"line":109,"column":10},"end":{"line":109,"column":17}},"52":{"start":{"line":111,"column":10},"end":{"line":113,"column":13}},"53":{"start":{"line":127,"column":6},"end":{"line":127,"column":90}},"54":{"start":{"line":127,"column":28},"end":{"line":127,"column":90}},"55":{"start":{"line":128,"column":17},"end":{"line":132,"column":7}},"56":{"start":{"line":133,"column":6},"end":{"line":133,"column":18}},"57":{"start":{"line":145,"column":18},"end":{"line":150,"column":38}},"58":{"start":{"line":152,"column":6},"end":{"line":152,"column":19}},"59":{"start":{"line":165,"column":22},"end":{"line":165,"column":24}},"60":{"start":{"line":166,"column":6},"end":{"line":169,"column":7}},"61":{"start":{"line":168,"column":8},"end":{"line":168,"column":74}},"62":{"start":{"line":170,"column":6},"end":{"line":170,"column":23}},"63":{"start":{"line":184,"column":24},"end":{"line":190,"column":8}},"64":{"start":{"line":193,"column":24},"end":{"line":198,"column":7}},"65":{"start":{"line":200,"column":19},"end":{"line":200,"column":52}},"66":{"start":{"line":201,"column":6},"end":{"line":201,"column":20}},"67":{"start":{"line":205,"column":2},"end":{"line":205,"column":16}},"68":{"start":{"line":208,"column":0},"end":{"line":208,"column":25}}},"fnMap":{"0":{"name":"(anonymous_0)","decl":{"start":{"line":7,"column":19},"end":{"line":7,"column":20}},"loc":{"start":{"line":7,"column":31},"end":{"line":7,"column":561}},"line":7},"1":{"name":"defineProperties","decl":{"start":{"line":7,"column":42},"end":{"line":7,"column":58}},"loc":{"start":{"line":7,"column":74},"end":{"line":7,"column":349}},"line":7},"2":{"name":"(anonymous_2)","decl":{"start":{"line":7,"column":357},"end":{"line":7,"column":358}},"loc":{"start":{"line":7,"column":405},"end":{"line":7,"column":558}},"line":7},"3":{"name":"_interopRequireDefault","decl":{"start":{"line":29,"column":9},"end":{"line":29,"column":31}},"loc":{"start":{"line":29,"column":37},"end":{"line":29,"column":95}},"line":29},"4":{"name":"_classCallCheck","decl":{"start":{"line":31,"column":9},"end":{"line":31,"column":24}},"loc":{"start":{"line":31,"column":48},"end":{"line":31,"column":153}},"line":31},"5":{"name":"(anonymous_5)","decl":{"start":{"line":47,"column":13},"end":{"line":47,"column":14}},"loc":{"start":{"line":47,"column":25},"end":{"line":206,"column":1}},"line":47},"6":{"name":"Helper","decl":{"start":{"line":48,"column":11},"end":{"line":48,"column":17}},"loc":{"start":{"line":48,"column":20},"end":{"line":50,"column":3}},"line":48},"7":{"name":"countBooks","decl":{"start":{"line":60,"column":20},"end":{"line":60,"column":30}},"loc":{"start":{"line":60,"column":41},"end":{"line":66,"column":5}},"line":60},"8":{"name":"(anonymous_8)","decl":{"start":{"line":63,"column":18},"end":{"line":63,"column":19}},"loc":{"start":{"line":63,"column":35},"end":{"line":65,"column":7}},"line":63},"9":{"name":"checkBook","decl":{"start":{"line":77,"column":20},"end":{"line":77,"column":29}},"loc":{"start":{"line":77,"column":46},"end":{"line":86,"column":5}},"line":77},"10":{"name":"(anonymous_10)","decl":{"start":{"line":78,"column":61},"end":{"line":78,"column":62}},"loc":{"start":{"line":78,"column":77},"end":{"line":83,"column":7}},"line":78},"11":{"name":"(anonymous_11)","decl":{"start":{"line":83,"column":15},"end":{"line":83,"column":16}},"loc":{"start":{"line":83,"column":32},"end":{"line":85,"column":7}},"line":83},"12":{"name":"verify","decl":{"start":{"line":98,"column":20},"end":{"line":98,"column":26}},"loc":{"start":{"line":98,"column":43},"end":{"line":116,"column":5}},"line":98},"13":{"name":"(anonymous_13)","decl":{"start":{"line":104,"column":52},"end":{"line":104,"column":53}},"loc":{"start":{"line":104,"column":72},"end":{"line":115,"column":7}},"line":104},"14":{"name":"(anonymous_14)","decl":{"start":{"line":105,"column":105},"end":{"line":105,"column":106}},"loc":{"start":{"line":105,"column":121},"end":{"line":107,"column":9}},"line":105},"15":{"name":"composeRequest","decl":{"start":{"line":126,"column":20},"end":{"line":126,"column":34}},"loc":{"start":{"line":126,"column":45},"end":{"line":134,"column":5}},"line":126},"16":{"name":"generateToken","decl":{"start":{"line":144,"column":20},"end":{"line":144,"column":33}},"loc":{"start":{"line":144,"column":40},"end":{"line":153,"column":5}},"line":144},"17":{"name":"urlGenerator","decl":{"start":{"line":164,"column":20},"end":{"line":164,"column":32}},"loc":{"start":{"line":164,"column":50},"end":{"line":171,"column":5}},"line":164},"18":{"name":"generateMail","decl":{"start":{"line":182,"column":20},"end":{"line":182,"column":32}},"loc":{"start":{"line":182,"column":57},"end":{"line":202,"column":5}},"line":182}},"branchMap":{"0":{"loc":{"start":{"line":7,"column":168},"end":{"line":7,"column":198}},"type":"binary-expr","locations":[{"start":{"line":7,"column":168},"end":{"line":7,"column":189}},{"start":{"line":7,"column":193},"end":{"line":7,"column":198}}],"line":7},"1":{"loc":{"start":{"line":7,"column":232},"end":{"line":7,"column":286}},"type":"if","locations":[{"start":{"line":7,"column":232},"end":{"line":7,"column":286}},{"start":{"line":7,"column":232},"end":{"line":7,"column":286}}],"line":7},"2":{"loc":{"start":{"line":7,"column":407},"end":{"line":7,"column":475}},"type":"if","locations":[{"start":{"line":7,"column":407},"end":{"line":7,"column":475}},{"start":{"line":7,"column":407},"end":{"line":7,"column":475}}],"line":7},"3":{"loc":{"start":{"line":7,"column":476},"end":{"line":7,"column":536}},"type":"if","locations":[{"start":{"line":7,"column":476},"end":{"line":7,"column":536}},{"start":{"line":7,"column":476},"end":{"line":7,"column":536}}],"line":7},"4":{"loc":{"start":{"line":29,"column":46},"end":{"line":29,"column":92}},"type":"cond-expr","locations":[{"start":{"line":29,"column":70},"end":{"line":29,"column":73}},{"start":{"line":29,"column":76},"end":{"line":29,"column":92}}],"line":29},"5":{"loc":{"start":{"line":29,"column":46},"end":{"line":29,"column":67}},"type":"binary-expr","locations":[{"start":{"line":29,"column":46},"end":{"line":29,"column":49}},{"start":{"line":29,"column":53},"end":{"line":29,"column":67}}],"line":29},"6":{"loc":{"start":{"line":31,"column":50},"end":{"line":31,"column":151}},"type":"if","locations":[{"start":{"line":31,"column":50},"end":{"line":31,"column":151}},{"start":{"line":31,"column":50},"end":{"line":31,"column":151}}],"line":31},"7":{"loc":{"start":{"line":79,"column":8},"end":{"line":79,"column":74}},"type":"if","locations":[{"start":{"line":79,"column":8},"end":{"line":79,"column":74}},{"start":{"line":79,"column":8},"end":{"line":79,"column":74}}],"line":79},"8":{"loc":{"start":{"line":80,"column":8},"end":{"line":80,"column":116}},"type":"if","locations":[{"start":{"line":80,"column":8},"end":{"line":80,"column":116}},{"start":{"line":80,"column":8},"end":{"line":80,"column":116}}],"line":80},"9":{"loc":{"start":{"line":105,"column":8},"end":{"line":114,"column":9}},"type":"if","locations":[{"start":{"line":105,"column":8},"end":{"line":114,"column":9}},{"start":{"line":105,"column":8},"end":{"line":114,"column":9}}],"line":105},"10":{"loc":{"start":{"line":105,"column":12},"end":{"line":107,"column":10}},"type":"binary-expr","locations":[{"start":{"line":105,"column":12},"end":{"line":105,"column":81}},{"start":{"line":105,"column":85},"end":{"line":107,"column":10}}],"line":105},"11":{"loc":{"start":{"line":127,"column":6},"end":{"line":127,"column":90}},"type":"if","locations":[{"start":{"line":127,"column":6},"end":{"line":127,"column":90}},{"start":{"line":127,"column":6},"end":{"line":127,"column":90}}],"line":127}},"s":{"0":1,"1":1,"2":1,"3":7,"4":7,"5":7,"6":7,"7":7,"8":7,"9":1,"10":1,"11":0,"12":1,"13":1,"14":1,"15":1,"16":1,"17":1,"18":1,"19":1,"20":1,"21":1,"22":1,"23":1,"24":1,"25":5,"26":0,"27":0,"28":1,"29":1,"30":1,"31":1,"32":1,"33":1,"34":0,"35":1,"36":0,"37":0,"38":1,"39":1,"40":0,"41":1,"42":0,"43":1,"44":1,"45":0,"46":1,"47":1,"48":1,"49":0,"50":1,"51":1,"52":0,"53":1,"54":0,"55":1,"56":1,"57":5,"58":5,"59":0,"60":0,"61":0,"62":0,"63":0,"64":0,"65":0,"66":0,"67":1,"68":1},"f":{"0":1,"1":1,"2":1,"3":5,"4":0,"5":1,"6":0,"7":0,"8":0,"9":1,"10":1,"11":0,"12":1,"13":1,"14":0,"15":1,"16":5,"17":0,"18":0},"b":{"0":[7,7],"1":[7,0],"2":[0,1],"3":[1,0],"4":[2,3],"5":[5,5],"6":[0,0],"7":[0,1],"8":[0,1],"9":[1,0],"10":[1,1],"11":[0,1]},"_coverageSchema":"332fd63041d2c1bcb487cc26dd0d5f7d97098a6c","hash":"66692b03d9a304b944e48b19468f7b69a214a8cf","contentHash":"3db7104ee1a9a2ac646386aba7e32475_11.2.1"},"/Users/andeladeveloper/Desktop/HelloBooks/server/utils/limits.js":{"path":"/Users/andeladeveloper/Desktop/HelloBooks/server/utils/limits.js","statementMap":{"0":{"start":{"line":3,"column":0},"end":{"line":5,"column":3}},"1":{"start":{"line":6,"column":0},"end":{"line":19,"column":2}}},"fnMap":{},"branchMap":{},"s":{"0":1,"1":1},"f":{},"b":{},"_coverageSchema":"332fd63041d2c1bcb487cc26dd0d5f7d97098a6c","hash":"7c9d5f56c202c0846b0d4bc53fec6f0493a9d3a3","contentHash":"5289ea50f2d44b400bb55948c6829749_11.2.1"},"/Users/andeladeveloper/Desktop/HelloBooks/server/middleware/errorMessages.js":{"path":"/Users/andeladeveloper/Desktop/HelloBooks/server/middleware/errorMessages.js","statementMap":{"0":{"start":{"line":3,"column":0},"end":{"line":5,"column":3}},"1":{"start":{"line":12,"column":2},"end":{"line":22,"column":3}},"2":{"start":{"line":13,"column":4},"end":{"line":16,"column":6}},"3":{"start":{"line":17,"column":9},"end":{"line":22,"column":3}},"4":{"start":{"line":18,"column":4},"end":{"line":21,"column":6}},"5":{"start":{"line":23,"column":2},"end":{"line":23,"column":20}},"6":{"start":{"line":26,"column":0},"end":{"line":26,"column":32}}},"fnMap":{"0":{"name":"errorMessages","decl":{"start":{"line":11,"column":9},"end":{"line":11,"column":22}},"loc":{"start":{"line":11,"column":30},"end":{"line":24,"column":1}},"line":11}},"branchMap":{"0":{"loc":{"start":{"line":12,"column":2},"end":{"line":22,"column":3}},"type":"if","locations":[{"start":{"line":12,"column":2},"end":{"line":22,"column":3}},{"start":{"line":12,"column":2},"end":{"line":22,"column":3}}],"line":12},"1":{"loc":{"start":{"line":17,"column":9},"end":{"line":22,"column":3}},"type":"if","locations":[{"start":{"line":17,"column":9},"end":{"line":22,"column":3}},{"start":{"line":17,"column":9},"end":{"line":22,"column":3}}],"line":17}},"s":{"0":1,"1":21,"2":3,"3":18,"4":18,"5":0,"6":1},"f":{"0":21},"b":{"0":[3,18],"1":[18,0]},"_coverageSchema":"332fd63041d2c1bcb487cc26dd0d5f7d97098a6c","hash":"913b149759d1a4d003326a5ba07c04c610fffe3d","contentHash":"ce2ef77167afc02a7174781f279a8b7d_11.2.1"},"/Users/andeladeveloper/Desktop/HelloBooks/server/controller/book.js":{"path":"/Users/andeladeveloper/Desktop/HelloBooks/server/controller/book.js","statementMap":{"0":{"start":{"line":3,"column":0},"end":{"line":5,"column":3}},"1":{"start":{"line":7,"column":19},"end":{"line":7,"column":563}},"2":{"start":{"line":7,"column":76},"end":{"line":7,"column":347}},"3":{"start":{"line":7,"column":134},"end":{"line":7,"column":142}},"4":{"start":{"line":7,"column":144},"end":{"line":7,"column":199}},"5":{"start":{"line":7,"column":200},"end":{"line":7,"column":231}},"6":{"start":{"line":7,"column":232},"end":{"line":7,"column":286}},"7":{"start":{"line":7,"column":259},"end":{"line":7,"column":286}},"8":{"start":{"line":7,"column":287},"end":{"line":7,"column":345}},"9":{"start":{"line":7,"column":350},"end":{"line":7,"column":559}},"10":{"start":{"line":7,"column":407},"end":{"line":7,"column":475}},"11":{"start":{"line":7,"column":423},"end":{"line":7,"column":475}},"12":{"start":{"line":7,"column":476},"end":{"line":7,"column":536}},"13":{"start":{"line":7,"column":493},"end":{"line":7,"column":536}},"14":{"start":{"line":7,"column":537},"end":{"line":7,"column":556}},"15":{"start":{"line":9,"column":14},"end":{"line":9,"column":34}},"16":{"start":{"line":11,"column":15},"end":{"line":11,"column":46}},"17":{"start":{"line":13,"column":21},"end":{"line":13,"column":59}},"18":{"start":{"line":15,"column":22},"end":{"line":15,"column":60}},"19":{"start":{"line":17,"column":39},"end":{"line":17,"column":93}},"20":{"start":{"line":19,"column":50},"end":{"line":19,"column":151}},"21":{"start":{"line":19,"column":92},"end":{"line":19,"column":149}},"22":{"start":{"line":21,"column":16},"end":{"line":21,"column":38}},"23":{"start":{"line":22,"column":20},"end":{"line":22,"column":50}},"24":{"start":{"line":23,"column":20},"end":{"line":23,"column":47}},"25":{"start":{"line":30,"column":11},"end":{"line":367,"column":3}},"26":{"start":{"line":32,"column":4},"end":{"line":32,"column":32}},"27":{"start":{"line":35,"column":2},"end":{"line":364,"column":6}},"28":{"start":{"line":44,"column":6},"end":{"line":60,"column":9}},"29":{"start":{"line":45,"column":8},"end":{"line":45,"column":70}},"30":{"start":{"line":49,"column":28},"end":{"line":49,"column":63}},"31":{"start":{"line":50,"column":8},"end":{"line":59,"column":9}},"32":{"start":{"line":52,"column":12},"end":{"line":52,"column":67}},"33":{"start":{"line":53,"column":12},"end":{"line":53,"column":18}},"34":{"start":{"line":55,"column":12},"end":{"line":55,"column":67}},"35":{"start":{"line":56,"column":12},"end":{"line":56,"column":18}},"36":{"start":{"line":58,"column":12},"end":{"line":58,"column":67}},"37":{"start":{"line":72,"column":19},"end":{"line":72,"column":46}},"38":{"start":{"line":73,"column":6},"end":{"line":93,"column":9}},"39":{"start":{"line":74,"column":8},"end":{"line":90,"column":9}},"40":{"start":{"line":75,"column":10},"end":{"line":75,"column":97}},"41":{"start":{"line":77,"column":10},"end":{"line":89,"column":13}},"42":{"start":{"line":78,"column":12},"end":{"line":86,"column":13}},"43":{"start":{"line":79,"column":14},"end":{"line":79,"column":82}},"44":{"start":{"line":80,"column":19},"end":{"line":86,"column":13}},"45":{"start":{"line":81,"column":14},"end":{"line":85,"column":17}},"46":{"start":{"line":82,"column":16},"end":{"line":84,"column":19}},"47":{"start":{"line":83,"column":18},"end":{"line":83,"column":114}},"48":{"start":{"line":88,"column":12},"end":{"line":88,"column":53}},"49":{"start":{"line":92,"column":8},"end":{"line":92,"column":49}},"50":{"start":{"line":106,"column":19},"end":{"line":106,"column":46}},"51":{"start":{"line":107,"column":6},"end":{"line":117,"column":9}},"52":{"start":{"line":108,"column":8},"end":{"line":114,"column":9}},"53":{"start":{"line":109,"column":10},"end":{"line":113,"column":13}},"54":{"start":{"line":110,"column":12},"end":{"line":110,"column":73}},"55":{"start":{"line":112,"column":12},"end":{"line":112,"column":51}},"56":{"start":{"line":116,"column":8},"end":{"line":116,"column":27}},"57":{"start":{"line":129,"column":6},"end":{"line":133,"column":9}},"58":{"start":{"line":130,"column":8},"end":{"line":130,"column":50}},"59":{"start":{"line":132,"column":8},"end":{"line":132,"column":57}},"60":{"start":{"line":145,"column":6},"end":{"line":150,"column":9}},"61":{"start":{"line":147,"column":8},"end":{"line":147,"column":50}},"62":{"start":{"line":149,"column":8},"end":{"line":149,"column":57}},"63":{"start":{"line":162,"column":6},"end":{"line":167,"column":9}},"64":{"start":{"line":164,"column":8},"end":{"line":164,"column":50}},"65":{"start":{"line":166,"column":8},"end":{"line":166,"column":57}},"66":{"start":{"line":180,"column":19},"end":{"line":180,"column":32}},"67":{"start":{"line":181,"column":6},"end":{"line":189,"column":9}},"68":{"start":{"line":182,"column":8},"end":{"line":186,"column":9}},"69":{"start":{"line":183,"column":10},"end":{"line":183,"column":91}},"70":{"start":{"line":185,"column":10},"end":{"line":185,"column":50}},"71":{"start":{"line":188,"column":8},"end":{"line":188,"column":49}},"72":{"start":{"line":201,"column":18},"end":{"line":206,"column":7}},"73":{"start":{"line":207,"column":21},"end":{"line":217,"column":7}},"74":{"start":{"line":219,"column":6},"end":{"line":230,"column":9}},"75":{"start":{"line":220,"column":8},"end":{"line":220,"column":74}},"76":{"start":{"line":220,"column":19},"end":{"line":220,"column":74}},"77":{"start":{"line":221,"column":8},"end":{"line":229,"column":11}},"78":{"start":{"line":222,"column":10},"end":{"line":224,"column":11}},"79":{"start":{"line":223,"column":12},"end":{"line":223,"column":91}},"80":{"start":{"line":226,"column":10},"end":{"line":226,"column":56}},"81":{"start":{"line":228,"column":10},"end":{"line":228,"column":54}},"82":{"start":{"line":242,"column":6},"end":{"line":253,"column":9}},"83":{"start":{"line":243,"column":8},"end":{"line":250,"column":19}},"84":{"start":{"line":244,"column":10},"end":{"line":247,"column":11}},"85":{"start":{"line":245,"column":12},"end":{"line":246,"column":57}},"86":{"start":{"line":249,"column":10},"end":{"line":249,"column":77}},"87":{"start":{"line":252,"column":8},"end":{"line":252,"column":49}},"88":{"start":{"line":265,"column":6},"end":{"line":289,"column":9}},"89":{"start":{"line":269,"column":8},"end":{"line":288,"column":9}},"90":{"start":{"line":270,"column":10},"end":{"line":271,"column":73}},"91":{"start":{"line":273,"column":10},"end":{"line":287,"column":13}},"92":{"start":{"line":274,"column":12},"end":{"line":286,"column":13}},"93":{"start":{"line":275,"column":14},"end":{"line":285,"column":17}},"94":{"start":{"line":276,"column":16},"end":{"line":282,"column":19}},"95":{"start":{"line":277,"column":18},"end":{"line":279,"column":19}},"96":{"start":{"line":278,"column":20},"end":{"line":278,"column":80}},"97":{"start":{"line":281,"column":18},"end":{"line":281,"column":57}},"98":{"start":{"line":284,"column":16},"end":{"line":284,"column":55}},"99":{"start":{"line":302,"column":6},"end":{"line":318,"column":9}},"100":{"start":{"line":303,"column":8},"end":{"line":305,"column":9}},"101":{"start":{"line":304,"column":10},"end":{"line":304,"column":64}},"102":{"start":{"line":307,"column":28},"end":{"line":307,"column":63}},"103":{"start":{"line":308,"column":8},"end":{"line":317,"column":9}},"104":{"start":{"line":310,"column":12},"end":{"line":310,"column":65}},"105":{"start":{"line":311,"column":12},"end":{"line":311,"column":18}},"106":{"start":{"line":313,"column":12},"end":{"line":313,"column":65}},"107":{"start":{"line":314,"column":12},"end":{"line":314,"column":18}},"108":{"start":{"line":316,"column":12},"end":{"line":316,"column":65}},"109":{"start":{"line":331,"column":6},"end":{"line":337,"column":9}},"110":{"start":{"line":332,"column":8},"end":{"line":334,"column":9}},"111":{"start":{"line":333,"column":10},"end":{"line":333,"column":59}},"112":{"start":{"line":336,"column":8},"end":{"line":336,"column":67}},"113":{"start":{"line":350,"column":6},"end":{"line":362,"column":9}},"114":{"start":{"line":351,"column":8},"end":{"line":359,"column":9}},"115":{"start":{"line":352,"column":10},"end":{"line":356,"column":13}},"116":{"start":{"line":353,"column":12},"end":{"line":353,"column":66}},"117":{"start":{"line":355,"column":12},"end":{"line":355,"column":66}},"118":{"start":{"line":358,"column":10},"end":{"line":358,"column":71}},"119":{"start":{"line":361,"column":8},"end":{"line":361,"column":65}},"120":{"start":{"line":366,"column":2},"end":{"line":366,"column":14}},"121":{"start":{"line":369,"column":0},"end":{"line":369,"column":23}}},"fnMap":{"0":{"name":"(anonymous_0)","decl":{"start":{"line":7,"column":19},"end":{"line":7,"column":20}},"loc":{"start":{"line":7,"column":31},"end":{"line":7,"column":561}},"line":7},"1":{"name":"defineProperties","decl":{"start":{"line":7,"column":42},"end":{"line":7,"column":58}},"loc":{"start":{"line":7,"column":74},"end":{"line":7,"column":349}},"line":7},"2":{"name":"(anonymous_2)","decl":{"start":{"line":7,"column":357},"end":{"line":7,"column":358}},"loc":{"start":{"line":7,"column":405},"end":{"line":7,"column":558}},"line":7},"3":{"name":"_interopRequireDefault","decl":{"start":{"line":17,"column":9},"end":{"line":17,"column":31}},"loc":{"start":{"line":17,"column":37},"end":{"line":17,"column":95}},"line":17},"4":{"name":"_classCallCheck","decl":{"start":{"line":19,"column":9},"end":{"line":19,"column":24}},"loc":{"start":{"line":19,"column":48},"end":{"line":19,"column":153}},"line":19},"5":{"name":"(anonymous_5)","decl":{"start":{"line":30,"column":11},"end":{"line":30,"column":12}},"loc":{"start":{"line":30,"column":23},"end":{"line":367,"column":1}},"line":30},"6":{"name":"Book","decl":{"start":{"line":31,"column":11},"end":{"line":31,"column":15}},"loc":{"start":{"line":31,"column":18},"end":{"line":33,"column":3}},"line":31},"7":{"name":"addBook","decl":{"start":{"line":43,"column":20},"end":{"line":43,"column":27}},"loc":{"start":{"line":43,"column":38},"end":{"line":61,"column":5}},"line":43},"8":{"name":"(anonymous_8)","decl":{"start":{"line":44,"column":38},"end":{"line":44,"column":39}},"loc":{"start":{"line":44,"column":54},"end":{"line":46,"column":7}},"line":44},"9":{"name":"(anonymous_9)","decl":{"start":{"line":46,"column":15},"end":{"line":46,"column":16}},"loc":{"start":{"line":46,"column":32},"end":{"line":60,"column":7}},"line":46},"10":{"name":"deleteBook","decl":{"start":{"line":71,"column":20},"end":{"line":71,"column":30}},"loc":{"start":{"line":71,"column":41},"end":{"line":94,"column":5}},"line":71},"11":{"name":"(anonymous_11)","decl":{"start":{"line":73,"column":85},"end":{"line":73,"column":86}},"loc":{"start":{"line":73,"column":105},"end":{"line":91,"column":7}},"line":73},"12":{"name":"(anonymous_12)","decl":{"start":{"line":77,"column":78},"end":{"line":77,"column":79}},"loc":{"start":{"line":77,"column":95},"end":{"line":87,"column":11}},"line":77},"13":{"name":"(anonymous_13)","decl":{"start":{"line":81,"column":86},"end":{"line":81,"column":87}},"loc":{"start":{"line":81,"column":98},"end":{"line":85,"column":15}},"line":81},"14":{"name":"(anonymous_14)","decl":{"start":{"line":82,"column":41},"end":{"line":82,"column":42}},"loc":{"start":{"line":82,"column":61},"end":{"line":84,"column":17}},"line":82},"15":{"name":"(anonymous_15)","decl":{"start":{"line":87,"column":19},"end":{"line":87,"column":20}},"loc":{"start":{"line":87,"column":36},"end":{"line":89,"column":11}},"line":87},"16":{"name":"(anonymous_16)","decl":{"start":{"line":91,"column":15},"end":{"line":91,"column":16}},"loc":{"start":{"line":91,"column":32},"end":{"line":93,"column":7}},"line":91},"17":{"name":"enableBook","decl":{"start":{"line":105,"column":20},"end":{"line":105,"column":30}},"loc":{"start":{"line":105,"column":41},"end":{"line":118,"column":5}},"line":105},"18":{"name":"(anonymous_18)","decl":{"start":{"line":107,"column":38},"end":{"line":107,"column":39}},"loc":{"start":{"line":107,"column":58},"end":{"line":115,"column":7}},"line":107},"19":{"name":"(anonymous_19)","decl":{"start":{"line":109,"column":81},"end":{"line":109,"column":82}},"loc":{"start":{"line":109,"column":93},"end":{"line":111,"column":11}},"line":109},"20":{"name":"(anonymous_20)","decl":{"start":{"line":111,"column":19},"end":{"line":111,"column":20}},"loc":{"start":{"line":111,"column":36},"end":{"line":113,"column":11}},"line":111},"21":{"name":"(anonymous_21)","decl":{"start":{"line":115,"column":15},"end":{"line":115,"column":16}},"loc":{"start":{"line":115,"column":32},"end":{"line":117,"column":7}},"line":115},"22":{"name":"getBook","decl":{"start":{"line":128,"column":20},"end":{"line":128,"column":27}},"loc":{"start":{"line":128,"column":38},"end":{"line":134,"column":5}},"line":128},"23":{"name":"(anonymous_23)","decl":{"start":{"line":129,"column":97},"end":{"line":129,"column":98}},"loc":{"start":{"line":129,"column":117},"end":{"line":131,"column":7}},"line":129},"24":{"name":"(anonymous_24)","decl":{"start":{"line":131,"column":15},"end":{"line":131,"column":16}},"loc":{"start":{"line":131,"column":32},"end":{"line":133,"column":7}},"line":131},"25":{"name":"getAllBooks","decl":{"start":{"line":144,"column":20},"end":{"line":144,"column":31}},"loc":{"start":{"line":144,"column":42},"end":{"line":151,"column":5}},"line":144},"26":{"name":"(anonymous_26)","decl":{"start":{"line":146,"column":50},"end":{"line":146,"column":51}},"loc":{"start":{"line":146,"column":70},"end":{"line":148,"column":7}},"line":146},"27":{"name":"(anonymous_27)","decl":{"start":{"line":148,"column":15},"end":{"line":148,"column":16}},"loc":{"start":{"line":148,"column":32},"end":{"line":150,"column":7}},"line":148},"28":{"name":"getBorrowedBooks","decl":{"start":{"line":161,"column":20},"end":{"line":161,"column":36}},"loc":{"start":{"line":161,"column":47},"end":{"line":168,"column":5}},"line":161},"29":{"name":"(anonymous_29)","decl":{"start":{"line":163,"column":54},"end":{"line":163,"column":55}},"loc":{"start":{"line":163,"column":74},"end":{"line":165,"column":7}},"line":163},"30":{"name":"(anonymous_30)","decl":{"start":{"line":165,"column":15},"end":{"line":165,"column":16}},"loc":{"start":{"line":165,"column":32},"end":{"line":167,"column":7}},"line":165},"31":{"name":"getBookById","decl":{"start":{"line":179,"column":20},"end":{"line":179,"column":31}},"loc":{"start":{"line":179,"column":42},"end":{"line":190,"column":5}},"line":179},"32":{"name":"(anonymous_32)","decl":{"start":{"line":181,"column":74},"end":{"line":181,"column":75}},"loc":{"start":{"line":181,"column":90},"end":{"line":187,"column":7}},"line":181},"33":{"name":"(anonymous_33)","decl":{"start":{"line":187,"column":15},"end":{"line":187,"column":16}},"loc":{"start":{"line":187,"column":32},"end":{"line":189,"column":7}},"line":187},"34":{"name":"modifyBook","decl":{"start":{"line":200,"column":20},"end":{"line":200,"column":30}},"loc":{"start":{"line":200,"column":41},"end":{"line":231,"column":5}},"line":200},"35":{"name":"(anonymous_35)","decl":{"start":{"line":219,"column":36},"end":{"line":219,"column":37}},"loc":{"start":{"line":219,"column":52},"end":{"line":230,"column":7}},"line":219},"36":{"name":"(anonymous_36)","decl":{"start":{"line":221,"column":35},"end":{"line":221,"column":36}},"loc":{"start":{"line":221,"column":54},"end":{"line":225,"column":9}},"line":221},"37":{"name":"(anonymous_37)","decl":{"start":{"line":225,"column":17},"end":{"line":225,"column":18}},"loc":{"start":{"line":225,"column":34},"end":{"line":227,"column":9}},"line":225},"38":{"name":"(anonymous_38)","decl":{"start":{"line":227,"column":17},"end":{"line":227,"column":18}},"loc":{"start":{"line":227,"column":34},"end":{"line":229,"column":9}},"line":227},"39":{"name":"borrowBook","decl":{"start":{"line":241,"column":20},"end":{"line":241,"column":30}},"loc":{"start":{"line":241,"column":41},"end":{"line":254,"column":5}},"line":241},"40":{"name":"(anonymous_40)","decl":{"start":{"line":242,"column":42},"end":{"line":242,"column":43}},"loc":{"start":{"line":242,"column":62},"end":{"line":251,"column":7}},"line":242},"41":{"name":"(anonymous_41)","decl":{"start":{"line":243,"column":125},"end":{"line":243,"column":126}},"loc":{"start":{"line":243,"column":146},"end":{"line":248,"column":9}},"line":243},"42":{"name":"(anonymous_42)","decl":{"start":{"line":248,"column":17},"end":{"line":248,"column":18}},"loc":{"start":{"line":248,"column":34},"end":{"line":250,"column":9}},"line":248},"43":{"name":"(anonymous_43)","decl":{"start":{"line":251,"column":15},"end":{"line":251,"column":16}},"loc":{"start":{"line":251,"column":32},"end":{"line":253,"column":7}},"line":251},"44":{"name":"returnBook","decl":{"start":{"line":264,"column":20},"end":{"line":264,"column":30}},"loc":{"start":{"line":264,"column":41},"end":{"line":290,"column":5}},"line":264},"45":{"name":"(anonymous_45)","decl":{"start":{"line":268,"column":40},"end":{"line":268,"column":41}},"loc":{"start":{"line":268,"column":60},"end":{"line":289,"column":7}},"line":268},"46":{"name":"(anonymous_46)","decl":{"start":{"line":273,"column":103},"end":{"line":273,"column":104}},"loc":{"start":{"line":273,"column":123},"end":{"line":287,"column":11}},"line":273},"47":{"name":"(anonymous_47)","decl":{"start":{"line":275,"column":55},"end":{"line":275,"column":56}},"loc":{"start":{"line":275,"column":76},"end":{"line":283,"column":15}},"line":275},"48":{"name":"(anonymous_48)","decl":{"start":{"line":276,"column":123},"end":{"line":276,"column":124}},"loc":{"start":{"line":276,"column":142},"end":{"line":280,"column":17}},"line":276},"49":{"name":"(anonymous_49)","decl":{"start":{"line":280,"column":25},"end":{"line":280,"column":26}},"loc":{"start":{"line":280,"column":42},"end":{"line":282,"column":17}},"line":280},"50":{"name":"(anonymous_50)","decl":{"start":{"line":283,"column":23},"end":{"line":283,"column":24}},"loc":{"start":{"line":283,"column":40},"end":{"line":285,"column":15}},"line":283},"51":{"name":"addCategory","decl":{"start":{"line":301,"column":20},"end":{"line":301,"column":31}},"loc":{"start":{"line":301,"column":42},"end":{"line":319,"column":5}},"line":301},"52":{"name":"(anonymous_52)","decl":{"start":{"line":302,"column":42},"end":{"line":302,"column":43}},"loc":{"start":{"line":302,"column":62},"end":{"line":306,"column":7}},"line":302},"53":{"name":"(anonymous_53)","decl":{"start":{"line":306,"column":15},"end":{"line":306,"column":16}},"loc":{"start":{"line":306,"column":32},"end":{"line":318,"column":7}},"line":306},"54":{"name":"getCategories","decl":{"start":{"line":330,"column":20},"end":{"line":330,"column":33}},"loc":{"start":{"line":330,"column":44},"end":{"line":338,"column":5}},"line":330},"55":{"name":"(anonymous_55)","decl":{"start":{"line":331,"column":35},"end":{"line":331,"column":36}},"loc":{"start":{"line":331,"column":57},"end":{"line":335,"column":7}},"line":331},"56":{"name":"(anonymous_56)","decl":{"start":{"line":335,"column":15},"end":{"line":335,"column":16}},"loc":{"start":{"line":335,"column":32},"end":{"line":337,"column":7}},"line":335},"57":{"name":"deleteCategory","decl":{"start":{"line":349,"column":20},"end":{"line":349,"column":34}},"loc":{"start":{"line":349,"column":45},"end":{"line":363,"column":5}},"line":349},"58":{"name":"(anonymous_58)","decl":{"start":{"line":350,"column":47},"end":{"line":350,"column":48}},"loc":{"start":{"line":350,"column":67},"end":{"line":360,"column":7}},"line":350},"59":{"name":"(anonymous_59)","decl":{"start":{"line":352,"column":69},"end":{"line":352,"column":70}},"loc":{"start":{"line":352,"column":81},"end":{"line":354,"column":11}},"line":352},"60":{"name":"(anonymous_60)","decl":{"start":{"line":354,"column":19},"end":{"line":354,"column":20}},"loc":{"start":{"line":354,"column":36},"end":{"line":356,"column":11}},"line":354},"61":{"name":"(anonymous_61)","decl":{"start":{"line":360,"column":15},"end":{"line":360,"column":16}},"loc":{"start":{"line":360,"column":32},"end":{"line":362,"column":7}},"line":360}},"branchMap":{"0":{"loc":{"start":{"line":7,"column":168},"end":{"line":7,"column":198}},"type":"binary-expr","locations":[{"start":{"line":7,"column":168},"end":{"line":7,"column":189}},{"start":{"line":7,"column":193},"end":{"line":7,"column":198}}],"line":7},"1":{"loc":{"start":{"line":7,"column":232},"end":{"line":7,"column":286}},"type":"if","locations":[{"start":{"line":7,"column":232},"end":{"line":7,"column":286}},{"start":{"line":7,"column":232},"end":{"line":7,"column":286}}],"line":7},"2":{"loc":{"start":{"line":7,"column":407},"end":{"line":7,"column":475}},"type":"if","locations":[{"start":{"line":7,"column":407},"end":{"line":7,"column":475}},{"start":{"line":7,"column":407},"end":{"line":7,"column":475}}],"line":7},"3":{"loc":{"start":{"line":7,"column":476},"end":{"line":7,"column":536}},"type":"if","locations":[{"start":{"line":7,"column":476},"end":{"line":7,"column":536}},{"start":{"line":7,"column":476},"end":{"line":7,"column":536}}],"line":7},"4":{"loc":{"start":{"line":17,"column":46},"end":{"line":17,"column":92}},"type":"cond-expr","locations":[{"start":{"line":17,"column":70},"end":{"line":17,"column"
[...]
:{"line":17,"column":76},"end":{"line":17,"column":92}}],"line":17},"5":{"loc":{"start":{"line":17,"column":46},"end":{"line":17,"column":67}},"type":"binary-expr","locations":[{"start":{"line":17,"column":46},"end":{"line":17,"column":49}},{"start":{"line":17,"column":53},"end":{"line":17,"column":67}}],"line":17},"6":{"loc":{"start":{"line":19,"column":50},"end":{"line":19,"column":151}},"type":"if","locations":[{"start":{"line":19,"column":50},"end":{"line":19,"column":151}},{"start":{"line":19,"column":50},"end":{"line":19,"column":151}}],"line":19},"7":{"loc":{"start":{"line":50,"column":8},"end":{"line":59,"column":9}},"type":"switch","locations":[{"start":{"line":51,"column":10},"end":{"line":53,"column":18}},{"start":{"line":54,"column":10},"end":{"line":56,"column":18}},{"start":{"line":57,"column":10},"end":{"line":58,"column":67}}],"line":50},"8":{"loc":{"start":{"line":74,"column":8},"end":{"line":90,"column":9}},"type":"if","locations":[{"start":{"line":74,"column":8},"end":{"line":90,"column":9}},{"start":{"line":74,"column":8},"end":{"line":90,"column":9}}],"line":74},"9":{"loc":{"start":{"line":78,"column":12},"end":{"line":86,"column":13}},"type":"if","locations":[{"start":{"line":78,"column":12},"end":{"line":86,"column":13}},{"start":{"line":78,"column":12},"end":{"line":86,"column":13}}],"line":78},"10":{"loc":{"start":{"line":80,"column":19},"end":{"line":86,"column":13}},"type":"if","locations":[{"start":{"line":80,"column":19},"end":{"line":86,"column":13}},{"start":{"line":80,"column":19},"end":{"line":86,"column":13}}],"line":80},"11":{"loc":{"start":{"line":108,"column":8},"end":{"line":114,"column":9}},"type":"if","locations":[{"start":{"line":108,"column":8},"end":{"line":114,"column":9}},{"start":{"line":108,"column":8},"end":{"line":114,"column":9}}],"line":108},"12":{"loc":{"start":{"line":182,"column":8},"end":{"line":186,"column":9}},"type":"if","locations":[{"start":{"line":182,"column":8},"end":{"line":186,"column":9}},{"start":{"line":182,"column":8},"end":{"line":186,"column":9}}],"line":182},"13":{"loc":{"start":{"line":220,"column":8},"end":{"line":220,"column":74}},"type":"if","locations":[{"start":{"line":220,"column":8},"end":{"line":220,"column":74}},{"start":{"line":220,"column":8},"end":{"line":220,"column":74}}],"line":220},"14":{"loc":{"start":{"line":222,"column":10},"end":{"line":224,"column":11}},"type":"if","locations":[{"start":{"line":222,"column":10},"end":{"line":224,"column":11}},{"start":{"line":222,"column":10},"end":{"line":224,"column":11}}],"line":222},"15":{"loc":{"start":{"line":244,"column":10},"end":{"line":247,"column":11}},"type":"if","locations":[{"start":{"line":244,"column":10},"end":{"line":247,"column":11}},{"start":{"line":244,"column":10},"end":{"line":247,"column":11}}],"line":244},"16":{"loc":{"start":{"line":269,"column":8},"end":{"line":288,"column":9}},"type":"if","locations":[{"start":{"line":269,"column":8},"end":{"line":288,"column":9}},{"start":{"line":269,"column":8},"end":{"line":288,"column":9}}],"line":269},"17":{"loc":{"start":{"line":274,"column":12},"end":{"line":286,"column":13}},"type":"if","locations":[{"start":{"line":274,"column":12},"end":{"line":286,"column":13}},{"start":{"line":274,"column":12},"end":{"line":286,"column":13}}],"line":274},"18":{"loc":{"start":{"line":277,"column":18},"end":{"line":279,"column":19}},"type":"if","locations":[{"start":{"line":277,"column":18},"end":{"line":279,"column":19}},{"start":{"line":277,"column":18},"end":{"line":279,"column":19}}],"line":277},"19":{"loc":{"start":{"line":303,"column":8},"end":{"line":305,"column":9}},"type":"if","locations":[{"start":{"line":303,"column":8},"end":{"line":305,"column":9}},{"start":{"line":303,"column":8},"end":{"line":305,"column":9}}],"line":303},"20":{"loc":{"start":{"line":308,"column":8},"end":{"line":317,"column":9}},"type":"switch","locations":[{"start":{"line":309,"column":10},"end":{"line":311,"column":18}},{"start":{"line":312,"column":10},"end":{"line":314,"column":18}},{"start":{"line":315,"column":10},"end":{"line":316,"column":65}}],"line":308},"21":{"loc":{"start":{"line":332,"column":8},"end":{"line":334,"column":9}},"type":"if","locations":[{"start":{"line":332,"column":8},"end":{"line":334,"column":9}},{"start":{"line":332,"column":8},"end":{"line":334,"column":9}}],"line":332},"22":{"loc":{"start":{"line":351,"column":8},"end":{"line":359,"column":9}},"type":"if","locations":[{"start":{"line":351,"column":8},"end":{"line":359,"column":9}},{"start":{"line":351,"column":8},"end":{"line":359,"column":9}}],"line":351}},"s":{"0":1,"1":1,"2":1,"3":13,"4":13,"5":13,"6":13,"7":13,"8":13,"9":1,"10":1,"11":0,"12":1,"13":1,"14":1,"15":1,"16":1,"17":1,"18":1,"19":2,"20":0,"21":0,"22":1,"23":1,"24":1,"25":1,"26":0,"27":1,"28":7,"29":1,"30":6,"31":6,"32":1,"33":1,"34":5,"35":5,"36":0,"37":2,"38":2,"39":2,"40":0,"41":2,"42":2,"43":0,"44":2,"45":2,"46":2,"47":2,"48":0,"49":0,"50":1,"51":1,"52":1,"53":1,"54":1,"55":0,"56":0,"57":1,"58":1,"59":0,"60":1,"61":1,"62":0,"63":1,"64":1,"65":0,"66":1,"67":1,"68":1,"69":0,"70":1,"71":0,"72":1,"73":1,"74":1,"75":1,"76":0,"77":1,"78":1,"79":1,"80":0,"81":0,"82":1,"83":1,"84":1,"85":1,"86":0,"87":0,"88":1,"89":1,"90":0,"91":1,"92":1,"93":1,"94":1,"95":1,"96":1,"97":0,"98":0,"99":5,"100":1,"101":1,"102":4,"103":4,"104":1,"105":1,"106":3,"107":3,"108":0,"109":1,"110":1,"111":1,"112":0,"113":1,"114":1,"115":1,"116":1,"117":0,"118":0,"119":0,"120":1,"121":1},"f":{"0":1,"1":1,"2":1,"3":2,"4":0,"5":1,"6":0,"7":7,"8":1,"9":6,"10":2,"11":2,"12":2,"13":2,"14":2,"15":0,"16":0,"17":1,"18":1,"19":1,"20":0,"21":0,"22":1,"23":1,"24":0,"25":1,"26":1,"27":0,"28":1,"29":1,"30":0,"31":1,"32":1,"33":0,"34":1,"35":1,"36":1,"37":0,"38":0,"39":1,"40":1,"41":1,"42":0,"43":0,"44":1,"45":1,"46":1,"47":1,"48":1,"49":0,"50":0,"51":5,"52":1,"53":4,"54":1,"55":1,"56":0,"57":1,"58":1,"59":1,"60":0,"61":0},"b":{"0":[13,13],"1":[13,0],"2":[0,1],"3":[1,0],"4":[2,0],"5":[2,2],"6":[0,0],"7":[1,5,0],"8":[0,2],"9":[0,2],"10":[2,0],"11":[1,0],"12":[0,1],"13":[0,1],"14":[1,0],"15":[1,0],"16":[0,1],"17":[1,0],"18":[1,0],"19":[1,0],"20":[1,3,0],"21":[1,0],"22":[1,0]},"_coverageSchema":"332fd63041d2c1bcb487cc26dd0d5f7d97098a6c","hash":"5604f6eb95dc458c810e8abf202c8382e097a697","contentHash":"fd2504d8d938ad6bc1846516261b60aa_11.2.1"},"/Users/andeladeveloper/Desktop/HelloBooks/server/middleware/auth.js":{"path":"/Users/andeladeveloper/Desktop/HelloBooks/server/middleware/auth.js","statementMap":{"0":{"start":{"line":3,"column":0},"end":{"line":5,"column":3}},"1":{"start":{"line":7,"column":19},"end":{"line":7,"column":563}},"2":{"start":{"line":7,"column":76},"end":{"line":7,"column":347}},"3":{"start":{"line":7,"column":134},"end":{"line":7,"column":142}},"4":{"start":{"line":7,"column":144},"end":{"line":7,"column":199}},"5":{"start":{"line":7,"column":200},"end":{"line":7,"column":231}},"6":{"start":{"line":7,"column":232},"end":{"line":7,"column":286}},"7":{"start":{"line":7,"column":259},"end":{"line":7,"column":286}},"8":{"start":{"line":7,"column":287},"end":{"line":7,"column":345}},"9":{"start":{"line":7,"column":350},"end":{"line":7,"column":559}},"10":{"start":{"line":7,"column":407},"end":{"line":7,"column":475}},"11":{"start":{"line":7,"column":423},"end":{"line":7,"column":475}},"12":{"start":{"line":7,"column":476},"end":{"line":7,"column":536}},"13":{"start":{"line":7,"column":493},"end":{"line":7,"column":536}},"14":{"start":{"line":7,"column":537},"end":{"line":7,"column":556}},"15":{"start":{"line":9,"column":20},"end":{"line":9,"column":43}},"16":{"start":{"line":11,"column":21},"end":{"line":11,"column":58}},"17":{"start":{"line":13,"column":14},"end":{"line":13,"column":34}},"18":{"start":{"line":15,"column":15},"end":{"line":15,"column":46}},"19":{"start":{"line":17,"column":39},"end":{"line":17,"column":93}},"20":{"start":{"line":19,"column":50},"end":{"line":19,"column":151}},"21":{"start":{"line":19,"column":92},"end":{"line":19,"column":149}},"22":{"start":{"line":21,"column":0},"end":{"line":21,"column":27}},"23":{"start":{"line":23,"column":16},"end":{"line":23,"column":38}},"24":{"start":{"line":24,"column":13},"end":{"line":24,"column":31}},"25":{"start":{"line":31,"column":21},"end":{"line":112,"column":3}},"26":{"start":{"line":33,"column":4},"end":{"line":33,"column":42}},"27":{"start":{"line":36,"column":2},"end":{"line":109,"column":6}},"28":{"start":{"line":46,"column":6},"end":{"line":55,"column":7}},"29":{"start":{"line":47,"column":8},"end":{"line":47,"column":74}},"30":{"start":{"line":49,"column":22},"end":{"line":49,"column":86}},"31":{"start":{"line":50,"column":8},"end":{"line":54,"column":9}},"32":{"start":{"line":51,"column":10},"end":{"line":51,"column":76}},"33":{"start":{"line":53,"column":10},"end":{"line":53,"column":17}},"34":{"start":{"line":68,"column":6},"end":{"line":83,"column":7}},"35":{"start":{"line":69,"column":8},"end":{"line":69,"column":67}},"36":{"start":{"line":71,"column":22},"end":{"line":71,"column":86}},"37":{"start":{"line":72,"column":8},"end":{"line":82,"column":11}},"38":{"start":{"line":73,"column":10},"end":{"line":79,"column":11}},"39":{"start":{"line":74,"column":12},"end":{"line":74,"column":41}},"40":{"start":{"line":75,"column":12},"end":{"line":75,"column":48}},"41":{"start":{"line":76,"column":12},"end":{"line":76,"column":19}},"42":{"start":{"line":78,"column":12},"end":{"line":78,"column":69}},"43":{"start":{"line":81,"column":10},"end":{"line":81,"column":69}},"44":{"start":{"line":95,"column":6},"end":{"line":107,"column":7}},"45":{"start":{"line":96,"column":8},"end":{"line":96,"column":66}},"46":{"start":{"line":98,"column":8},"end":{"line":106,"column":11}},"47":{"start":{"line":99,"column":10},"end":{"line":103,"column":11}},"48":{"start":{"line":100,"column":12},"end":{"line":100,"column":78}},"49":{"start":{"line":102,"column":12},"end":{"line":102,"column":19}},"50":{"start":{"line":105,"column":10},"end":{"line":105,"column":69}},"51":{"start":{"line":111,"column":2},"end":{"line":111,"column":24}},"52":{"start":{"line":114,"column":0},"end":{"line":114,"column":33}}},"fnMap":{"0":{"name":"(anonymous_0)","decl":{"start":{"line":7,"column":19},"end":{"line":7,"column":20}},"loc":{"start":{"line":7,"column":31},"end":{"line":7,"column":561}},"line":7},"1":{"name":"defineProperties","decl":{"start":{"line":7,"column":42},"end":{"line":7,"column":58}},"loc":{"start":{"line":7,"column":74},"end":{"line":7,"column":349}},"line":7},"2":{"name":"(anonymous_2)","decl":{"start":{"line":7,"column":357},"end":{"line":7,"column":358}},"loc":{"start":{"line":7,"column":405},"end":{"line":7,"column":558}},"line":7},"3":{"name":"_interopRequireDefault","decl":{"start":{"line":17,"column":9},"end":{"line":17,"column":31}},"loc":{"start":{"line":17,"column":37},"end":{"line":17,"column":95}},"line":17},"4":{"name":"_classCallCheck","decl":{"start":{"line":19,"column":9},"end":{"line":19,"column":24}},"loc":{"start":{"line":19,"column":48},"end":{"line":19,"column":153}},"line":19},"5":{"name":"(anonymous_5)","decl":{"start":{"line":31,"column":21},"end":{"line":31,"column":22}},"loc":{"start":{"line":31,"column":33},"end":{"line":112,"column":1}},"line":31},"6":{"name":"Authentication","decl":{"start":{"line":32,"column":11},"end":{"line":32,"column":25}},"loc":{"start":{"line":32,"column":28},"end":{"line":34,"column":3}},"line":32},"7":{"name":"verifyAdmin","decl":{"start":{"line":45,"column":20},"end":{"line":45,"column":31}},"loc":{"start":{"line":45,"column":48},"end":{"line":56,"column":5}},"line":45},"8":{"name":"verifyUser","decl":{"start":{"line":67,"column":20},"end":{"line":67,"column":30}},"loc":{"start":{"line":67,"column":47},"end":{"line":84,"column":5}},"line":67},"9":{"name":"(anonymous_9)","decl":{"start":{"line":72,"column":84},"end":{"line":72,"column":85}},"loc":{"start":{"line":72,"column":100},"end":{"line":80,"column":9}},"line":72},"10":{"name":"(anonymous_10)","decl":{"start":{"line":80,"column":17},"end":{"line":80,"column":18}},"loc":{"start":{"line":80,"column":34},"end":{"line":82,"column":9}},"line":80},"11":{"name":"verifyUrl","decl":{"start":{"line":94,"column":20},"end":{"line":94,"column":29}},"loc":{"start":{"line":94,"column":46},"end":{"line":108,"column":5}},"line":94},"12":{"name":"(anonymous_12)","decl":{"start":{"line":98,"column":76},"end":{"line":98,"column":77}},"loc":{"start":{"line":98,"column":96},"end":{"line":104,"column":9}},"line":98},"13":{"name":"(anonymous_13)","decl":{"start":{"line":104,"column":17},"end":{"line":104,"column":18}},"loc":{"start":{"line":104,"column":29},"end":{"line":106,"column":9}},"line":104}},"branchMap":{"0":{"loc":{"start":{"line":7,"column":168},"end":{"line":7,"column":198}},"type":"binary-expr","locations":[{"start":{"line":7,"column":168},"end":{"line":7,"column":189}},{"start":{"line":7,"column":193},"end":{"line":7,"column":198}}],"line":7},"1":{"loc":{"start":{"line":7,"column":232},"end":{"line":7,"column":286}},"type":"if","locations":[{"start":{"line":7,"column":232},"end":{"line":7,"column":286}},{"start":{"line":7,"column":232},"end":{"line":7,"column":286}}],"line":7},"2":{"loc":{"start":{"line":7,"column":407},"end":{"line":7,"column":475}},"type":"if","locations":[{"start":{"line":7,"column":407},"end":{"line":7,"column":475}},{"start":{"line":7,"column":407},"end":{"line":7,"column":475}}],"line":7},"3":{"loc":{"start":{"line":7,"column":476},"end":{"line":7,"column":536}},"type":"if","locations":[{"start":{"line":7,"column":476},"end":{"line":7,"column":536}},{"start":{"line":7,"column":476},"end":{"line":7,"column":536}}],"line":7},"4":{"loc":{"start":{"line":17,"column":46},"end":{"line":17,"column":92}},"type":"cond-expr","locations":[{"start":{"line":17,"column":70},"end":{"line":17,"column":73}},{"start":{"line":17,"column":76},"end":{"line":17,"column":92}}],"line":17},"5":{"loc":{"start":{"line":17,"column":46},"end":{"line":17,"column":67}},"type":"binary-expr","locations":[{"start":{"line":17,"column":46},"end":{"line":17,"column":49}},{"start":{"line":17,"column":53},"end":{"line":17,"column":67}}],"line":17},"6":{"loc":{"start":{"line":19,"column":50},"end":{"line":19,"column":151}},"type":"if","locations":[{"start":{"line":19,"column":50},"end":{"line":19,"column":151}},{"start":{"line":19,"column":50},"end":{"line":19,"column":151}}],"line":19},"7":{"loc":{"start":{"line":46,"column":6},"end":{"line":55,"column":7}},"type":"if","locations":[{"start":{"line":46,"column":6},"end":{"line":55,"column":7}},{"start":{"line":46,"column":6},"end":{"line":55,"column":7}}],"line":46},"8":{"loc":{"start":{"line":50,"column":8},"end":{"line":54,"column":9}},"type":"if","locations":[{"start":{"line":50,"column":8},"end":{"line":54,"column":9}},{"start":{"line":50,"column":8},"end":{"line":54,"column":9}}],"line":50},"9":{"loc":{"start":{"line":68,"column":6},"end":{"line":83,"column":7}},"type":"if","locations":[{"start":{"line":68,"column":6},"end":{"line":83,"column":7}},{"start":{"line":68,"column":6},"end":{"line":83,"column":7}}],"line":68},"10":{"loc":{"start":{"line":73,"column":10},"end":{"line":79,"column":11}},"type":"if","locations":[{"start":{"line":73,"column":10},"end":{"line":79,"column":11}},{"start":{"line":73,"column":10},"end":{"line":79,"column":11}}],"line":73},"11":{"loc":{"start":{"line":95,"column":6},"end":{"line":107,"column":7}},"type":"if","locations":[{"start":{"line":95,"column":6},"end":{"line":107,"column":7}},{"start":{"line":95,"column":6},"end":{"line":107,"column":7}}],"line":95},"12":{"loc":{"start":{"line":99,"column":10},"end":{"line":103,"column":11}},"type":"if","locations":[{"start":{"line":99,"column":10},"end":{"line":103,"column":11}},{"start":{"line":99,"column":10},"end":{"line":103,"column":11}}],"line":99}},"s":{"0":1,"1":1,"2":1,"3":3,"4":3,"5":3,"6":3,"7":3,"8":3,"9":1,"10":1,"11":0,"12":1,"13":1,"14":1,"15":1,"16":1,"17":1,"18":1,"19":2,"20":0,"21":0,"22":1,"23":1,"24":1,"25":1,"26":0,"27":1,"28":21,"29":0,"30":21,"31":21,"32":0,"33":21,"34":10,"35":1,"36":9,"37":9,"38":9,"39":9,"40":9,"41":9,"42":0,"43":0,"44":0,"45":0,"46":0,"47":0,"48":0,"49":0,"50":0,"51":1,"52":1},"f":{"0":1,"1":1,"2":1,"3":2,"4":0,"5":1,"6":0,"7":21,"8":10,"9":9,"10":0,"11":0,"12":0,"13":0},"b":{"0":[3,3],"1":[3,0],"2":[0,1],"3":[1,0],"4":[1,1],"5":[2,2],"6":[0,0],"7":[0,21],"8":[0,21],"9":[1,9],"10":[9,0],"11":[0,0],"12":[0,0]},"_coverageSchema":"332fd63041d2c1bcb487cc26dd0d5f7d97098a6c","hash":"0002886a1591076bc35c60410149c4aae3d9fec5","contentHash":"3acec2d7d28104181750a54d622e80ce_11.2.1"},"/Users/andeladeveloper/Desktop/HelloBooks/server/utils/mockdata.js":{"path":"/Users/andeladeveloper/Desktop/HelloBooks/server/utils/mockdata.js","statementMap":{"0":{"start":{"line":3,"column":0},"end":{"line":5,"column":3}},"1":{"start":{"line":6,"column":15},"end":{"line":359,"column":1}},"2":{"start":{"line":361,"column":0},"end":{"line":361,"column":27}}},"fnMap":{},"branchMap":{},"s":{"0":1,"1":1,"2":1},"f":{},"b":{},"_coverageSchema":"332fd63041d2c1bcb487cc26dd0d5f7d97098a6c","hash":"23723f372e7615bf8825eaeed87392c8285a88c6","contentHash":"43ff3b01cb82256ada6d5f52a4acc1d3_11.2.1"},"/Users/andeladeveloper/Desktop/HelloBooks/server/seeds/users.js":{"path":"/Users/andeladeveloper/Desktop/HelloBooks/server/seeds/users.js","statementMap":{"0":{"start":{"line":3,"column":0},"end":{"line":5,"column":3}},"1":{"start":{"line":7,"column":13},"end":{"line":7,"column":29}},"2":{"start":{"line":9,"column":14},"end":{"line":9,"column":44}},"3":{"start":{"line":11,"column":39},"end":{"line":11,"column":93}},"4":{"start":{"line":13,"column":12},"end":{"line":37,"column":2}},"5":{"start":{"line":39,"column":19},"end":{"line":75,"column":2}},"6":{"start":{"line":77,"column":0},"end":{"line":80,"column":2}}},"fnMap":{"0":{"name":"_interopRequireDefault","decl":{"start":{"line":11,"column":9},"end":{"line":11,"column":31}},"loc":{"start":{"line":11,"column":37},"end":{"line":11,"column":95}},"line":11}},"branchMap":{"0":{"loc":{"start":{"line":11,"column":46},"end":{"line":11,"column":92}},"type":"cond-expr","locations":[{"start":{"line":11,"column":70},"end":{"line":11,"column":73}},{"start":{"line":11,"column":76},"end":{"line":11,"column":92}}],"line":11},"1":{"loc":{"start":{"line":11,"column":46},"end":{"line":11,"column":67}},"type":"binary-expr","locations":[{"start":{"line":11,"column":46},"end":{"line":11,"column":49}},{"start":{"line":11,"column":53},"end":{"line":11,"column":67}}],"line":11}},"s":{"0":1,"1":1,"2":1,"3":1,"4":1,"5":1,"6":1},"f":{"0":1},"b":{"0":[0,1],"1":[1,1]},"_coverageSchema":"332fd63041d2c1bcb487cc26dd0d5f7d97098a6c","hash":"7b63c9d89700be88660f6a7786a8679c5745b7a7","contentHash":"1414b981ded309a9407757147e6597f3_11.2.1"},"/Users/andeladeveloper/Desktop/HelloBooks/server/seeds/books.js":{"path":"/Users/andeladeveloper/Desktop/HelloBooks/server/seeds/books.js","statementMap":{"0":{"start":{"line":3,"column":0},"end":{"line":5,"column":3}},"1":{"start":{"line":6,"column":12},"end":{"line":61,"column":2}},"2":{"start":{"line":63,"column":19},"end":{"line":85,"column":2}},"3":{"start":{"line":87,"column":0},"end":{"line":90,"column":2}}},"fnMap":{},"branchMap":{},"s":{"0":1,"1":1,"2":1,"3":1},"f":{},"b":{},"_coverageSchema":"332fd63041d2c1bcb487cc26dd0d5f7d97098a6c","hash":"ad11e305ac350db836ffa3675867eed3e537ab25","contentHash":"50b56e569900f3e91cc1411318271598_11.2.1"},"/Users/andeladeveloper/Desktop/HelloBooks/server/seeds/category.js":{"path":"/Users/andeladeveloper/Desktop/HelloBooks/server/seeds/category.js","statementMap":{"0":{"start":{"line":3,"column":0},"end":{"line":5,"column":3}},"1":{"start":{"line":6,"column":17},"end":{"line":18,"column":2}},"2":{"start":{"line":20,"column":0},"end":{"line":22,"column":2}}},"fnMap":{},"branchMap":{},"s":{"0":1,"1":1,"2":1},"f":{},"b":{},"_coverageSchema":"332fd63041d2c1bcb487cc26dd0d5f7d97098a6c","hash":"8047e1f0edba2daae6e6945560877eebb7fbf15d","contentHash":"de4cb9dcf631f79997167151b2639144_11.2.1"}}