{"/Users/andeladeveloper/Desktop/HelloBooks/server/index.js":{"path":"/Users/andeladeveloper/Desktop/HelloBooks/server/index.js","statementMap":{"0":{"start":{"line":3,"column":0},"end":{"line":5,"column":3}},"1":{"start":{"line":7,"column":15},"end":{"line":7,"column":33}},"2":{"start":{"line":9,"column":16},"end":{"line":9,"column":48}},"3":{"start":{"line":11,"column":18},"end":{"line":11,"column":40}},"4":{"start":{"line":13,"column":19},"end":{"line":13,"column":54}},"5":{"start":{"line":15,"column":12},"end":{"line":15,"column":27}},"6":{"start":{"line":17,"column":13},"end":{"line":17,"column":42}},"7":{"start":{"line":19,"column":14},"end":{"line":19,"column":31}},"8":{"start":{"line":21,"column":15},"end":{"line":21,"column":46}},"9":{"start":{"line":23,"column":12},"end":{"line":23,"column":27}},"10":{"start":{"line":25,"column":13},"end":{"line":25,"column":42}},"11":{"start":{"line":27,"column":15},"end":{"line":27,"column":33}},"12":{"start":{"line":29,"column":16},"end":{"line":29,"column":48}},"13":{"start":{"line":31,"column":28},"end":{"line":31,"column":61}},"14":{"start":{"line":33,"column":29},"end":{"line":33,"column":74}},"15":{"start":{"line":35,"column":28},"end":{"line":35,"column":61}},"16":{"start":{"line":37,"column":29},"end":{"line":37,"column":74}},"17":{"start":{"line":39,"column":16},"end":{"line":39,"column":44}},"18":{"start":{"line":41,"column":16},"end":{"line":41,"column":49}},"19":{"start":{"line":43,"column":17},"end":{"line":43,"column":47}},"20":{"start":{"line":45,"column":18},"end":{"line":45,"column":52}},"21":{"start":{"line":47,"column":39},"end":{"line":47,"column":93}},"22":{"start":{"line":49,"column":0},"end":{"line":49,"column":27}},"23":{"start":{"line":51,"column":11},"end":{"line":51,"column":35}},"24":{"start":{"line":52,"column":10},"end":{"line":52,"column":34}},"25":{"start":{"line":55,"column":0},"end":{"line":55,"column":38}},"26":{"start":{"line":58,"column":0},"end":{"line":58,"column":62}},"27":{"start":{"line":59,"column":0},"end":{"line":59,"column":37}},"28":{"start":{"line":61,"column":0},"end":{"line":61,"column":31}},"29":{"start":{"line":63,"column":0},"end":{"line":67,"column":3}},"30":{"start":{"line":64,"column":2},"end":{"line":64,"column":49}},"31":{"start":{"line":65,"column":2},"end":{"line":65,"column":95}},"32":{"start":{"line":66,"column":2},"end":{"line":66,"column":9}},"33":{"start":{"line":69,"column":0},"end":{"line":72,"column":1}},"34":{"start":{"line":70,"column":2},"end":{"line":70,"column":90}},"35":{"start":{"line":71,"column":2},"end":{"line":71,"column":90}},"36":{"start":{"line":74,"column":0},"end":{"line":74,"column":41}},"37":{"start":{"line":76,"column":0},"end":{"line":78,"column":3}},"38":{"start":{"line":77,"column":2},"end":{"line":77,"column":69}},"39":{"start":{"line":81,"column":0},"end":{"line":85,"column":3}},"40":{"start":{"line":83,"column":2},"end":{"line":83,"column":28}},"41":{"start":{"line":83,"column":11},"end":{"line":83,"column":28}},"42":{"start":{"line":84,"column":2},"end":{"line":84,"column":25}},"43":{"start":{"line":87,"column":0},"end":{"line":87,"column":22}}},"fnMap":{"0":{"name":"_interopRequireDefault","decl":{"start":{"line":47,"column":9},"end":{"line":47,"column":31}},"loc":{"start":{"line":47,"column":37},"end":{"line":47,"column":95}},"line":47},"1":{"name":"(anonymous_1)","decl":{"start":{"line":63,"column":8},"end":{"line":63,"column":9}},"loc":{"start":{"line":63,"column":34},"end":{"line":67,"column":1}},"line":63},"2":{"name":"(anonymous_2)","decl":{"start":{"line":76,"column":13},"end":{"line":76,"column":14}},"loc":{"start":{"line":76,"column":33},"end":{"line":78,"column":1}},"line":76},"3":{"name":"(anonymous_3)","decl":{"start":{"line":81,"column":17},"end":{"line":81,"column":18}},"loc":{"start":{"line":81,"column":32},"end":{"line":85,"column":1}},"line":81}},"branchMap":{"0":{"loc":{"start":{"line":47,"column":46},"end":{"line":47,"column":92}},"type":"cond-expr","locations":[{"start":{"line":47,"column":70},"end":{"line":47,"column":73}},{"start":{"line":47,"column":76},"end":{"line":47,"column":92}}],"line":47},"1":{"loc":{"start":{"line":47,"column":46},"end":{"line":47,"column":67}},"type":"binary-expr","locations":[{"start":{"line":47,"column":46},"end":{"line":47,"column":49}},{"start":{"line":47,"column":53},"end":{"line":47,"column":67}}],"line":47},"2":{"loc":{"start":{"line":51,"column":11},"end":{"line":51,"column":35}},"type":"binary-expr","locations":[{"start":{"line":51,"column":11},"end":{"line":51,"column":27}},{"start":{"line":51,"column":31},"end":{"line":51,"column":35}}],"line":51},"3":{"loc":{"start":{"line":69,"column":0},"end":{"line":72,"column":1}},"type":"if","locations":[{"start":{"line":69,"column":0},"end":{"line":72,"column":1}},{"start":{"line":69,"column":0},"end":{"line":72,"column":1}}],"line":69},"4":{"loc":{"start":{"line":69,"column":4},"end":{"line":69,"column":83}},"type":"binary-expr","locations":[{"start":{"line":69,"column":4},"end":{"line":69,"column":42}},{"start":{"line":69,"column":46},"end":{"line":69,"column":83}}],"line":69},"5":{"loc":{"start":{"line":83,"column":2},"end":{"line":83,"column":28}},"type":"if","locations":[{"start":{"line":83,"column":2},"end":{"line":83,"column":28}},{"start":{"line":83,"column":2},"end":{"line":83,"column":28}}],"line":83}},"s":{"0":1,"1":1,"2":1,"3":1,"4":1,"5":1,"6":1,"7":1,"8":1,"9":1,"10":1,"11":1,"12":1,"13":1,"14":1,"15":1,"16":1,"17":1,"18":1,"19":1,"20":1,"21":10,"22":1,"23":1,"24":1,"25":1,"26":1,"27":1,"28":1,"29":1,"30":66,"31":66,"32":66,"33":1,"34":0,"35":0,"36":1,"37":1,"38":0,"39":1,"40":1,"41":0,"42":1,"43":1},"f":{"0":10,"1":66,"2":0,"3":1},"b":{"0":[1,9],"1":[10,10],"2":[1,1],"3":[0,1],"4":[1,1],"5":[0,1]},"_coverageSchema":"332fd63041d2c1bcb487cc26dd0d5f7d97098a6c","hash":"5a29ffa114101a50f35e647263b097f1ac04b7d0","contentHash":"d06ba680fa9927b7797ddb64333985c1_11.2.1"},"/Users/andeladeveloper/Desktop/HelloBooks/webpack.config.js":{"path":"/Users/andeladeveloper/Desktop/HelloBooks/webpack.config.js","statementMap":{"0":{"start":{"line":3,"column":11},"end":{"line":3,"column":26}},"1":{"start":{"line":4,"column":27},"end":{"line":4,"column":65}},"2":{"start":{"line":5,"column":14},"end":{"line":5,"column":32}},"3":{"start":{"line":7,"column":13},"end":{"line":69,"column":1}},"4":{"start":{"line":71,"column":0},"end":{"line":71,"column":24}}},"fnMap":{},"branchMap":{},"s":{"0":1,"1":1,"2":1,"3":1,"4":1},"f":{},"b":{},"_coverageSchema":"332fd63041d2c1bcb487cc26dd0d5f7d97098a6c","hash":"dceb7eeb6e23fdce2b8100245de1aee4ca552245","contentHash":"038302d3ea390995d1b5a08e66adf589_11.2.1"},"/Users/andeladeveloper/Desktop/HelloBooks/server/routes/api-routes.js":{"path":"/Users/andeladeveloper/Desktop/HelloBooks/server/routes/api-routes.js","statementMap":{"0":{"start":{"line":3,"column":0},"end":{"line":5,"column":3}},"1":{"start":{"line":7,"column":15},"end":{"line":7,"column":33}},"2":{"start":{"line":9,"column":16},"end":{"line":9,"column":48}},"3":{"start":{"line":11,"column":12},"end":{"line":11,"column":41}},"4":{"start":{"line":13,"column":13},"end":{"line":13,"column":42}},"5":{"start":{"line":15,"column":12},"end":{"line":15,"column":41}},"6":{"start":{"line":17,"column":13},"end":{"line":17,"column":42}},"7":{"start":{"line":19,"column":12},"end":{"line":19,"column":41}},"8":{"start":{"line":21,"column":13},"end":{"line":21,"column":42}},"9":{"start":{"line":23,"column":14},"end":{"line":23,"column":45}},"10":{"start":{"line":25,"column":15},"end":{"line":25,"column":46}},"11":{"start":{"line":27,"column":39},"end":{"line":27,"column":93}},"12":{"start":{"line":29,"column":13},"end":{"line":29,"column":39}},"13":{"start":{"line":32,"column":0},"end":{"line":34,"column":3}},"14":{"start":{"line":33,"column":2},"end":{"line":33,"column":62}},"15":{"start":{"line":37,"column":0},"end":{"line":37,"column":52}},"16":{"start":{"line":38,"column":0},"end":{"line":38,"column":52}},"17":{"start":{"line":41,"column":0},"end":{"line":41,"column":84}},"18":{"start":{"line":42,"column":0},"end":{"line":42,"column":84}},"19":{"start":{"line":45,"column":0},"end":{"line":45,"column":92}},"20":{"start":{"line":50,"column":0},"end":{"line":50,"column":67}},"21":{"start":{"line":51,"column":0},"end":{"line":51,"column":95}},"22":{"start":{"line":54,"column":0},"end":{"line":54,"column":108}},"23":{"start":{"line":57,"column":0},"end":{"line":57,"column":96}},"24":{"start":{"line":60,"column":0},"end":{"line":60,"column":81}},"25":{"start":{"line":62,"column":0},"end":{"line":62,"column":268}},"26":{"start":{"line":65,"column":0},"end":{"line":65,"column":267}},"27":{"start":{"line":68,"column":0},"end":{"line":68,"column":150}},"28":{"start":{"line":71,"column":0},"end":{"line":71,"column":64}},"29":{"start":{"line":74,"column":0},"end":{"line":78,"column":3}},"30":{"start":{"line":75,"column":2},"end":{"line":75,"column":39}},"31":{"start":{"line":77,"column":2},"end":{"line":77,"column":39}},"32":{"start":{"line":80,"column":0},"end":{"line":80,"column":25}}},"fnMap":{"0":{"name":"_interopRequireDefault","decl":{"start":{"line":27,"column":9},"end":{"line":27,"column":31}},"loc":{"start":{"line":27,"column":37},"end":{"line":27,"column":95}},"line":27},"1":{"name":"(anonymous_1)","decl":{"start":{"line":32,"column":16},"end":{"line":32,"column":17}},"loc":{"start":{"line":32,"column":36},"end":{"line":34,"column":1}},"line":32},"2":{"name":"(anonymous_2)","decl":{"start":{"line":74,"column":23},"end":{"line":74,"column":24}},"loc":{"start":{"line":74,"column":43},"end":{"line":76,"column":1}},"line":74},"3":{"name":"(anonymous_3)","decl":{"start":{"line":76,"column":7},"end":{"line":76,"column":8}},"loc":{"start":{"line":76,"column":27},"end":{"line":78,"column":1}},"line":76}},"branchMap":{"0":{"loc":{"start":{"line":27,"column":46},"end":{"line":27,"column":92}},"type":"cond-expr","locations":[{"start":{"line":27,"column":70},"end":{"line":27,"column":73}},{"start":{"line":27,"column":76},"end":{"line":27,"column":92}}],"line":27},"1":{"loc":{"start":{"line":27,"column":46},"end":{"line":27,"column":67}},"type":"binary-expr","locations":[{"start":{"line":27,"column":46},"end":{"line":27,"column":49}},{"start":{"line":27,"column":53},"end":{"line":27,"column":67}}],"line":27}},"s":{"0":1,"1":1,"2":1,"3":1,"4":1,"5":1,"6":1,"7":1,"8":1,"9":1,"10":1,"11":5,"12":1,"13":1,"14":1,"15":1,"16":1,"17":1,"18":1,"19":1,"20":1,"21":1,"22":1,"23":1,"24":1,"25":1,"26":1,"27":1,"28":1,"29":1,"30":0,"31":0,"32":1},"f":{"0":5,"1":1,"2":0,"3":0},"b":{"0":[4,1],"1":[5,5]},"_coverageSchema":"332fd63041d2c1bcb487cc26dd0d5f7d97098a6c","hash":"9de237fe53f155e50241be404ed3887f67750b55","contentHash":"0d7ee72cd8203cd3ccdbcfd0d8a49918_11.2.1"},"/Users/andeladeveloper/Desktop/HelloBooks/server/controller/user.js":{"path":"/Users/andeladeveloper/Desktop/HelloBooks/server/controller/user.js","statementMap":{"0":{"start":{"line":3,"column":0},"end":{"line":5,"column":3}},"1":{"start":{"line":7,"column":19},"end":{"line":7,"column":563}},"2":{"start":{"line":7,"column":76},"end":{"line":7,"column":347}},"3":{"start":{"line":7,"column":134},"end":{"line":7,"column":142}},"4":{"start":{"line":7,"column":144},"end":{"line":7,"column":199}},"5":{"start":{"line":7,"column":200},"end":{"line":7,"column":231}},"6":{"start":{"line":7,"column":232},"end":{"line":7,"column":286}},"7":{"start":{"line":7,"column":259},"end":{"line":7,"column":286}},"8":{"start":{"line":7,"column":287},"end":{"line":7,"column":345}},"9":{"start":{"line":7,"column":350},"end":{"line":7,"column":559}},"10":{"start":{"line":7,"column":407},"end":{"line":7,"column":475}},"11":{"start":{"line":7,"column":423},"end":{"line":7,"column":475}},"12":{"start":{"line":7,"column":476},"end":{"line":7,"column":536}},"13":{"start":{"line":7,"column":493},"end":{"line":7,"column":536}},"14":{"start":{"line":7,"column":537},"end":{"line":7,"column":556}},"15":{"start":{"line":9,"column":14},"end":{"line":9,"column":31}},"16":{"start":{"line":11,"column":15},"end":{"line":11,"column":46}},"17":{"start":{"line":13,"column":14},"end":{"line":13,"column":34}},"18":{"start":{"line":15,"column":15},"end":{"line":15,"column":46}},"19":{"start":{"line":17,"column":14},"end":{"line":17,"column":45}},"20":{"start":{"line":19,"column":15},"end":{"line":19,"column":46}},"21":{"start":{"line":21,"column":21},"end":{"line":21,"column":59}},"22":{"start":{"line":23,"column":22},"end":{"line":23,"column":60}},"23":{"start":{"line":25,"column":39},"end":{"line":25,"column":93}},"24":{"start":{"line":27,"column":50},"end":{"line":27,"column":151}},"25":{"start":{"line":27,"column":92},"end":{"line":27,"column":149}},"26":{"start":{"line":29,"column":0},"end":{"line":29,"column":27}},"27":{"start":{"line":31,"column":16},"end":{"line":31,"column":37}},"28":{"start":{"line":32,"column":24},"end":{"line":32,"column":53}},"29":{"start":{"line":33,"column":16},"end":{"line":33,"column":37}},"30":{"start":{"line":40,"column":11},"end":{"line":283,"column":3}},"31":{"start":{"line":42,"column":4},"end":{"line":42,"column":32}},"32":{"start":{"line":45,"column":2},"end":{"line":280,"column":6}},"33":{"start":{"line":54,"column":6},"end":{"line":77,"column":9}},"34":{"start":{"line":55,"column":20},"end":{"line":55,"column":67}},"35":{"start":{"line":56,"column":8},"end":{"line":64,"column":11}},"36":{"start":{"line":66,"column":28},"end":{"line":66,"column":63}},"37":{"start":{"line":67,"column":8},"end":{"line":76,"column":9}},"38":{"start":{"line":69,"column":12},"end":{"line":69,"column":65}},"39":{"start":{"line":70,"column":12},"end":{"line":70,"column":18}},"40":{"start":{"line":72,"column":12},"end":{"line":72,"column":65}},"41":{"start":{"line":73,"column":12},"end":{"line":73,"column":18}},"42":{"start":{"line":75,"column":12},"end":{"line":75,"column":65}},"43":{"start":{"line":89,"column":6},"end":{"line":91,"column":7}},"44":{"start":{"line":90,"column":8},"end":{"line":90,"column":89}},"45":{"start":{"line":92,"column":6},"end":{"line":108,"column":9}},"46":{"start":{"line":93,"column":8},"end":{"line":105,"column":9}},"47":{"start":{"line":94,"column":22},"end":{"line":94,"column":69}},"48":{"start":{"line":95,"column":29},"end":{"line":101,"column":31}},"49":{"start":{"line":102,"column":10},"end":{"line":102,"column":63}},"50":{"start":{"line":104,"column":10},"end":{"line":104,"column":76}},"51":{"start":{"line":107,"column":8},"end":{"line":107,"column":74}},"52":{"start":{"line":120,"column":6},"end":{"line":152,"column":7}},"53":{"start":{"line":121,"column":8},"end":{"line":121,"column":79}},"54":{"start":{"line":123,"column":23},"end":{"line":123,"column":84}},"55":{"start":{"line":124,"column":26},"end":{"line":124,"column":57}},"56":{"start":{"line":125,"column":25},"end":{"line":125,"column":52}},"57":{"start":{"line":126,"column":8},"end":{"line":151,"column":9}},"58":{"start":{"line":127,"column":10},"end":{"line":127,"column":61}},"59":{"start":{"line":129,"column":10},"end":{"line":150,"column":13}},"60":{"start":{"line":130,"column":12},"end":{"line":147,"column":13}},"61":{"start":{"line":131,"column":33},"end":{"line":131,"column":90}},"62":{"start":{"line":132,"column":14},"end":{"line":144,"column":17}},"63":{"start":{"line":133,"column":16},"end":{"line":141,"column":19}},"64":{"start":{"line":134,"column":18},"end":{"line":138,"column":19}},"65":{"start":{"line":135,"column":20},"end":{"line":137,"column":43}},"66":{"start":{"line":140,"column":18},"end":{"line":140,"column":65}},"67":{"start":{"line":143,"column":16},"end":{"line":143,"column":55}},"68":{"start":{"line":146,"column":14},"end":{"line":146,"column":93}},"69":{"start":{"line":149,"column":12},"end":{"line":149,"column":53}},"70":{"start":{"line":164,"column":21},"end":{"line":164,"column":40}},"71":{"start":{"line":165,"column":24},"end":{"line":165,"column":41}},"72":{"start":{"line":166,"column":6},"end":{"line":182,"column":7}},"73":{"start":{"line":167,"column":8},"end":{"line":167,"column":78}},"74":{"start":{"line":168,"column":13},"end":{"line":182,"column":7}},"75":{"start":{"line":169,"column":8},"end":{"line":169,"column":91}},"76":{"start":{"line":171,"column":20},"end":{"line":171,"column":92}},"77":{"start":{"line":172,"column":8},"end":{"line":181,"column":11}},"78":{"start":{"line":174,"column":10},"end":{"line":178,"column":13}},"79":{"start":{"line":175,"column":12},"end":{"line":175,"column":80}},"80":{"start":{"line":177,"column":12},"end":{"line":177,"column":47}},"81":{"start":{"line":180,"column":10},"end":{"line":180,"column":49}},"82":{"start":{"line":194,"column":25},"end":{"line":194,"column":43}},"83":{"start":{"line":195,"column":18},"end":{"line":195,"column":20}},"84":{"start":{"line":196,"column":6},"end":{"line":208,"column":7}},"85":{"start":{"line":197,"column":8},"end":{"line":199,"column":10}},"86":{"start":{"line":200,"column":13},"end":{"line":208,"column":7}},"87":{"start":{"line":201,"column":8},"end":{"line":203,"column":10}},"88":{"start":{"line":205,"column":8},"end":{"line":207,"column":10}},"89":{"start":{"line":210,"column":6},"end":{"line":218,"column":9}},"90":{"start":{"line":211,"column":8},"end":{"line":215,"column":9}},"91":{"start":{"line":212,"column":10},"end":{"line":212,"column":69}},"92":{"start":{"line":214,"column":10},"end":{"line":214,"column":55}},"93":{"start":{"line":217,"column":8},"end":{"line":217,"column":67}},"94":{"start":{"line":230,"column":6},"end":{"line":244,"column":7}},"95":{"start":{"line":231,"column":8},"end":{"line":231,"column":67}},"96":{"start":{"line":234,"column":21},"end":{"line":234,"column":52}},"97":{"start":{"line":235,"column":8},"end":{"line":243,"column":11}},"98":{"start":{"line":236,"column":10},"end":{"line":240,"column":11}},"99":{"start":{"line":237,"column":12},"end":{"line":237,"column":49}},"100":{"start":{"line":239,"column":12},"end":{"line":239,"column":64}},"101":{"start":{"line":242,"column":10},"end":{"line":242,"column":94}},"102":{"start":{"line":257,"column":21},"end":{"line":262,"column":7}},"103":{"start":{"line":263,"column":27},"end":{"line":263,"column":73}},"104":{"start":{"line":264,"column":6},"end":{"line":278,"column":9}},"105":{"start":{"line":265,"column":8},"end":{"line":265,"column":55}},"106":{"start":{"line":267,"column":28},"end":{"line":267,"column":63}},"107":{"start":{"line":268,"column":8},"end":{"line":277,"column":9}},"108":{"start":{"line":270,"column":12},"end":{"line":270,"column":65}},"109":{"start":{"line":271,"column":12},"end":{"line":271,"column":18}},"110":{"start":{"line":273,"column":12},"end":{"line":273,"column":65}},"111":{"start":{"line":274,"column":12},"end":{"line":274,"column":18}},"112":{"start":{"line":276,"column":12},"end":{"line":276,"column":65}},"113":{"start":{"line":282,"column":2},"end":{"line":282,"column":14}},"114":{"start":{"line":285,"column":0},"end":{"line":285,"column":23}}},"fnMap":{"0":{"name":"(anonymous_0)","decl":{"start":{"line":7,"column":19},"end":{"line":7,"column":20}},"loc":{"start":{"line":7,"column":31},"end":{"line":7,"column":561}},"line":7},"1":{"name":"defineProperties","decl":{"start":{"line":7,"column":42},"end":{"line":7,"column":58}},"loc":{"start":{"line":7,"column":74},"end":{"line":7,"column":349}},"line":7},"2":{"name":"(anonymous_2)","decl":{"start":{"line":7,"column":357},"end":{"line":7,"column":358}},"loc":{"start":{"line":7,"column":405},"end":{"line":7,"column":558}},"line":7},"3":{"name":"_interopRequireDefault","decl":{"start":{"line":25,"column":9},"end":{"line":25,"column":31}},"loc":{"start":{"line":25,"column":37},"end":{"line":25,"column":95}},"line":25},"4":{"name":"_classCallCheck","decl":{"start":{"line":27,"column":9},"end":{"line":27,"column":24}},"loc":{"start":{"line":27,"column":48},"end":{"line":27,"column":153}},"line":27},"5":{"name":"(anonymous_5)","decl":{"start":{"line":40,"column":11},"end":{"line":40,"column":12}},"loc":{"start":{"line":40,"column":23},"end":{"line":283,"column":1}},"line":40},"6":{"name":"User","decl":{"start":{"line":41,"column":11},"end":{"line":41,"column":15}},"loc":{"start":{"line":41,"column":18},"end":{"line":43,"column":3}},"line":41},"7":{"name":"signup","decl":{"start":{"line":53,"column":20},"end":{"line":53,"column":26}},"loc":{"start":{"line":53,"column":37},"end":{"line":78,"column":5}},"line":53},"8":{"name":"(anonymous_8)","decl":{"start":{"line":54,"column":38},"end":{"line":54,"column":39}},"loc":{"start":{"line":54,"column":54},"end":{"line":65,"column":7}},"line":54},"9":{"name":"(anonymous_9)","decl":{"start":{"line":65,"column":15},"end":{"line":65,"column":16}},"loc":{"start":{"line":65,"column":32},"end":{"line":77,"column":7}},"line":65},"10":{"name":"signin","decl":{"start":{"line":88,"column":20},"end":{"line":88,"column":26}},"loc":{"start":{"line":88,"column":37},"end":{"line":109,"column":5}},"line":88},"11":{"name":"(anonymous_11)","decl":{"start":{"line":92,"column":80},"end":{"line":92,"column":81}},"loc":{"start":{"line":92,"column":96},"end":{"line":106,"column":7}},"line":92},"12":{"name":"(anonymous_12)","decl":{"start":{"line":106,"column":15},"end":{"line":106,"column":16}},"loc":{"start":{"line":106,"column":27},"end":{"line":108,"column":7}},"line":106},"13":{"name":"generateResetPassUrl","decl":{"start":{"line":119,"column":20},"end":{"line":119,"column":40}},"loc":{"start":{"line":119,"column":51},"end":{"line":153,"column":5}},"line":119},"14":{"name":"(anonymous_14)","decl":{"start":{"line":129,"column":71},"end":{"line":129,"column":72}},"loc":{"start":{"line":129,"column":91},"end":{"line":148,"column":11}},"line":129},"15":{"name":"(anonymous_15)","decl":{"start":{"line":132,"column":101},"end":{"line":132,"column":102}},"loc":{"start":{"line":132,"column":113},"end":{"line":142,"column":15}},"line":132},"16":{"name":"(anonymous_16)","decl":{"start":{"line":133,"column":81},"end":{"line":133,"column":82}},"loc":{"start":{"line":133,"column":107},"end":{"line":139,"column":17}},"line":133},"17":{"name":"(anonymous_17)","decl":{"start":{"line":139,"column":25},"end":{"line":139,"column":26}},"loc":{"start":{"line":139,"column":48},"end":{"line":141,"column":17}},"line":139},"18":{"name":"(anonymous_18)","decl":{"start":{"line":142,"column":23},"end":{"line":142,"column":24}},"loc":{"start":{"line":142,"column":40},"end":{"line":144,"column":15}},"line":142},"19":{"name":"(anonymous_19)","decl":{"start":{"line":148,"column":19},"end":{"line":148,"column":20}},"loc":{"start":{"line":148,"column":36},"end":{"line":150,"column":11}},"line":148},"20":{"name":"resetPassword","decl":{"start":{"line":163,"column":20},"end":{"line":163,"column":33}},"loc":{"start":{"line":163,"column":44},"end":{"line":183,"column":5}},"line":163},"21":{"name":"(anonymous_21)","decl":{"start":{"line":173,"column":66},"end":{"line":173,"column":67}},"loc":{"start":{"line":173,"column":78},"end":{"line":179,"column":9}},"line":173},"22":{"name":"(anonymous_22)","decl":{"start":{"line":174,"column":83},"end":{"line":174,"column":84}},"loc":{"start":{"line":174,"column":95},"end":{"line":176,"column":11}},"line":174},"23":{"name":"(anonymous_23)","decl":{"start":{"line":176,"column":19},"end":{"line":176,"column":20}},"loc":{"start":{"line":176,"column":34},"end":{"line":178,"column":11}},"line":176},"24":{"name":"(anonymous_24)","decl":{"start":{"line":179,"column":17},"end":{"line":179,"column":18}},"loc":{"start":{"line":179,"column":34},"end":{"line":181,"column":9}},"line":179},"25":{"name":"getUserBooks","decl":{"start":{"line":193,"column":20},"end":{"line":193,"column":32}},"loc":{"start":{"line":193,"column":43},"end":{"line":219,"column":5}},"line":193},"26":{"name":"(anonymous_26)","decl":{"start":{"line":210,"column":94},"end":{"line":210,"column":95}},"loc":{"start":{"line":210,"column":114},"end":{"line":216,"column":7}},"line":210},"27":{"name":"(anonymous_27)","decl":{"start":{"line":216,"column":15},"end":{"line":216,"column":16}},"loc":{"start":{"line":216,"column":32},"end":{"line":218,"column":7}},"line":216},"28":{"name":"profilePage","decl":{"start":{"line":229,"column":20},"end":{"line":229,"column":31}},"loc":{"start":{"line":229,"column":42},"end":{"line":245,"column":5}},"line":229},"29":{"name":"(anonymous_29)","decl":{"start":{"line":235,"column":40},"end":{"line":235,"column":41}},"loc":{"start":{"line":235,"column":56},"end":{"line":241,"column":9}},"line":235},"30":{"name":"(anonymous_30)","decl":{"start":{"line":241,"column":17},"end":{"line":241,"column":18}},"loc":{"start":{"line":241,"column":29},"end":{"line":243,"column":9}},"line":241},"31":{"name":"editProfile","decl":{"start":{"line":256,"column":20},"end":{"line":256,"column":31}},"loc":{"start":{"line":256,"column":42},"end":{"line":279,"column":5}},"line":256},"32":{"name":"(anonymous_32)","decl":{"start":{"line":264,"column":125},"end":{"line":264,"column":126}},"loc":{"start":{"line":264,"column":145},"end":{"line":266,"column":7}},"line":264},"33":{"name":"(anonymous_33)","decl":{"start":{"line":266,"column":15},"end":{"line":266,"column":16}},"loc":{"start":{"line":266,"column":32},"end":{"line":278,"column":7}},"line":266}},"branchMap":{"0":{"loc":{"start":{"line":7,"column":168},"end":{"line":7,"column":198}},"type":"binary-expr","locations":[{"start":{"line":7,"column":168},"end":{"line":7,"column":189}},{"start":{"line":7,"column":193},"end":{"line":7,"column":198}}],"line":7},"1":{"loc":{"start":{"line":7,"column":232},"end":{"line":7,"column":286}},"type":"if","locations":[{"start":{"line":7,"column":232},"end":{"line":7,"column":286}},{"start":{"line":7,"column":232},"end":{"line":7,"column":286}}],"line":7},"2":{"loc":{"start":{"line":7,"column":407},"end":{"line":7,"column":475}},"type":"if","locations":[{"start":{"line":7,"column":407},"end":{"line":7,"column":475}},{"start":{"line":7,"column":407},"end":{"line":7,"column":475}}],"line":7},"3":{"loc":{"start":{"line":7,"column":476},"end":{"line":7,"column":536}},"type":"if","locations":[{"start":{"line":7,"column":476},"end":{"line":7,"column":536}},{"start":{"line":7,"column":476},"end":{"line":7,"column":536}}],"line":7},"4":{"loc":{"start":{"line":25,"column":46},"end":{"line":25,"column":92}},"type":"cond-expr","locations":[{"start":{"line":25,"column":70},"end":{"line":25,"column":73}},{"start":{"line":25,"column":76},"end":{"line":25,"column":92}}],"line":25},"5":{"loc":{"start":{"line":25,"column":46},"end":{"line":25,"column":67}},"type":"binary-expr","locations":[{"start":{"line":25,"column":46},"end":{"line":25,"column":49}},{"start":{"line":25,"column":53},"end":{"line":25,"column":67}}],"line":25},"6":{"loc":{"start":{"line":27,"column":50},"end":{"line":27,"column":151}},"type":"if","locations":[{"start":{"line":27,"column":50},"end":{"line":27,"column":151}},{"start":{"line":27,"column":50},"end":{"line":27,"column":151}}],"line":27},"7":{"loc":{"start":{"line":67,"column":8},"end":{"line":76,"column":9}},"type":"switch","locations":[{"start":{"line":68,"column":10},"end":{"line":70,"column":18}},{"start":{"line":71,"column":10},"end":{"line":73,"column":18}},{"start":{"line":74,"column":10},"end":{"line":75,"column":65}}],"line":67},"8":{"loc":{"start":{"line":89,"column":6},"end":{"line":91,"column":7}},"type":"if","locations":[{"start":{"line":89,"column":6},"end":{"line":91,"column":7}},{"start":{"line":89,"column":6},"end":{"line":91,"column":7}}],"line":89},"9":{"loc":{"start":{"line":89,"column":10},"end":{"line":89,"column":50}},"type":"binary-expr","locations":[{"start":{"line":89,"column":10},"end":{"line":89,"column":28}},{"start":{"line":89,"column":32},"end":{"line":89,"column":50}}],"line":89},"10":{"loc":{"start":{"line":93,"column":8},"end":{"line":105,"column":9}},"type":"if","locations":[{"start":{"line":93,"column":8},"end":{"line":105,"column":9}},{"start":{"line":93,"column":8},"end":{"line":105,"column":9}}],"line":93},"11":{"loc":{"start":{"line":93,"column":12},"end":{"line":93,"column":102}},"type":"binary-expr","locations":[{"start":{"line":93,"column":12},"end":{"line":93,"column":25}},{"start":{"line":93,"column":29},"end":{"line":93,"column":102}}],"line":93},"12":{"loc":{"start":{"line":120,"column":6},"end":{"line":152,"column":7}},"type":"if","locations":[{"start":{"line":120,"column":6},"end":{"line":152,"column":7}},{"start":{"line":120,"column":6},"end":{"line":152,"column":7}}],"line":120},"13":{"loc":{"start":{"line":126,"column":8},"end":{"line":151,"column":9}},"type":"if","locations":[{"start":{"line":126,"column":8},"end":{"line":151,"column":9}},{"start":{"line":126,"column":8},"end":{"line":151,"column":9}}],"line":126},"14":{"loc":{"start":{"line":126,"column":12},"end":{"line":126,"column":80}},"type":"binary-expr","locations":[{"start":{"line":126,"column":12},"end":{"line":126,"column":31}},{"start":{"line":126,"column":35},"end":{"line":126,"column":59}},{"start":{"line":126,"column":63},"end":{"line":126,"column":80}}],"line":126},"15":{"loc":{"start":{"line":130,"column":12},"end":{"line":147,"column":13}},"type":"if","locations":[{"start":{"line":130,"column":12},"end":{"line":147,"column":13}},{"start":{"line":130,"column":12},"end":{"line":147,"column":13}}],"line":130},"16":{"loc":{"start":{"line":134,"column":18},"end":{"line":138,"column":19}},"type":"if","locations":[{"start":{"line":134,"column":18},"end":{"line":138,"column":19}},{"start":{"line":134,"column":18},"end":{"line":138,"column":19}}],"line":134},"17":{"loc":{"start":{"line":166,"column":6},"end":{"line":182,"column":7}},"type":"if","locations":[{"start":{"line":166,"column":6},"end":{"line":182,"column":7}},{"start":{"line":166,"column":6},"end":{"line":182,"column":7}}],"line":166},"18":{"loc":{"start":{"line":166,"column":10},"end":{"line":166,"column":44}},"type":"binary-expr","locations":[{"start":{"line":166,"column":10},"end":{"line":166,"column":22}},{"start":{"line":166,"column":26},"end":{"line":166,"column":44}}],"line":166},"19":{"loc":{"start":{"line":168,"column":13},"end":{"line":182,"column":7}},"type":"if","locations":[{"start":{"line":168,"column":13},"end":{"line":182,"column":7}},{"start":{"line":168,"column":13},"end":{"line":182,"column":7}}],"line":168},"20":{"loc":{"start":{"line":196,"column":6},"end":{"line":208,"column":7}},"type":"if","locations":[{"start":{"line":196,"column":6},"end":{"line":208,"column":7}},{"start":{"line":196,"column":6},"end":{"line":208,"column":7}}],"line":196},"21":{"loc":{"start":{"line":200,"column":13},"end":{"line":208,"column":7}},"type":"if","locations":[{"start":{"line":200,"column":13},"end":{"line":208,"column":7}},{"start":{"line":200,"column":13},"end":{"line":208,"column":7}}],"line":200},"22":{"loc":{"start":{"line":211,"column":8},"end":{"line":215,"column":9}},"type":"if","locations":[{"start":{"line":211,"column":8},"end":{"line":215,"column":9}},{"start":{"line":211,"column":8},"end":{"line":215,"column":9}}],"line":211},"23":{"loc":{"start":{"line":230,"column":6},"end":{"line":244,"column":7}},"type":"if","locations":[{"start":{"line":230,"column":6},"end":{"line":244,"column":7}},{"start":{"line":230,"column":6},"end":{"line":244,"column":7}}],"line":230},"24":{"loc":{"start":{"line":236,"column":10},"end":{"line":240,"column":11}},"type":"if","locations":[{"start":{"line":236,"column":10},"end":{"line":240,"column":11}},{"start":{"line":236,"column":10},"end":{"line":240,"column":11}}],"line":236},"25":{"loc":{"start":{"line":268,"column":8},"end":{"line":277,"column":9}},"type":"switch","locations":[{"start":{"line":269,"column":10},"end":{"line":271,"column":18}},{"start":{"line":272,"column":10},"end":{"line":274,"column":18}},{"start":{"line":275,"column":10},"end":{"line":276,"column":65}}],"line":268}},"s":{"0":1,"1":1,"2":1,"3":7,"4":7,"5":7,"6":7,"7":7,"8":7,"9":1,"10":1,"11":0,"12":1,"13":1,"14":1,"15":1,"16":1,"17":1,"18":1,"19":1,"20":1,"21":1,"22":1,"23":4,"24":0,"25":0,"26":1,"27":1,"28":1,"29":1,"30":1,"31":0,"32":1,"33":12,"34":1,"35":1,"36":11,"37":11,"38":1,"39":1,"40":10,"41":10,"42":0,"43":12,"44":5,"45":12,"46":12,"47":4,"48":4,"49":4,"50":8,"51":5,"52":3,"53":1,"54":2,"55":2,"56":2,"57":2,"58":1,"59":1,"60":1,"61":0,"62":0,"63":0,"64":0,"65":0,"66":0,"67":0,"68":1,"69":0,"70":3,"71":3,"72":3,"73":1,"74":2,"75":1,"76":1,"77":1,"78":1,"79":1,"80":0,"81":0,"82":5,"83":5,"84":5,"85":2,"86":3,"87":1,"88":2,"89":5,"90":5,"91":3,"92":2,"93":0,"94":1,"95":0,"96":1,"97":1,"98":1,"99":1,"100":0,"101":0,"102":1,"103":1,"104":1,"105":1,"106":0,"107":0,"108":0,"109":0,"110":0,"111":0,"112":0,"113":1,"114":1},"f":{"0":1,"1":1,"2":1,"3":4,"4":0,"5":1,"6":0,"7":12,"8":1,"9":11,"10":12,"11":12,"12":5,"13":3,"14":1,"15":0,"16":0,"17":0,"18":0,"19":0,"20":3,"21":1,"22":1,"23":0,"24":0,"25":5,"26":5,"27":0,"28":1,"29":1,"30":0,"31":1,"32":1,"33":0},"b":{"0":[7,7],"1":[7,0],"2":[0,1],"3":[1,0],"4":[3,1],"5":[4,4],"6":[0,0],"7":[1,10,0],"8":[5,7],"9":[12,7],"10":[4,8],"11":[12,4],"12":[1,2],"13":[1,1],"14":[2,2,2],"15":[0,1],"16":[0,0],"17":[1,2],"18":[3,2],"19":[1,1],"20":[2,3],"21":[1,2],"22":[3,2],"23":[0,1],"24":[1,0],"25":[0,0,0]},"_coverageSchema":"332fd63041d2c1bcb487cc26dd0d5f7d97098a6c","hash":"1c816dc23e1e79df822dbf2038608819ab1ff6c7","contentHash":"0d084f6a7cf26cb5a99b0399791b092f_11.2.1"},"/Users/andeladeveloper/Desktop/HelloBooks/server/models/index.js":{"path":"/Users/andeladeveloper/Desktop/HelloBooks/server/models/index.js","statementMap":{"0":{"start":{"line":3,"column":0},"end":{"line":5,"column":3}},"1":{"start":{"line":6,"column":9},"end":{"line":6,"column":22}},"2":{"start":{"line":7,"column":11},"end":{"line":7,"column":26}},"3":{"start":{"line":8,"column":16},"end":{"line":8,"column":36}},"4":{"start":{"line":10,"column":15},"end":{"line":10,"column":45}},"5":{"start":{"line":11,"column":10},"end":{"line":11,"column":47}},"6":{"start":{"line":12,"column":13},"end":{"line":12,"column":48}},"7":{"start":{"line":14,"column":9},"end":{"line":14,"column":11}},"8":{"start":{"line":15,"column":16},"end":{"line":15,"column":22}},"9":{"start":{"line":17,"column":0},"end":{"line":23,"column":1}},"10":{"start":{"line":18,"column":2},"end":{"line":20,"column":5}},"11":{"start":{"line":22,"column":2},"end":{"line":22,"column":87}},"12":{"start":{"line":25,"column":0},"end":{"line":30,"column":3}},"13":{"start":{"line":26,"column":2},"end":{"line":26,"column":82}},"14":{"start":{"line":28,"column":14},"end":{"line":28,"column":58}},"15":{"start":{"line":29,"column":2},"end":{"line":29,"column":25}},"16":{"start":{"line":32,"column":0},"end":{"line":36,"column":3}},"17":{"start":{"line":33,"column":2},"end":{"line":35,"column":3}},"18":{"start":{"line":34,"column":4},"end":{"line":34,"column":32}},"19":{"start":{"line":38,"column":0},"end":{"line":38,"column":25}},"20":{"start":{"line":39,"column":0},"end":{"line":39,"column":25}},"21":{"start":{"line":41,"column":0},"end":{"line":41,"column":21}}},"fnMap":{"0":{"name":"(anonymous_0)","decl":{"start":{"line":25,"column":33},"end":{"line":25,"column":34}},"loc":{"start":{"line":25,"column":49},"end":{"line":27,"column":1}},"line":25},"1":{"name":"(anonymous_1)","decl":{"start":{"line":27,"column":11},"end":{"line":27,"column":12}},"loc":{"start":{"line":27,"column":27},"end":{"line":30,"column":1}},"line":27},"2":{"name":"(anonymous_2)","decl":{"start":{"line":32,"column":24},"end":{"line":32,"column":25}},"loc":{"start":{"line":32,"column":45},"end":{"line":36,"column":1}},"line":32}},"branchMap":{"0":{"loc":{"start":{"line":11,"column":10},"end":{"line":11,"column":47}},"type":"binary-expr","locations":[{"start":{"line":11,"column":10},"end":{"line":11,"column":30}},{"start":{"line":11,"column":34},"end":{"line":11,"column":47}}],"line":11},"1":{"loc":{"start":{"line":17,"column":0},"end":{"line":23,"column":1}},"type":"if","locations":[{"start":{"line":17,"column":0},"end":{"line":23,"column":1}},{"start":{"line":17,"column":0},"end":{"line":23,"column":1}}],"line":17},"2":{"loc":{"start":{"line":26,"column":9},"end":{"line":26,"column":81}},"type":"binary-expr","locations":[{"start":{"line":26,"column":9},"end":{"line":26,"column":32}},{"start":{"line":26,"column":36},"end":{"line":26,"column":53}},{"start":{"line":26,"column":57},"end":{"line":26,"column":81}}],"line":26},"3":{"loc":{"start":{"line":33,"column":2},"end":{"line":35,"column":3}},"type":"if","locations":[{"start":{"line":33,"column":2},"end":{"line":35,"column":3}},{"start":{"line":33,"column":2},"end":{"line":35,"column":3}}],"line":33}},"s":{"0":1,"1":1,"2":1,"3":1,"4":1,"5":1,"6":1,"7":1,"8":1,"9":1,"10":0,"11":1,"12":1,"13":5,"14":4,"15":4,"16":1,"17":4,"18":3,"19":1,"20":1,"21":1},"f":{"0":5,"1":4,"2":4},"b":{"0":[1,1],"1":[0,1],"2":[5,5,4],"3":[3,1]},"_coverageSchema":"332fd63041d2c1bcb487cc26dd0d5f7d97098a6c","hash":"c2e515ade987770ae91d653280b28ef1bff98741","contentHash":"9dfd41914558eb27513dc77ca01aef5c_11.2.1"},"/Users/andeladeveloper/Desktop/HelloBooks/config/config.js":{"path":"/Users/andeladeveloper/Desktop/HelloBooks/config/config.js","statementMap":{"0":{"start":{"line":3,"column":0},"end":{"line":3,"column":27}},"1":{"start":{"line":5,"column":0},"end":{"line":25,"column":2}}},"fnMap":{},"branchMap":{},"s":{"0":1,"1":1},"f":{},"b":{},"_coverageSchema":"332fd63041d2c1bcb487cc26dd0d5f7d97098a6c","hash":"289587148af20cdaa0435275aa72eb25aadacd8d","contentHash":"71794ad92d8e54d2c277b4be138e1ba3_11.2.1"},"/Users/andeladeveloper/Desktop/HelloBooks/server/models/books.js":{"path":"/Users/andeladeveloper/Desktop/HelloBooks/server/models/books.js","statementMap":{"0":{"start":{"line":3,"column":0},"end":{"line":5,"column":3}},"1":{"start":{"line":6,"column":11},"end":{"line":179,"column":1}},"2":{"start":{"line":7,"column":13},"end":{"line":167,"column":4}},"3":{"start":{"line":163,"column":8},"end":{"line":163,"column":52}},"4":{"start":{"line":164,"column":8},"end":{"line":164,"column":28}},"5":{"start":{"line":169,"column":2},"end":{"line":177,"column":4}},"6":{"start":{"line":170,"column":4},"end":{"line":172,"column":7}},"7":{"start":{"line":173,"column":4},"end":{"line":176,"column":7}},"8":{"start":{"line":178,"column":2},"end":{"line":178,"column":14}},"9":{"start":{"line":180,"column":0},"end":{"line":180,"column":23}}},"fnMap":{"0":{"name":"Book","decl":{"start":{"line":6,"column":20},"end":{"line":6,"column":24}},"loc":{"start":{"line":6,"column":47},"end":{"line":179,"column":1}},"line":6},"1":{"name":"beforeCreate","decl":{"start":{"line":157,"column":29},"end":{"line":157,"column":41}},"loc":{"start":{"line":157,"column":56},"end":{"line":165,"column":7}},"line":157},"2":{"name":"(anonymous_2)","decl":{"start":{"line":169,"column":19},"end":{"line":169,"column":20}},"loc":{"start":{"line":169,"column":36},"end":{"line":177,"column":3}},"line":169}},"branchMap":{},"s":{"0":1,"1":1,"2":1,"3":7,"4":7,"5":1,"6":1,"7":1,"8":1,"9":1},"f":{"0":1,"1":7,"2":1},"b":{},"_coverageSchema":"332fd63041d2c1bcb487cc26dd0d5f7d97098a6c","hash":"5451bc863c98a8eb84406d946dd8ef014d5be007","contentHash":"c1e2fba6d350f809f298ba99ececda74_11.2.1"},"/Users/andeladeveloper/Desktop/HelloBooks/server/models/borrowedbooks.js":{"path":"/Users/andeladeveloper/Desktop/HelloBooks/server/models/borrowedbooks.js","statementMap":{"0":{"start":{"line":3,"column":0},"end":{"line":5,"column":3}},"1":{"start":{"line":6,"column":19},"end":{"line":53,"column":1}},"2":{"start":{"line":7,"column":21},"end":{"line":46,"column":4}},"3":{"start":{"line":48,"column":2},"end":{"line":51,"column":4}},"4":{"start":{"line":49,"column":4},"end":{"line":49,"column":87}},"5":{"start":{"line":50,"column":4},"end":{"line":50,"column":87}},"6":{"start":{"line":52,"column":2},"end":{"line":52,"column":22}},"7":{"start":{"line":55,"column":0},"end":{"line":55,"column":31}}},"fnMap":{"0":{"name":"Borrowedbook","decl":{"start":{"line":6,"column":28},"end":{"line":6,"column":40}},"loc":{"start":{"line":6,"column":63},"end":{"line":53,"column":1}},"line":6},"1":{"name":"(anonymous_1)","decl":{"start":{"line":48,"column":27},"end":{"line":48,"column":28}},"loc":{"start":{"line":48,"column":45},"end":{"line":51,"column":3}},"line":48}},"branchMap":{},"s":{"0":1,"1":1,"2":1,"3":1,"4":1,"5":1,"6":1,"7":1},"f":{"0":1,"1":1},"b":{},"_coverageSchema":"332fd63041d2c1bcb487cc26dd0d5f7d97098a6c","hash":"9b9d4a6eb3039d7c92fdd10a162098165619b12e","contentHash":"83d1e8e03914a287e78eb021b4e9d901_11.2.1"},"/Users/andeladeveloper/Desktop/HelloBooks/server/models/categories.js":{"path":"/Users/andeladeveloper/Desktop/HelloBooks/server/models/categories.js","statementMap":{"0":{"start":{"line":3,"column":0},"end":{"line":5,"column":3}},"1":{"start":{"line":7,"column":20},"end":{"line":44,"column":1}},"2":{"start":{"line":8,"column":17},"end":{"line":35,"column":4}},"3":{"start":{"line":36,"column":2},"end":{"line":41,"column":4}},"4":{"start":{"line":37,"column":4},"end":{"line":40,"column":7}},"5":{"start":{"line":43,"column":2},"end":{"line":43,"column":18}},"6":{"start":{"line":45,"column":0},"end":{"line":45,"column":32}}},"fnMap":{"0":{"name":"categoryModel","decl":{"start":{"line":7,"column":29},"end":{"line":7,"column":42}},"loc":{"start":{"line":7,"column":65},"end":{"line":44,"column":1}},"line":7},"1":{"name":"(anonymous_1)","decl":{"start":{"line":36,"column":23},"end":{"line":36,"column":24}},"loc":{"start":{"line":36,"column":40},"end":{"line":41,"column":3}},"line":36}},"branchMap":{},"s":{"0":1,"1":1,"2":1,"3":1,"4":1,"5":1,"6":1},"f":{"0":1,"1":1},"b":{},"_coverageSchema":"332fd63041d2c1bcb487cc26dd0d5f7d97098a6c","hash":"b7bc6155059a979a448b1114228a8be3a782c0a2","contentHash":"337871d6710def73db145629beff8e26_11.2.1"},"/Users/andeladeveloper/Desktop/HelloBooks/server/models/users.js":{"path":"/Users/andeladeveloper/Desktop/HelloBooks/server/models/users.js","statementMap":{"0":{"start":{"line":3,"column":0},"end":{"line":5,"column":3}},"1":{"start":{"line":7,"column":14},"end":{"line":7,"column":31}},"2":{"start":{"line":9,"column":15},"end":{"line":9,"column":46}},"3":{"start":{"line":11,"column":39},"end":{"line":11,"column":93}},"4":{"start":{"line":13,"column":11},"end":{"line":137,"column":1}},"5":{"start":{"line":14,"column":18},"end":{"line":135,"column":4}},"6":{"start":{"line":122,"column":8},"end":{"line":125,"column":11}},"7":{"start":{"line":130,"column":20},"end":{"line":130,"column":94}},"8":{"start":{"line":131,"column":8},"end":{"line":131,"column":30}},"9":{"start":{"line":132,"column":8},"end":{"line":132,"column":20}},"10":{"start":{"line":136,"column":2},"end":{"line":136,"column":19}},"11":{"start":{"line":139,"column":0},"end":{"line":139,"column":23}}},"fnMap":{"0":{"name":"_interopRequireDefault","decl":{"start":{"line":11,"column":9},"end":{"line":11,"column":31}},"loc":{"start":{"line":11,"column":37},"end":{"line":11,"column":95}},"line":11},"1":{"name":"User","decl":{"start":{"line":13,"column":20},"end":{"line":13,"column":24}},"loc":{"start":{"line":13,"column":47},"end":{"line":137,"column":1}},"line":13},"2":{"name":"associate","decl":{"start":{"line":120,"column":26},"end":{"line":120,"column":35}},"loc":{"start":{"line":120,"column":43},"end":{"line":126,"column":7}},"line":120},"3":{"name":"beforeCreate","decl":{"start":{"line":129,"column":29},"end":{"line":129,"column":41}},"loc":{"start":{"line":129,"column":48},"end":{"line":133,"column":7}},"line":129}},"branchMap":{"0":{"loc":{"start":{"line":11,"column":46},"end":{"line":11,"column":92}},"type":"cond-expr","locations":[{"start":{"line":11,"column":70},"end":{"line":11,"column":73}},{"start":{"line":11,"column":76},"end":{"line":11,"column":92}}],"line":11},"1":{"loc":{"start":{"line":11,"column":46},"end":{"line":11,"column":67}},"type":"binary-expr","locations":[{"start":{"line":11,"column":46},"end":{"line":11,"column":49}},{"start":{"line":11,"column":53},"end":{"line":11,"column":67}}],"line":11}},"s":{"0":1,"1":1,"2":1,"3":1,"4":1,"5":1,"6":0,"7":5,"8":5,"9":5,"10":1,"11":1},"f":{"0":1,"1":1,"2":0,"3":5},"b":{"0":[0,1],"1":[1,1]},"_coverageSchema":"332fd63041d2c1bcb487cc26dd0d5f7d97098a6c","hash":"40f44bc7a8d154a2a6c0a9945a4878e7a9eeb197","contentHash":"83c6a7c50f83a0dc7fe12d75617d0aef_11.2.1"},"/Users/andeladeveloper/Desktop/HelloBooks/server/middleware/helper.js":{"path":"/Users/andeladeveloper/Desktop/HelloBooks/server/middleware/helper.js","statementMap":{"0":{"start":{"line":3,"column":0},"end":{"line":5,"column":3}},"1":{"start":{"line":7,"column":19},"end":{"line":7,"column":563}},"2":{"start":{"line":7,"column":76},"end":{"line":7,"column":347}},"3":{"start":{"line":7,"column":134},"end":{"line":7,"column":142}},"4":{"start":{"line":7,"column":144},"end":{"line":7,"column":199}},"5":{"start":{"line":7,"column":200},"end":{"line":7,"column":231}},"6":{"start":{"line":7,"column":232},"end":{"line":7,"column":286}},"7":{"start":{"line":7,"column":259},"end":{"line":7,"column":286}},"8":{"start":{"line":7,"column":287},"end":{"line":7,"column":345}},"9":{"start":{"line":7,"column":350},"end":{"line":7,"column":559}},"10":{"start":{"line":7,"column":407},"end":{"line":7,"column":475}},"11":{"start":{"line":7,"column":423},"end":{"line":7,"column":475}},"12":{"start":{"line":7,"column":476},"end":{"line":7,"column":536}},"13":{"start":{"line":7,"column":493},"end":{"line":7,"column":536}},"14":{"start":{"line":7,"column":537},"end":{"line":7,"column":556}},"15":{"start":{"line":9,"column":14},"end":{"line":9,"column":31}},"16":{"start":{"line":11,"column":15},"end":{"line":11,"column":46}},"17":{"start":{"line":13,"column":20},"end":{"line":13,"column":43}},"18":{"start":{"line":15,"column":21},"end":{"line":15,"column":58}},"19":{"start":{"line":17,"column":18},"end":{"line":17,"column":39}},"20":{"start":{"line":19,"column":19},"end":{"line":19,"column":54}},"21":{"start":{"line":21,"column":14},"end":{"line":21,"column":34}},"22":{"start":{"line":23,"column":15},"end":{"line":23,"column":46}},"23":{"start":{"line":25,"column":14},"end":{"line":25,"column":40}},"24":{"start":{"line":27,"column":15},"end":{"line":27,"column":46}},"25":{"start":{"line":29,"column":39},"end":{"line":29,"column":93}},"26":{"start":{"line":31,"column":50},"end":{"line":31,"column":151}},"27":{"start":{"line":31,"column":92},"end":{"line":31,"column":149}},"28":{"start":{"line":33,"column":0},"end":{"line":33,"column":27}},"29":{"start":{"line":35,"column":13},"end":{"line":35,"column":31}},"30":{"start":{"line":36,"column":19},"end":{"line":36,"column":39}},"31":{"start":{"line":37,"column":24},"end":{"line":37,"column":53}},"32":{"start":{"line":38,"column":16},"end":{"line":38,"column":37}},"33":{"start":{"line":47,"column":13},"end":{"line":195,"column":3}},"34":{"start":{"line":49,"column":4},"end":{"line":49,"column":34}},"35":{"start":{"line":52,"column":2},"end":{"line":192,"column":6}},"36":{"start":{"line":62,"column":6},"end":{"line":69,"column":9}},"37":{"start":{"line":63,"column":8},"end":{"line":63,"column":74}},"38":{"start":{"line":63,"column":19},"end":{"line":63,"column":74}},"39":{"start":{"line":64,"column":8},"end":{"line":64,"column":116}},"40":{"start":{"line":64,"column":39},"end":{"line":64,"column":116}},"41":{"start":{"line":65,"column":8},"end":{"line":65,"column":24}},"42":{"start":{"line":66,"column":8},"end":{"line":66,"column":15}},"43":{"start":{"line":68,"column":8},"end":{"line":68,"column":52}},"44":{"start":{"line":83,"column":18},"end":{"line":87,"column":7}},"45":{"start":{"line":88,"column":6},"end":{"line":104,"column":9}},"46":{"start":{"line":89,"column":28},"end":{"line":89,"column":80}},"47":{"start":{"line":90,"column":8},"end":{"line":99,"column":9}},"48":{"start":{"line":91,"column":10},"end":{"line":91,"column":74}},"49":{"start":{"line":93,"column":10},"end":{"line":93,"column":48}},"50":{"start":{"line":94,"column":10},"end":{"line":94,"column":17}},"51":{"start":{"line":96,"column":10},"end":{"line":98,"column":13}},"52":{"start":{"line":101,"column":8},"end":{"line":103,"column":11}},"53":{"start":{"line":116,"column":6},"end":{"line":116,"column":90}},"54":{"start":{"line":116,"column":28},"end":{"line":116,"column":90}},"55":{"start":{"line":117,"column":17},"end":{"line":121,"column":7}},"56":{"start":{"line":122,"column":6},"end":{"line":122,"column":18}},"57":{"start":{"line":134,"column":18},"end":{"line":139,"column":38}},"58":{"start":{"line":141,"column":6},"end":{"line":141,"column":19}},"59":{"start":{"line":154,"column":22},"end":{"line":154,"column":24}},"60":{"start":{"line":155,"column":6},"end":{"line":158,"column":7}},"61":{"start":{"line":157,"column":8},"end":{"line":157,"column":74}},"62":{"start":{"line":159,"column":6},"end":{"line":159,"column":23}},"63":{"start":{"line":173,"column":24},"end":{"line":179,"column":8}},"64":{"start":{"line":182,"column":24},"end":{"line":187,"column":7}},"65":{"start":{"line":189,"column":19},"end":{"line":189,"column":52}},"66":{"start":{"line":190,"column":6},"end":{"line":190,"column":20}},"67":{"start":{"line":194,"column":2},"end":{"line":194,"column":16}},"68":{"start":{"line":197,"column":0},"end":{"line":197,"column":25}}},"fnMap":{"0":{"name":"(anonymous_0)","decl":{"start":{"line":7,"column":19},"end":{"line":7,"column":20}},"loc":{"start":{"line":7,"column":31},"end":{"line":7,"column":561}},"line":7},"1":{"name":"defineProperties","decl":{"start":{"line":7,"column":42},"end":{"line":7,"column":58}},"loc":{"start":{"line":7,"column":74},"end":{"line":7,"column":349}},"line":7},"2":{"name":"(anonymous_2)","decl":{"start":{"line":7,"column":357},"end":{"line":7,"column":358}},"loc":{"start":{"line":7,"column":405},"end":{"line":7,"column":558}},"line":7},"3":{"name":"_interopRequireDefault","decl":{"start":{"line":29,"column":9},"end":{"line":29,"column":31}},"loc":{"start":{"line":29,"column":37},"end":{"line":29,"column":95}},"line":29},"4":{"name":"_classCallCheck","decl":{"start":{"line":31,"column":9},"end":{"line":31,"column":24}},"loc":{"start":{"line":31,"column":48},"end":{"line":31,"column":153}},"line":31},"5":{"name":"(anonymous_5)","decl":{"start":{"line":47,"column":13},"end":{"line":47,"column":14}},"loc":{"start":{"line":47,"column":25},"end":{"line":195,"column":1}},"line":47},"6":{"name":"Helper","decl":{"start":{"line":48,"column":11},"end":{"line":48,"column":17}},"loc":{"start":{"line":48,"column":20},"end":{"line":50,"column":3}},"line":48},"7":{"name":"checkBook","decl":{"start":{"line":61,"column":20},"end":{"line":61,"column":29}},"loc":{"start":{"line":61,"column":46},"end":{"line":70,"column":5}},"line":61},"8":{"name":"(anonymous_8)","decl":{"start":{"line":62,"column":61},"end":{"line":62,"column":62}},"loc":{"start":{"line":62,"column":77},"end":{"line":67,"column":7}},"line":62},"9":{"name":"(anonymous_9)","decl":{"start":{"line":67,"column":15},"end":{"line":67,"column":16}},"loc":{"start":{"line":67,"column":32},"end":{"line":69,"column":7}},"line":67},"10":{"name":"verify","decl":{"start":{"line":82,"column":20},"end":{"line":82,"column":26}},"loc":{"start":{"line":82,"column":43},"end":{"line":105,"column":5}},"line":82},"11":{"name":"(anonymous_11)","decl":{"start":{"line":88,"column":52},"end":{"line":88,"column":53}},"loc":{"start":{"line":88,"column":72},"end":{"line":100,"column":7}},"line":88},"12":{"name":"(anonymous_12)","decl":{"start":{"line":90,"column":66},"end":{"line":90,"column":67}},"loc":{"start":{"line":90,"column":82},"end":{"line":92,"column":9}},"line":90},"13":{"name":"(anonymous_13)","decl":{"start":{"line":100,"column":15},"end":{"line":100,"column":16}},"loc":{"start":{"line":100,"column":32},"end":{"line":104,"column":7}},"line":100},"14":{"name":"composeRequest","decl":{"start":{"line":115,"column":20},"end":{"line":115,"column":34}},"loc":{"start":{"line":115,"column":45},"end":{"line":123,"column":5}},"line":115},"15":{"name":"generateToken","decl":{"start":{"line":133,"column":20},"end":{"line":133,"column":33}},"loc":{"start":{"line":133,"column":40},"end":{"line":142,"column":5}},"line":133},"16":{"name":"urlGenerator","decl":{"start":{"line":153,"column":20},"end":{"line":153,"column":32}},"loc":{"start":{"line":153,"column":50},"end":{"line":160,"column":5}},"line":153},"17":{"name":"generateMail","decl":{"start":{"line":171,"column":20},"end":{"line":171,"column":32}},"loc":{"start":{"line":171,"column":57},"end":{"line":191,"column":5}},"line":171}},"branchMap":{"0":{"loc":{"start":{"line":7,"column":168},"end":{"line":7,"column":198}},"type":"binary-expr","locations":[{"start":{"line":7,"column":168},"end":{"line":7,"column":189}},{"start":{"line":7,"column":193},"end":{"line":7,"column":198}}],"line":7},"1":{"loc":{"start":{"line":7,"column":232},"end":{"line":7,"column":286}},"type":"if","locations":[{"start":{"line":7,"column":232},"end":{"line":7,"column":286}},{"start":{"line":7,"column":232},"end":{"line":7,"column":286}}],"line":7},"2":{"loc":{"start":{"line":7,"column":407},"end":{"line":7,"column":475}},"type":"if","locations":[{"start":{"line":7,"column":407},"end":{"line":7,"column":475}},{"start":{"line":7,"column":407},"end":{"line":7,"column":475}}],"line":7},"3":{"loc":{"start":{"line":7,"column":476},"end":{"line":7,"column":536}},"type":"if","locations":[{"start":{"line":7,"column":476},"end":{"line":7,"column":536}},{"start":{"line":7,"column":476},"end":{"line":7,"column":536}}],"line":7},"4":{"loc":{"start":{"line":29,"column":46},"end":{"line":29,"column":92}},"type":"cond-expr","locations":[{"start":{"line":29,"column":70},"end":{"line":29,"column":73}},{"start":{"line":29,"column":76},"end":{"line":29,"column":92}}],"line":29},"5":{"loc":{"start":{"line":29,"column":46},"end":{"line":29,"column":67}},"type":"binary-expr","locations":[{"start":{"line":29,"column":46},"end":{"line":29,"column":49}},{"start":{"line":29,"column":53},"end":{"line":29,"column":67}}],"line":29},"6":{"loc":{"start":{"line":31,"column":50},"end":{"line":31,"column":151}},"type":"if","locations":[{"start":{"line":31,"column":50},"end":{"line":31,"column":151}},{"start":{"line":31,"column":50},"end":{"line":31,"column":151}}],"line":31},"7":{"loc":{"start":{"line":63,"column":8},"end":{"line":63,"column":74}},"type":"if","locations":[{"start":{"line":63,"column":8},"end":{"line":63,"column":74}},{"start":{"line":63,"column":8},"end":{"line":63,"column":74}}],"line":63},"8":{"loc":{"start":{"line":64,"column":8},"end":{"line":64,"column":116}},"type":"if","locations":[{"start":{"line":64,"column":8},"end":{"line":64,"column":116}},{"start":{"line":64,"column":8},"end":{"line":64,"column":116}}],"line":64},"9":{"loc":{"start":{"line":90,"column":8},"end":{"line":99,"column":9}},"type":"if","locations":[{"start":{"line":90,"column":8},"end":{"line":99,"column":9}},{"start":{"line":90,"column":8},"end":{"line":99,"column":9}}],"line":90},"10":{"loc":{"start":{"line":90,"column":12},"end":{"line":92,"column":10}},"type":"binary-expr","locations":[{"start":{"line":90,"column":12},"end":{"line":90,"column":42}},{"start":{"line":90,"column":46},"end":{"line":92,"column":10}}],"line":90},"11":{"loc":{"start":{"line":116,"column":6},"end":{"line":116,"column":90}},"type":"if","locations":[{"start":{"line":116,"column":6},"end":{"line":116,"column":90}},{"start":{"line":116,"column":6},"end":{"line":116,"column":90}}],"line":116}},"s":{"0":1,"1":1,"2":1,"3":6,"4":6,"5":6,"6":6,"7":6,"8":6,"9":1,"10":1,"11":0,"12":1,"13":1,"14":1,"15":1,"16":1,"17":1,"18":1,"19":1,"20":1,"21":1,"22":1,"23":1,"24":1,"25":5,"26":0,"27":0,"28":1,"29":1,"30":1,"31":1,"32":1,"33":1,"34":0,"35":1,"36":2,"37":2,"38":1,"39":1,"40":0,"41":1,"42":1,"43":0,"44":1,"45":1,"46":1,"47":1,"48":0,"49":1,"50":1,"51":0,"52":0,"53":1,"54":0,"55":1,"56":1,"57":5,"58":5,"59":0,"60":0,"61":0,"62":0,"63":0,"64":0,"65":0,"66":0,"67":1,"68":1},"f":{"0":1,"1":1,"2":1,"3":5,"4":0,"5":1,"6":0,"7":2,"8":2,"9":0,"10":1,"11":1,"12":0,"13":0,"14":1,"15":5,"16":0,"17":0},"b":{"0":[6,6],"1":[6,0],"2":[0,1],"3":[1,0],"4":[2,3],"5":[5,5],"6":[0,0],"7":[1,1],"8":[0,1],"9":[1,0],"10":[1,1],"11":[0,1]},"_coverageSchema":"332fd63041d2c1bcb487cc26dd0d5f7d97098a6c","hash":"e8ef41d51e1477d1a83a34a2a13e719b11fcde2c","contentHash":"ab6a515e83c00300e29ceccb0151fcc7_11.2.1"},"/Users/andeladeveloper/Desktop/HelloBooks/server/utils/limits.js":{"path":"/Users/andeladeveloper/Desktop/HelloBooks/server/utils/limits.js","statementMap":{"0":{"start":{"line":3,"column":0},"end":{"line":5,"column":3}},"1":{"start":{"line":6,"column":0},"end":{"line":19,"column":2}}},"fnMap":{},"branchMap":{},"s":{"0":1,"1":1},"f":{},"b":{},"_coverageSchema":"332fd63041d2c1bcb487cc26dd0d5f7d97098a6c","hash":"7c9d5f56c202c0846b0d4bc53fec6f0493a9d3a3","contentHash":"5289ea50f2d44b400bb55948c6829749_11.2.1"},"/Users/andeladeveloper/Desktop/HelloBooks/server/middleware/errorMessages.js":{"path":"/Users/andeladeveloper/Desktop/HelloBooks/server/middleware/errorMessages.js","statementMap":{"0":{"start":{"line":3,"column":0},"end":{"line":5,"column":3}},"1":{"start":{"line":12,"column":2},"end":{"line":22,"column":3}},"2":{"start":{"line":13,"column":4},"end":{"line":16,"column":6}},"3":{"start":{"line":17,"column":9},"end":{"line":22,"column":3}},"4":{"start":{"line":18,"column":4},"end":{"line":21,"column":6}},"5":{"start":{"line":23,"column":2},"end":{"line":23,"column":20}},"6":{"start":{"line":26,"column":0},"end":{"line":26,"column":32}}},"fnMap":{"0":{"name":"errorMessages","decl":{"start":{"line":11,"column":9},"end":{"line":11,"column":22}},"loc":{"start":{"line":11,"column":30},"end":{"line":24,"column":1}},"line":11}},"branchMap":{"0":{"loc":{"start":{"line":12,"column":2},"end":{"line":22,"column":3}},"type":"if","locations":[{"start":{"line":12,"column":2},"end":{"line":22,"column":3}},{"start":{"line":12,"column":2},"end":{"line":22,"column":3}}],"line":12},"1":{"loc":{"start":{"line":17,"column":9},"end":{"line":22,"column":3}},"type":"if","locations":[{"start":{"line":17,"column":9},"end":{"line":22,"column":3}},{"start":{"line":17,"column":9},"end":{"line":22,"column":3}}],"line":17}},"s":{"0":1,"1":21,"2":3,"3":18,"4":18,"5":0,"6":1},"f":{"0":21},"b":{"0":[3,18],"1":[18,0]},"_coverageSchema":"332fd63041d2c1bcb487cc26dd0d5f7d97098a6c","hash":"913b149759d1a4d003326a5ba07c04c610fffe3d","contentHash":"ce2ef77167afc02a7174781f279a8b7d_11.2.1"},"/Users/andeladeveloper/Desktop/HelloBooks/server/controller/book.js":{"path":"/Users/andeladeveloper/Desktop/HelloBooks/server/controller/book.js","statementMap":{"0":{"start":{"line":3,"column":0},"end":{"line":5,"column":3}},"1":{"start":{"line":7,"column":19},"end":{"line":7,"column":563}},"2":{"start":{"line":7,"column":76},"end":{"line":7,"column":347}},"3":{"start":{"line":7,"column":134},"end":{"line":7,"column":142}},"4":{"start":{"line":7,"column":144},"end":{"line":7,"column":199}},"5":{"start":{"line":7,"column":200},"end":{"line":7,"column":231}},"6":{"start":{"line":7,"column":232},"end":{"line":7,"column":286}},"7":{"start":{"line":7,"column":259},"end":{"line":7,"column":286}},"8":{"start":{"line":7,"column":287},"end":{"line":7,"column":345}},"9":{"start":{"line":7,"column":350},"end":{"line":7,"column":559}},"10":{"start":{"line":7,"column":407},"end":{"line":7,"column":475}},"11":{"start":{"line":7,"column":423},"end":{"line":7,"column":475}},"12":{"start":{"line":7,"column":476},"end":{"line":7,"column":536}},"13":{"start":{"line":7,"column":493},"end":{"line":7,"column":536}},"14":{"start":{"line":7,"column":537},"end":{"line":7,"column":556}},"15":{"start":{"line":9,"column":14},"end":{"line":9,"column":34}},"16":{"start":{"line":11,"column":15},"end":{"line":11,"column":46}},"17":{"start":{"line":13,"column":21},"end":{"line":13,"column":59}},"18":{"start":{"line":15,"column":22},"end":{"line":15,"column":60}},"19":{"start":{"line":17,"column":39},"end":{"line":17,"column":93}},"20":{"start":{"line":19,"column":50},"end":{"line":19,"column":151}},"21":{"start":{"line":19,"column":92},"end":{"line":19,"column":149}},"22":{"start":{"line":21,"column":16},"end":{"line":21,"column":37}},"23":{"start":{"line":22,"column":19},"end":{"line":22,"column":48}},"24":{"start":{"line":23,"column":20},"end":{"line":23,"column":45}},"25":{"start":{"line":30,"column":11},"end":{"line":383,"column":3}},"26":{"start":{"line":32,"column":4},"end":{"line":32,"column":32}},"27":{"start":{"line":35,"column":2},"end":{"line":380,"column":6}},"28":{"start":{"line":44,"column":6},"end":{"line":59,"column":9}},"29":{"start":{"line":45,"column":8},"end":{"line":45,"column":70}},"30":{"start":{"line":48,"column":28},"end":{"line":48,"column":63}},"31":{"start":{"line":49,"column":8},"end":{"line":58,"column":9}},"32":{"start":{"line":51,"column":12},"end":{"line":51,"column":67}},"33":{"start":{"line":52,"column":12},"end":{"line":52,"column":18}},"34":{"start":{"line":54,"column":12},"end":{"line":54,"column":67}},"35":{"start":{"line":55,"column":12},"end":{"line":55,"column":18}},"36":{"start":{"line":57,"column":12},"end":{"line":57,"column":67}},"37":{"start":{"line":71,"column":19},"end":{"line":71,"column":46}},"38":{"start":{"line":72,"column":6},"end":{"line":92,"column":9}},"39":{"start":{"line":73,"column":8},"end":{"line":89,"column":9}},"40":{"start":{"line":74,"column":10},"end":{"line":74,"column":97}},"41":{"start":{"line":76,"column":10},"end":{"line":88,"column":13}},"42":{"start":{"line":77,"column":12},"end":{"line":85,"column":13}},"43":{"start":{"line":78,"column":14},"end":{"line":78,"column":82}},"44":{"start":{"line":79,"column":19},"end":{"line":85,"column":13}},"45":{"start":{"line":80,"column":14},"end":{"line":84,"column":17}},"46":{"start":{"line":81,"column":16},"end":{"line":83,"column":19}},"47":{"start":{"line":82,"column":18},"end":{"line":82,"column":114}},"48":{"start":{"line":87,"column":12},"end":{"line":87,"column":53}},"49":{"start":{"line":91,"column":8},"end":{"line":91,"column":49}},"50":{"start":{"line":105,"column":19},"end":{"line":105,"column":46}},"51":{"start":{"line":106,"column":6},"end":{"line":116,"column":9}},"52":{"start":{"line":107,"column":8},"end":{"line":113,"column":9}},"53":{"start":{"line":108,"column":10},"end":{"line":112,"column":13}},"54":{"start":{"line":109,"column":12},"end":{"line":109,"column":73}},"55":{"start":{"line":111,"column":12},"end":{"line":111,"column":51}},"56":{"start":{"line":115,"column":8},"end":{"line":115,"column":27}},"57":{"start":{"line":128,"column":6},"end":{"line":132,"column":9}},"58":{"start":{"line":129,"column":8},"end":{"line":129,"column":50}},"59":{"start":{"line":131,"column":8},"end":{"line":131,"column":57}},"60":{"start":{"line":144,"column":6},"end":{"line":149,"column":9}},"61":{"start":{"line":146,"column":8},"end":{"line":146,"column":50}},"62":{"start":{"line":148,"column":8},"end":{"line":148,"column":57}},"63":{"start":{"line":161,"column":6},"end":{"line":166,"column":9}},"64":{"start":{"line":163,"column":8},"end":{"line":163,"column":50}},"65":{"start":{"line":165,"column":8},"end":{"line":165,"column":57}},"66":{"start":{"line":179,"column":19},"end":{"line":179,"column":32}},"67":{"start":{"line":180,"column":6},"end":{"line":188,"column":9}},"68":{"start":{"line":181,"column":8},"end":{"line":185,"column":9}},"69":{"start":{"line":182,"column":10},"end":{"line":182,"column":91}},"70":{"start":{"line":184,"column":10},"end":{"line":184,"column":50}},"71":{"start":{"line":187,"column":8},"end":{"line":187,"column":49}},"72":{"start":{"line":200,"column":18},"end":{"line":205,"column":7}},"73":{"start":{"line":206,"column":21},"end":{"line":216,"column":7}},"74":{"start":{"line":218,"column":6},"end":{"line":229,"column":9}},"75":{"start":{"line":219,"column":8},"end":{"line":219,"column":74}},"76":{"start":{"line":219,"column":19},"end":{"line":219,"column":74}},"77":{"start":{"line":220,"column":8},"end":{"line":228,"column":11}},"78":{"start":{"line":221,"column":10},"end":{"line":223,"column":11}},"79":{"start":{"line":222,"column":12},"end":{"line":222,"column":91}},"80":{"start":{"line":225,"column":10},"end":{"line":225,"column":56}},"81":{"start":{"line":227,"column":10},"end":{"line":227,"column":54}},"82":{"start":{"line":241,"column":6},"end":{"line":252,"column":9}},"83":{"start":{"line":242,"column":8},"end":{"line":249,"column":19}},"84":{"start":{"line":243,"column":10},"end":{"line":246,"column":11}},"85":{"start":{"line":244,"column":12},"end":{"line":245,"column":57}},"86":{"start":{"line":248,"column":10},"end":{"line":248,"column":77}},"87":{"start":{"line":251,"column":8},"end":{"line":251,"column":49}},"88":{"start":{"line":264,"column":6},"end":{"line":288,"column":9}},"89":{"start":{"line":268,"column":8},"end":{"line":287,"column":9}},"90":{"start":{"line":269,"column":10},"end":{"line":270,"column":73}},"91":{"start":{"line":272,"column":10},"end":{"line":286,"column":13}},"92":{"start":{"line":273,"column":12},"end":{"line":285,"column":13}},"93":{"start":{"line":274,"column":14},"end":{"line":284,"column":17}},"94":{"start":{"line":275,"column":16},"end":{"line":281,"column":19}},"95":{"start":{"line":276,"column":18},"end":{"line":278,"column":19}},"96":{"start":{"line":277,"column":20},"end":{"line":277,"column":80}},"97":{"start":{"line":280,"column":18},"end":{"line":280,"column":57}},"98":{"start":{"line":283,"column":16},"end":{"line":283,"column":55}},"99":{"start":{"line":301,"column":6},"end":{"line":317,"column":9}},"100":{"start":{"line":302,"column":8},"end":{"line":304,"column":9}},"101":{"start":{"line":303,"column":10},"end":{"line":303,"column":64}},"102":{"start":{"line":306,"column":28},"end":{"line":306,"column":63}},"103":{"start":{"line":307,"column":8},"end":{"line":316,"column":9}},"104":{"start":{"line":309,"column":12},"end":{"line":309,"column":65}},"105":{"start":{"line":310,"column":12},"end":{"line":310,"column":18}},"106":{"start":{"line":312,"column":12},"end":{"line":312,"column":65}},"107":{"start":{"line":313,"column":12},"end":{"line":313,"column":18}},"108":{"start":{"line":315,"column":12},"end":{"line":315,"column":65}},"109":{"start":{"line":330,"column":6},"end":{"line":336,"column":9}},"110":{"start":{"line":331,"column":8},"end":{"line":333,"column":9}},"111":{"start":{"line":332,"column":10},"end":{"line":332,"column":59}},"112":{"start":{"line":335,"column":8},"end":{"line":335,"column":67}},"113":{"start":{"line":349,"column":6},"end":{"line":361,"column":9}},"114":{"start":{"line":350,"column":8},"end":{"line":358,"column":9}},"115":{"start":{"line":351,"column":10},"end":{"line":355,"column":13}},"116":{"start":{"line":352,"column":12},"end":{"line":352,"column":66}},"117":{"start":{"line":354,"column":12},"end":{"line":354,"column":66}},"118":{"start":{"line":357,"column":10},"end":{"line":357,"column":71}},"119":{"start":{"line":360,"column":8},"end":{"line":360,"column":65}},"120":{"start":{"line":374,"column":6},"end":{"line":378,"column":9}},"121":{"start":{"line":375,"column":8},"end":{"line":375,"column":59}},"122":{"start":{"line":377,"column":8},"end":{"line":377,"column":47}},"123":{"start":{"line":382,"column":2},"end":{"line":382,"column":14}},"124":{"start":{"line":385,"column":0},"end":{"line":385,"column":23}}},"fnMap":{"0":{"name":"(anonymous_0)","decl":{"start":{"line":7,"column":19},"end":{"line":7,"column":20}},"loc":{"start":{"line":7,"column":31},"end":{"line":7,"column":561}},"line":7},"1":{"name":"defineProperties","decl":{"start":{"line":7,"column":42},"end":{"line":7,"column":58}},"loc":{"start":{"line":7,"column":74},"end":{"line":7,"column":349}},"line":7},"2":{"name":"(anonymous_2)","decl":{"start":{"line":7,"column":357},"end":{"line":7,"column":358}},"loc":{"start":{"line":7,"column":405},"end":{"line":7,"column":558}},"line":7},"3":{"name":"_interopRequireDefault","decl":{"start":{"line":17,"column":9},"end":{"line":17,"column":31}},"loc":{"start":{"line":17,"column":37},"end":{"line":17,"column":95}},"line":17},"4":{"name":"_classCallCheck","decl":{"start":{"line":19,"column":9},"end":{"line":19,"column":24}},"loc":{"start":{"line":19,"column":48},"end":{"line":19,"column":153}},"line":19},"5":{"name":"(anonymous_5)","decl":{"start":{"line":30,"column":11},"end":{"line":30,"column":12}},"loc":{"start":{"line":30,"column":23},"end":{"line":383,"column":1}},"line":30},"6":{"name":"Book","decl":{"start":{"line":31,"column":11},"end":{"line":31,"column":15}},"loc":{"start":{"line":31,"column":18},"end":{"line":33,"column":3}},"line":31},"7":{"name":"addBook","decl":{"start":{"line":43,"column":20},"end":{"line":43,"column":27}},"loc":{"start":{"line":43,"column":38},"end":{"line":60,"column":5}},"line":43},"8":{"name":"(anonymous_8)","decl":{"start":{"line":44,"column":38},"end":{"line":44,"column":39}},"loc":{"start":{"line":44,"column":54},"end":{"line":46,"column":7}},"line":44},"9":{"name":"(anonymous_9)","decl":{"start":{"line":46,"column":15},"end":{"line":46,"column":16}},"loc":{"start":{"line":46,"column":32},"end":{"line":59,"column":7}},"line":46},"10":{"name":"deleteBook","decl":{"start":{"line":70,"column":20},"end":{"line":70,"column":30}},"loc":{"start":{"line":70,"column":41},"end":{"line":93,"column":5}},"line":70},"11":{"name":"(anonymous_11)","decl":{"start":{"line":72,"column":84},"end":{"line":72,"column":85}},"loc":{"start":{"line":72,"column":104},"end":{"line":90,"column":7}},"line":72},"12":{"name":"(anonymous_12)","decl":{"start":{"line":76,"column":78},"end":{"line":76,"column":79}},"loc":{"start":{"line":76,"column":95},"end":{"line":86,"column":11}},"line":76},"13":{"name":"(anonymous_13)","decl":{"start":{"line":80,"column":86},"end":{"line":80,"column":87}},"loc":{"start":{"line":80,"column":98},"end":{"line":84,"column":15}},"line":80},"14":{"name":"(anonymous_14)","decl":{"start":{"line":81,"column":41},"end":{"line":81,"column":42}},"loc":{"start":{"line":81,"column":61},"end":{"line":83,"column":17}},"line":81},"15":{"name":"(anonymous_15)","decl":{"start":{"line":86,"column":19},"end":{"line":86,"column":20}},"loc":{"start":{"line":86,"column":36},"end":{"line":88,"column":11}},"line":86},"16":{"name":"(anonymous_16)","decl":{"start":{"line":90,"column":15},"end":{"line":90,"column":16}},"loc":{"start":{"line":90,"column":32},"end":{"line":92,"column":7}},"line":90},"17":{"name":"enableBook","decl":{"start":{"line":104,"column":20},"end":{"line":104,"column":30}},"loc":{"start":{"line":104,"column":41},"end":{"line":117,"column":5}},"line":104},"18":{"name":"(anonymous_18)","decl":{"start":{"line":106,"column":38},"end":{"line":106,"column":39}},"loc":{"start":{"line":106,"column":58},"end":{"line":114,"column":7}},"line":106},"19":{"name":"(anonymous_19)","decl":{"start":{"line":108,"column":81},"end":{"line":108,"column":82}},"loc":{"start":{"line":108,"column":93},"end":{"line":110,"column":11}},"line":108},"20":{"name":"(anonymous_20)","decl":{"start":{"line":110,"column":19},"end":{"line":110,"column":20}},"loc":{"start":{"line":110,"column":36},"end":{"line":112,"column":11}},"line":110},"21":{"name":"(anonymous_21)","decl":{"start":{"line":114,"column":15},"end":{"line":114,"column":16}},"loc":{"start":{"line":114,"column":32},"end":{"line":116,"column":7}},"line":114},"22":{"name":"getBook","decl":{"start":{"line":127,"column":20},"end":{"line":127,"column":27}},"loc":{"start":{"line":127,"column":38},"end":{"line":133,"column":5}},"line":127},"23":{"name":"(anonymous_23)","decl":{"start":{"line":128,"column":97},"end":{"line":128,"column":98}},"loc":{"start":{"line":128,"column":117},"end":{"line":130,"column":7}},"line":128},"24":{"name":"(anonymous_24)","decl":{"start":{"line":130,"column":15},"end":{"line":130,"column":16}},"loc":{"start":{"line":130,"column":32},"end":{"line":132,"column":7}},"line":130},"25":{"name":"getAllBooks","decl":{"start":{"line":143,"column":20},"end":{"line":143,"column":31}},"loc":{"start":{"line":143,"column":42},"end":{"line":150,"column":5}},"line":143},"26":{"name":"(anonymous_26)","decl":{"start":{"line":145,"column":50},"end":{"line":145,"column":51}},"loc":{"start":{"line":145,"column":70},"end":{"line":147,"column":7}},"line":145},"27":{"name":"(anonymous_27)","decl":{"start":{"line":147,"column":15},"end":{"line":147,"column":16}},"loc":{"start":{"line":147,"column":32},"end":{"line":149,"column":7}},"line":147},"28":{"name":"getBorrowedBooks","decl":{"start":{"line":160,"column":20},"end":{"line":160,"column":36}},"loc":{"start":{"line":160,"column":47},"end":{"line":167,"column":5}},"line":160},"29":{"name":"(anonymous_29)","decl":{"start":{"line":162,"column":54},"end":{"line":162,"column":55}},"loc":{"start":{"line":162,"column":74},"end":{"line":164,"column":7}},"line":162},"30":{"name":"(anonymous_30)","decl":{"start":{"line":164,"column":15},"end":{"line":164,"column":16}},"loc":{"start":{"line":164,"column":32},"end":{"line":166,"column":7}},"line":164},"31":{"name":"getBookById","decl":{"start":{"line":178,"column":20},"end":{"line":178,"column":31}},"loc":{"start":{"line":178,"column":42},"end":{"line":189,"column":5}},"line":178},"32":{"name":"(anonymous_32)","decl":{"start":{"line":180,"column":74},"end":{"line":180,"column":75}},"loc":{"start":{"line":180,"column":90},"end":{"line":186,"column":7}},"line":180},"33":{"name":"(anonymous_33)","decl":{"start":{"line":186,"column":15},"end":{"line":186,"column":16}},"loc":{"start":{"line":186,"column":32},"end":{"line":188,"column":7}},"line":186},"34":{"name":"modifyBook","decl":{"start":{"line":199,"column":20},"end":{"line":199,"column":30}},"loc":{"start":{"line":199,"column":41},"end":{"line":230,"column":5}},"line":199},"35":{"name":"(anonymous_35)","decl":{"start":{"line":218,"column":36},"end":{"line":218,"column":37}},"loc":{"start":{"line":218,"column":52},"end":{"line":229,"column":7}},"line":218},"36":{"name":"(anonymous_36)","decl":{"start":{"line":220,"column":35},"end":{"line":220,"column":36}},"loc":{"start":{"line":220,"column":54},"end":{"line":224,"column":9}},"line":220},"37":{"name":"(anonymous_37)","decl":{"start":{"line":224,"column":17},"end":{"line":224,"column":18}},"loc":{"start":{"line":224,"column":34},"end":{"line":226,"column":9}},"line":224},"38":{"name":"(anonymous_38)","decl":{"start":{"line":226,"column":17},"end":{"line":226,"column":18}},"loc":{"start":{"line":226,"column":34},"end":{"line":228,"column":9}},"line":226},"39":{"name":"borrowBook","decl":{"start":{"line":240,"column":20},"end":{"line":240,"column":30}},"loc":{"start":{"line":240,"column":41},"end":{"line":253,"column":5}},"line":240},"40":{"name":"(anonymous_40)","decl":{"start":{"line":241,"column":41},"end":{"line":241,"column":42}},"loc":{"start":{"line":241,"column":61},"end":{"line":250,"column":7}},"line":241},"41":{"name":"(anonymous_41)","decl":{"start":{"line":242,"column":125},"end":{"line":242,"column":126}},"loc":{"start":{"line":242,"column":146},"end":{"line":247,"column":9}},"line":242},"42":{"name":"(anonymous_42)","decl":{"start":{"line":247,"column":17},"end":{"line":247,"column":18}},"loc":{"start":{"line":247,"column":34},"end":{"line":249,"column":9}},"line":247},"43":{"name":"(anonymous_43)","decl":{"start":{"line":250,"column":15},"end":{"line":250,"column":16}},"loc":{"start":{"line":250,"column":32},"end":{"line":252,"column":7}},"line":250},"44":{"name":"returnBook","decl":{"start":{"line":263,"column":20},"end":{"line":263,"column":30}},"loc":{"start":{"line":263,"column":41},"end":{"line":289,"column":5}},"line":263},"45":{"name":"(anonymous_45)","decl":{"start":{"line":267,"column":40},"end":{"line":267,"column":41}},"loc":{"start":{"line":267,"column":60},"end":{"line":288,"column":7}},"line":267},"46":{"name":"(anonymous_46)","decl":{"start":{"line":272,"column":102},"end":{"line":272,"column":103}},"loc":{"start":{"line":272,"column":122},"end":{"line":286,"column":11}},"line":272},"47":{"name":"(anonymous_47)","decl":{"start":{"line":274,"column":55},"end":{"line":274,"column":56}},"loc":{"start":{"line":274,"column":76},"end":{"line":282,"column":15}},"line":274},"48":{"name":"(anonymous_48)","decl":{"start":{"line":275,"column":123},"end":{"line":275,"column":124}},"loc":{"start":{"line":275,"column":142},"end":{"line":279,"column":17}},"line":275},"49":{"name":"(anonymous_49)","decl":{"start":{"line":279,"column":25},"end":{"line":279,"column":26}},"loc":{"start":{"line":279,"column":42},"end":{"line":281,"column":17}},"line":279},"50":{"name":"(anonymous_50)","decl":{"start":{"line":282,"column":23},"end":{"line":282,"column":24}},"loc":{"start":{"line":282,"column":40},"end":{"line":284,"column":15}},"line":282},"51":{"name":"addCategory","decl":{"start":{"line":300,"column":20},"end":{"line":300,"column":31}},"loc":{"start":{"line":300,"column":42},"end":{"line":318,"column":5}},"line":300},"52":{"name":"(anonymous_52)","decl":{"start":{"line":301,"column":42},"end":{"line":301,"column":43}},"loc":{"start":{"line":301,"column":62},"end":{"line":305,"column":7}},"line":301},"53":{"name":"(anonymous_53)","decl":{"start":{"line":305,"column":15},"end":{"line":305,"column":16}},"loc":{"start":{"line":305,"column":32},"end":{"line":317,"column":7}},"line":305},"54":{"name":"getCategories","decl":{"start":{"line":329,"column":20},"end":{"line":329,"column":33}},"loc":{"start":{"line":329,"column":44},"end":{"line":337,"column":5}},"line":329},"55":{"name":"(anonymous_55)","decl":{"start":{"line":330,"column":35},"end":{"line":330,"column":36}},"loc":{"start":{"line":330,"column":57},"end":{"line":334,"column":7}},"line":330},"56":{"name":"(anonymous_56)","decl":{"start":{"line":334,"column":15},"end":{"line":334,"column":16}},"loc":{"start":{"line":334,"column":32},"end":{"line":336,"column":7}},"line":334},"57":{"name":"deleteCategory","decl":{"start":{"line":348,"column":20},"end":{"line":348,"column":34}},"loc":{"start":{"line":348,"column":45},"end":{"line":362,"column":5}},"line":348},"58":{"name":"(anonymous_58)","decl":{"start":{"line":349,"column":47},"end":{"line":349,"column":48}},"loc":{"start":{"line":349,"column":67},"end":{"line":359,"column":7}},"line":349},"59":{"name":"(anonymous_59)","decl":{"start":{"line":351,"column":69},"end":{"line":351,"column":70}},"loc":{"start":{"line":351,"column":81},"end":{"line":353,"column":11}},"line":351},"60":{"name":"(anonymous_60)","decl":{"start":{"line":353,"column":19},"end":{"line":353,"column":20}},"loc":{"start":{"line":353,"column":36},"end":{"line":355,"column":11}},"line":353},"61":{"name":"(anonymous_61)","decl":{"start":{"line":359,"column":15},"end":{"line":359,"column":16}},"loc":{"start":{"line":359,"column":32},"end":{"line":361,"column":7}},"line":359},"62":{"name":"fetchTrendingBooks","decl":{"start":{"line":373,"column":20},"end":{"line":373,"column":38}},"loc":{"start":{"line":373,"column":49},"end":{"line":379,"column":5}},"line":373},"63":{"name":"(anonymous_63)","decl":{"start":{"line":374,"column":75},"end":{"line":374,"column":76}},"loc":{"start":{"line":374,"column":95},"end":{"line":376,"column":7}},"line":374},"64":{"name":"(anonymous_64)","decl":{"start":{"line":376,"column":15},"end":{"line":376,"column":16}},"loc":{"start":{"line":376,"column":32},"end":{"line":378,"column":7}},"line":376}},"branchMap":{"0":{"loc":{"start":{"line":7,"column":168},"end":{"line":7,"column":198}},"type":"binary-expr","locations":[{"start":{"line":7,"column":168},"end":{"line":7,"column":189}},{"start":{"line":7,"column":193},"end":{"line":7,"column":198}}],"line":7},"1":{"loc":{"start":{"line":7,"column":232},"end":{"line":7,"column":286}},"type":"if","locations":[{"start":{"line":7,"column":232},"end":{"line":7,"column":286}},{"start":{"line":7,"column":232},"end":{"line":7,"column":286}}],"line":7},"2":{"loc":{"start":{"line":7,"column":407},"end":{"line":7,"column":475}},"type":"if","locations":[{"start":{"line":7,"column":407},"end":{"line":7,"column":475}},{"start":{"line":7,"column":407},"end":{"line":7,"column":475}}],"line":7},"3":{"loc":{"start":{"line":7,"column":476},"end":{"line":7,"column":536}},"type":"if","locations":[{"start":{"line":7,"column":
[...]
}],"line":17},"5":{"loc":{"start":{"line":17,"column":46},"end":{"line":17,"column":67}},"type":"binary-expr","locations":[{"start":{"line":17,"column":46},"end":{"line":17,"column":49}},{"start":{"line":17,"column":53},"end":{"line":17,"column":67}}],"line":17},"6":{"loc":{"start":{"line":19,"column":50},"end":{"line":19,"column":151}},"type":"if","locations":[{"start":{"line":19,"column":50},"end":{"line":19,"column":151}},{"start":{"line":19,"column":50},"end":{"line":19,"column":151}}],"line":19},"7":{"loc":{"start":{"line":49,"column":8},"end":{"line":58,"column":9}},"type":"switch","locations":[{"start":{"line":50,"column":10},"end":{"line":52,"column":18}},{"start":{"line":53,"column":10},"end":{"line":55,"column":18}},{"start":{"line":56,"column":10},"end":{"line":57,"column":67}}],"line":49},"8":{"loc":{"start":{"line":73,"column":8},"end":{"line":89,"column":9}},"type":"if","locations":[{"start":{"line":73,"column":8},"end":{"line":89,"column":9}},{"start":{"line":73,"column":8},"end":{"line":89,"column":9}}],"line":73},"9":{"loc":{"start":{"line":77,"column":12},"end":{"line":85,"column":13}},"type":"if","locations":[{"start":{"line":77,"column":12},"end":{"line":85,"column":13}},{"start":{"line":77,"column":12},"end":{"line":85,"column":13}}],"line":77},"10":{"loc":{"start":{"line":79,"column":19},"end":{"line":85,"column":13}},"type":"if","locations":[{"start":{"line":79,"column":19},"end":{"line":85,"column":13}},{"start":{"line":79,"column":19},"end":{"line":85,"column":13}}],"line":79},"11":{"loc":{"start":{"line":107,"column":8},"end":{"line":113,"column":9}},"type":"if","locations":[{"start":{"line":107,"column":8},"end":{"line":113,"column":9}},{"start":{"line":107,"column":8},"end":{"line":113,"column":9}}],"line":107},"12":{"loc":{"start":{"line":181,"column":8},"end":{"line":185,"column":9}},"type":"if","locations":[{"start":{"line":181,"column":8},"end":{"line":185,"column":9}},{"start":{"line":181,"column":8},"end":{"line":185,"column":9}}],"line":181},"13":{"loc":{"start":{"line":219,"column":8},"end":{"line":219,"column":74}},"type":"if","locations":[{"start":{"line":219,"column":8},"end":{"line":219,"column":74}},{"start":{"line":219,"column":8},"end":{"line":219,"column":74}}],"line":219},"14":{"loc":{"start":{"line":221,"column":10},"end":{"line":223,"column":11}},"type":"if","locations":[{"start":{"line":221,"column":10},"end":{"line":223,"column":11}},{"start":{"line":221,"column":10},"end":{"line":223,"column":11}}],"line":221},"15":{"loc":{"start":{"line":243,"column":10},"end":{"line":246,"column":11}},"type":"if","locations":[{"start":{"line":243,"column":10},"end":{"line":246,"column":11}},{"start":{"line":243,"column":10},"end":{"line":246,"column":11}}],"line":243},"16":{"loc":{"start":{"line":268,"column":8},"end":{"line":287,"column":9}},"type":"if","locations":[{"start":{"line":268,"column":8},"end":{"line":287,"column":9}},{"start":{"line":268,"column":8},"end":{"line":287,"column":9}}],"line":268},"17":{"loc":{"start":{"line":273,"column":12},"end":{"line":285,"column":13}},"type":"if","locations":[{"start":{"line":273,"column":12},"end":{"line":285,"column":13}},{"start":{"line":273,"column":12},"end":{"line":285,"column":13}}],"line":273},"18":{"loc":{"start":{"line":276,"column":18},"end":{"line":278,"column":19}},"type":"if","locations":[{"start":{"line":276,"column":18},"end":{"line":278,"column":19}},{"start":{"line":276,"column":18},"end":{"line":278,"column":19}}],"line":276},"19":{"loc":{"start":{"line":302,"column":8},"end":{"line":304,"column":9}},"type":"if","locations":[{"start":{"line":302,"column":8},"end":{"line":304,"column":9}},{"start":{"line":302,"column":8},"end":{"line":304,"column":9}}],"line":302},"20":{"loc":{"start":{"line":307,"column":8},"end":{"line":316,"column":9}},"type":"switch","locations":[{"start":{"line":308,"column":10},"end":{"line":310,"column":18}},{"start":{"line":311,"column":10},"end":{"line":313,"column":18}},{"start":{"line":314,"column":10},"end":{"line":315,"column":65}}],"line":307},"21":{"loc":{"start":{"line":331,"column":8},"end":{"line":333,"column":9}},"type":"if","locations":[{"start":{"line":331,"column":8},"end":{"line":333,"column":9}},{"start":{"line":331,"column":8},"end":{"line":333,"column":9}}],"line":331},"22":{"loc":{"start":{"line":350,"column":8},"end":{"line":358,"column":9}},"type":"if","locations":[{"start":{"line":350,"column":8},"end":{"line":358,"column":9}},{"start":{"line":350,"column":8},"end":{"line":358,"column":9}}],"line":350}},"s":{"0":1,"1":1,"2":1,"3":14,"4":14,"5":14,"6":14,"7":14,"8":14,"9":1,"10":1,"11":0,"12":1,"13":1,"14":1,"15":1,"16":1,"17":1,"18":1,"19":2,"20":0,"21":0,"22":1,"23":1,"24":1,"25":1,"26":0,"27":1,"28":7,"29":1,"30":6,"31":6,"32":1,"33":1,"34":5,"35":5,"36":0,"37":2,"38":2,"39":2,"40":0,"41":2,"42":2,"43":0,"44":2,"45":2,"46":2,"47":2,"48":0,"49":0,"50":1,"51":1,"52":1,"53":1,"54":1,"55":0,"56":0,"57":1,"58":1,"59":0,"60":1,"61":1,"62":0,"63":1,"64":1,"65":0,"66":1,"67":1,"68":1,"69":0,"70":1,"71":0,"72":1,"73":1,"74":1,"75":1,"76":0,"77":1,"78":1,"79":1,"80":0,"81":0,"82":1,"83":1,"84":1,"85":1,"86":0,"87":0,"88":1,"89":1,"90":0,"91":1,"92":1,"93":1,"94":1,"95":1,"96":1,"97":0,"98":0,"99":5,"100":1,"101":1,"102":4,"103":4,"104":1,"105":1,"106":3,"107":3,"108":0,"109":1,"110":1,"111":1,"112":0,"113":1,"114":1,"115":1,"116":1,"117":0,"118":0,"119":0,"120":1,"121":1,"122":0,"123":1,"124":1},"f":{"0":1,"1":1,"2":1,"3":2,"4":0,"5":1,"6":0,"7":7,"8":1,"9":6,"10":2,"11":2,"12":2,"13":2,"14":2,"15":0,"16":0,"17":1,"18":1,"19":1,"20":0,"21":0,"22":1,"23":1,"24":0,"25":1,"26":1,"27":0,"28":1,"29":1,"30":0,"31":1,"32":1,"33":0,"34":1,"35":1,"36":1,"37":0,"38":0,"39":1,"40":1,"41":1,"42":0,"43":0,"44":1,"45":1,"46":1,"47":1,"48":1,"49":0,"50":0,"51":5,"52":1,"53":4,"54":1,"55":1,"56":0,"57":1,"58":1,"59":1,"60":0,"61":0,"62":1,"63":1,"64":0},"b":{"0":[14,14],"1":[14,0],"2":[0,1],"3":[1,0],"4":[2,0],"5":[2,2],"6":[0,0],"7":[1,5,0],"8":[0,2],"9":[0,2],"10":[2,0],"11":[1,0],"12":[0,1],"13":[0,1],"14":[1,0],"15":[1,0],"16":[0,1],"17":[1,0],"18":[1,0],"19":[1,0],"20":[1,3,0],"21":[1,0],"22":[1,0]},"_coverageSchema":"332fd63041d2c1bcb487cc26dd0d5f7d97098a6c","hash":"a7296a35422c93185e074963b32867e2f1a4a32b","contentHash":"ee7d85f5256f56168f8d2a50b99837b8_11.2.1"},"/Users/andeladeveloper/Desktop/HelloBooks/server/middleware/auth.js":{"path":"/Users/andeladeveloper/Desktop/HelloBooks/server/middleware/auth.js","statementMap":{"0":{"start":{"line":3,"column":0},"end":{"line":5,"column":3}},"1":{"start":{"line":7,"column":19},"end":{"line":7,"column":563}},"2":{"start":{"line":7,"column":76},"end":{"line":7,"column":347}},"3":{"start":{"line":7,"column":134},"end":{"line":7,"column":142}},"4":{"start":{"line":7,"column":144},"end":{"line":7,"column":199}},"5":{"start":{"line":7,"column":200},"end":{"line":7,"column":231}},"6":{"start":{"line":7,"column":232},"end":{"line":7,"column":286}},"7":{"start":{"line":7,"column":259},"end":{"line":7,"column":286}},"8":{"start":{"line":7,"column":287},"end":{"line":7,"column":345}},"9":{"start":{"line":7,"column":350},"end":{"line":7,"column":559}},"10":{"start":{"line":7,"column":407},"end":{"line":7,"column":475}},"11":{"start":{"line":7,"column":423},"end":{"line":7,"column":475}},"12":{"start":{"line":7,"column":476},"end":{"line":7,"column":536}},"13":{"start":{"line":7,"column":493},"end":{"line":7,"column":536}},"14":{"start":{"line":7,"column":537},"end":{"line":7,"column":556}},"15":{"start":{"line":9,"column":20},"end":{"line":9,"column":43}},"16":{"start":{"line":11,"column":21},"end":{"line":11,"column":58}},"17":{"start":{"line":13,"column":14},"end":{"line":13,"column":34}},"18":{"start":{"line":15,"column":15},"end":{"line":15,"column":46}},"19":{"start":{"line":17,"column":39},"end":{"line":17,"column":93}},"20":{"start":{"line":19,"column":50},"end":{"line":19,"column":151}},"21":{"start":{"line":19,"column":92},"end":{"line":19,"column":149}},"22":{"start":{"line":21,"column":0},"end":{"line":21,"column":27}},"23":{"start":{"line":23,"column":16},"end":{"line":23,"column":37}},"24":{"start":{"line":24,"column":13},"end":{"line":24,"column":31}},"25":{"start":{"line":31,"column":21},"end":{"line":112,"column":3}},"26":{"start":{"line":33,"column":4},"end":{"line":33,"column":42}},"27":{"start":{"line":36,"column":2},"end":{"line":109,"column":6}},"28":{"start":{"line":46,"column":6},"end":{"line":55,"column":7}},"29":{"start":{"line":47,"column":8},"end":{"line":47,"column":74}},"30":{"start":{"line":49,"column":22},"end":{"line":49,"column":86}},"31":{"start":{"line":50,"column":8},"end":{"line":54,"column":9}},"32":{"start":{"line":51,"column":10},"end":{"line":51,"column":76}},"33":{"start":{"line":53,"column":10},"end":{"line":53,"column":17}},"34":{"start":{"line":68,"column":6},"end":{"line":83,"column":7}},"35":{"start":{"line":69,"column":8},"end":{"line":69,"column":67}},"36":{"start":{"line":71,"column":22},"end":{"line":71,"column":86}},"37":{"start":{"line":72,"column":8},"end":{"line":82,"column":11}},"38":{"start":{"line":73,"column":10},"end":{"line":79,"column":11}},"39":{"start":{"line":74,"column":12},"end":{"line":74,"column":41}},"40":{"start":{"line":75,"column":12},"end":{"line":75,"column":48}},"41":{"start":{"line":76,"column":12},"end":{"line":76,"column":19}},"42":{"start":{"line":78,"column":12},"end":{"line":78,"column":69}},"43":{"start":{"line":81,"column":10},"end":{"line":81,"column":69}},"44":{"start":{"line":95,"column":6},"end":{"line":107,"column":7}},"45":{"start":{"line":96,"column":8},"end":{"line":96,"column":66}},"46":{"start":{"line":98,"column":8},"end":{"line":106,"column":11}},"47":{"start":{"line":99,"column":10},"end":{"line":103,"column":11}},"48":{"start":{"line":100,"column":12},"end":{"line":100,"column":78}},"49":{"start":{"line":102,"column":12},"end":{"line":102,"column":19}},"50":{"start":{"line":105,"column":10},"end":{"line":105,"column":69}},"51":{"start":{"line":111,"column":2},"end":{"line":111,"column":24}},"52":{"start":{"line":114,"column":0},"end":{"line":114,"column":33}}},"fnMap":{"0":{"name":"(anonymous_0)","decl":{"start":{"line":7,"column":19},"end":{"line":7,"column":20}},"loc":{"start":{"line":7,"column":31},"end":{"line":7,"column":561}},"line":7},"1":{"name":"defineProperties","decl":{"start":{"line":7,"column":42},"end":{"line":7,"column":58}},"loc":{"start":{"line":7,"column":74},"end":{"line":7,"column":349}},"line":7},"2":{"name":"(anonymous_2)","decl":{"start":{"line":7,"column":357},"end":{"line":7,"column":358}},"loc":{"start":{"line":7,"column":405},"end":{"line":7,"column":558}},"line":7},"3":{"name":"_interopRequireDefault","decl":{"start":{"line":17,"column":9},"end":{"line":17,"column":31}},"loc":{"start":{"line":17,"column":37},"end":{"line":17,"column":95}},"line":17},"4":{"name":"_classCallCheck","decl":{"start":{"line":19,"column":9},"end":{"line":19,"column":24}},"loc":{"start":{"line":19,"column":48},"end":{"line":19,"column":153}},"line":19},"5":{"name":"(anonymous_5)","decl":{"start":{"line":31,"column":21},"end":{"line":31,"column":22}},"loc":{"start":{"line":31,"column":33},"end":{"line":112,"column":1}},"line":31},"6":{"name":"Authentication","decl":{"start":{"line":32,"column":11},"end":{"line":32,"column":25}},"loc":{"start":{"line":32,"column":28},"end":{"line":34,"column":3}},"line":32},"7":{"name":"verifyAdmin","decl":{"start":{"line":45,"column":20},"end":{"line":45,"column":31}},"loc":{"start":{"line":45,"column":48},"end":{"line":56,"column":5}},"line":45},"8":{"name":"verifyUser","decl":{"start":{"line":67,"column":20},"end":{"line":67,"column":30}},"loc":{"start":{"line":67,"column":47},"end":{"line":84,"column":5}},"line":67},"9":{"name":"(anonymous_9)","decl":{"start":{"line":72,"column":84},"end":{"line":72,"column":85}},"loc":{"start":{"line":72,"column":100},"end":{"line":80,"column":9}},"line":72},"10":{"name":"(anonymous_10)","decl":{"start":{"line":80,"column":17},"end":{"line":80,"column":18}},"loc":{"start":{"line":80,"column":34},"end":{"line":82,"column":9}},"line":80},"11":{"name":"verifyUrl","decl":{"start":{"line":94,"column":20},"end":{"line":94,"column":29}},"loc":{"start":{"line":94,"column":46},"end":{"line":108,"column":5}},"line":94},"12":{"name":"(anonymous_12)","decl":{"start":{"line":98,"column":76},"end":{"line":98,"column":77}},"loc":{"start":{"line":98,"column":96},"end":{"line":104,"column":9}},"line":98},"13":{"name":"(anonymous_13)","decl":{"start":{"line":104,"column":17},"end":{"line":104,"column":18}},"loc":{"start":{"line":104,"column":29},"end":{"line":106,"column":9}},"line":104}},"branchMap":{"0":{"loc":{"start":{"line":7,"column":168},"end":{"line":7,"column":198}},"type":"binary-expr","locations":[{"start":{"line":7,"column":168},"end":{"line":7,"column":189}},{"start":{"line":7,"column":193},"end":{"line":7,"column":198}}],"line":7},"1":{"loc":{"start":{"line":7,"column":232},"end":{"line":7,"column":286}},"type":"if","locations":[{"start":{"line":7,"column":232},"end":{"line":7,"column":286}},{"start":{"line":7,"column":232},"end":{"line":7,"column":286}}],"line":7},"2":{"loc":{"start":{"line":7,"column":407},"end":{"line":7,"column":475}},"type":"if","locations":[{"start":{"line":7,"column":407},"end":{"line":7,"column":475}},{"start":{"line":7,"column":407},"end":{"line":7,"column":475}}],"line":7},"3":{"loc":{"start":{"line":7,"column":476},"end":{"line":7,"column":536}},"type":"if","locations":[{"start":{"line":7,"column":476},"end":{"line":7,"column":536}},{"start":{"line":7,"column":476},"end":{"line":7,"column":536}}],"line":7},"4":{"loc":{"start":{"line":17,"column":46},"end":{"line":17,"column":92}},"type":"cond-expr","locations":[{"start":{"line":17,"column":70},"end":{"line":17,"column":73}},{"start":{"line":17,"column":76},"end":{"line":17,"column":92}}],"line":17},"5":{"loc":{"start":{"line":17,"column":46},"end":{"line":17,"column":67}},"type":"binary-expr","locations":[{"start":{"line":17,"column":46},"end":{"line":17,"column":49}},{"start":{"line":17,"column":53},"end":{"line":17,"column":67}}],"line":17},"6":{"loc":{"start":{"line":19,"column":50},"end":{"line":19,"column":151}},"type":"if","locations":[{"start":{"line":19,"column":50},"end":{"line":19,"column":151}},{"start":{"line":19,"column":50},"end":{"line":19,"column":151}}],"line":19},"7":{"loc":{"start":{"line":46,"column":6},"end":{"line":55,"column":7}},"type":"if","locations":[{"start":{"line":46,"column":6},"end":{"line":55,"column":7}},{"start":{"line":46,"column":6},"end":{"line":55,"column":7}}],"line":46},"8":{"loc":{"start":{"line":50,"column":8},"end":{"line":54,"column":9}},"type":"if","locations":[{"start":{"line":50,"column":8},"end":{"line":54,"column":9}},{"start":{"line":50,"column":8},"end":{"line":54,"column":9}}],"line":50},"9":{"loc":{"start":{"line":68,"column":6},"end":{"line":83,"column":7}},"type":"if","locations":[{"start":{"line":68,"column":6},"end":{"line":83,"column":7}},{"start":{"line":68,"column":6},"end":{"line":83,"column":7}}],"line":68},"10":{"loc":{"start":{"line":73,"column":10},"end":{"line":79,"column":11}},"type":"if","locations":[{"start":{"line":73,"column":10},"end":{"line":79,"column":11}},{"start":{"line":73,"column":10},"end":{"line":79,"column":11}}],"line":73},"11":{"loc":{"start":{"line":95,"column":6},"end":{"line":107,"column":7}},"type":"if","locations":[{"start":{"line":95,"column":6},"end":{"line":107,"column":7}},{"start":{"line":95,"column":6},"end":{"line":107,"column":7}}],"line":95},"12":{"loc":{"start":{"line":99,"column":10},"end":{"line":103,"column":11}},"type":"if","locations":[{"start":{"line":99,"column":10},"end":{"line":103,"column":11}},{"start":{"line":99,"column":10},"end":{"line":103,"column":11}}],"line":99}},"s":{"0":1,"1":1,"2":1,"3":3,"4":3,"5":3,"6":3,"7":3,"8":3,"9":1,"10":1,"11":0,"12":1,"13":1,"14":1,"15":1,"16":1,"17":1,"18":1,"19":2,"20":0,"21":0,"22":1,"23":1,"24":1,"25":1,"26":0,"27":1,"28":21,"29":0,"30":21,"31":21,"32":0,"33":21,"34":11,"35":1,"36":10,"37":10,"38":10,"39":10,"40":10,"41":10,"42":0,"43":0,"44":4,"45":0,"46":4,"47":4,"48":0,"49":3,"50":1,"51":1,"52":1},"f":{"0":1,"1":1,"2":1,"3":2,"4":0,"5":1,"6":0,"7":21,"8":11,"9":10,"10":0,"11":4,"12":4,"13":1},"b":{"0":[3,3],"1":[3,0],"2":[0,1],"3":[1,0],"4":[1,1],"5":[2,2],"6":[0,0],"7":[0,21],"8":[0,21],"9":[1,10],"10":[10,0],"11":[0,4],"12":[0,3]},"_coverageSchema":"332fd63041d2c1bcb487cc26dd0d5f7d97098a6c","hash":"69dc6c31ba84f1aca25f52d950222546dfe72fe8","contentHash":"e60df1c8732a8c17ffc315d8fda7523a_11.2.1"},"/Users/andeladeveloper/Desktop/HelloBooks/server/utils/mockdata.js":{"path":"/Users/andeladeveloper/Desktop/HelloBooks/server/utils/mockdata.js","statementMap":{"0":{"start":{"line":3,"column":0},"end":{"line":5,"column":3}},"1":{"start":{"line":6,"column":15},"end":{"line":359,"column":1}},"2":{"start":{"line":361,"column":0},"end":{"line":361,"column":27}}},"fnMap":{},"branchMap":{},"s":{"0":1,"1":1,"2":1},"f":{},"b":{},"_coverageSchema":"332fd63041d2c1bcb487cc26dd0d5f7d97098a6c","hash":"23723f372e7615bf8825eaeed87392c8285a88c6","contentHash":"43ff3b01cb82256ada6d5f52a4acc1d3_11.2.1"},"/Users/andeladeveloper/Desktop/HelloBooks/server/seeds/users.js":{"path":"/Users/andeladeveloper/Desktop/HelloBooks/server/seeds/users.js","statementMap":{"0":{"start":{"line":3,"column":0},"end":{"line":5,"column":3}},"1":{"start":{"line":7,"column":13},"end":{"line":7,"column":29}},"2":{"start":{"line":9,"column":14},"end":{"line":9,"column":44}},"3":{"start":{"line":11,"column":39},"end":{"line":11,"column":93}},"4":{"start":{"line":13,"column":12},"end":{"line":40,"column":2}},"5":{"start":{"line":42,"column":19},"end":{"line":78,"column":2}},"6":{"start":{"line":80,"column":0},"end":{"line":83,"column":2}}},"fnMap":{"0":{"name":"_interopRequireDefault","decl":{"start":{"line":11,"column":9},"end":{"line":11,"column":31}},"loc":{"start":{"line":11,"column":37},"end":{"line":11,"column":95}},"line":11}},"branchMap":{"0":{"loc":{"start":{"line":11,"column":46},"end":{"line":11,"column":92}},"type":"cond-expr","locations":[{"start":{"line":11,"column":70},"end":{"line":11,"column":73}},{"start":{"line":11,"column":76},"end":{"line":11,"column":92}}],"line":11},"1":{"loc":{"start":{"line":11,"column":46},"end":{"line":11,"column":67}},"type":"binary-expr","locations":[{"start":{"line":11,"column":46},"end":{"line":11,"column":49}},{"start":{"line":11,"column":53},"end":{"line":11,"column":67}}],"line":11}},"s":{"0":1,"1":1,"2":1,"3":1,"4":1,"5":1,"6":1},"f":{"0":1},"b":{"0":[0,1],"1":[1,1]},"_coverageSchema":"332fd63041d2c1bcb487cc26dd0d5f7d97098a6c","hash":"2b212a362d474bf142d136b4cdbf8437440ba804","contentHash":"4e098d80d1141f95347e83e49652d464_11.2.1"},"/Users/andeladeveloper/Desktop/HelloBooks/server/seeds/books.js":{"path":"/Users/andeladeveloper/Desktop/HelloBooks/server/seeds/books.js","statementMap":{"0":{"start":{"line":3,"column":0},"end":{"line":5,"column":3}},"1":{"start":{"line":6,"column":12},"end":{"line":61,"column":2}},"2":{"start":{"line":63,"column":19},"end":{"line":85,"column":2}},"3":{"start":{"line":87,"column":0},"end":{"line":90,"column":2}}},"fnMap":{},"branchMap":{},"s":{"0":1,"1":1,"2":1,"3":1},"f":{},"b":{},"_coverageSchema":"332fd63041d2c1bcb487cc26dd0d5f7d97098a6c","hash":"ad11e305ac350db836ffa3675867eed3e537ab25","contentHash":"ada80ede0c7c43098306ae412f08d1c9_11.2.1"},"/Users/andeladeveloper/Desktop/HelloBooks/server/seeds/category.js":{"path":"/Users/andeladeveloper/Desktop/HelloBooks/server/seeds/category.js","statementMap":{"0":{"start":{"line":3,"column":0},"end":{"line":5,"column":3}},"1":{"start":{"line":6,"column":17},"end":{"line":18,"column":2}},"2":{"start":{"line":20,"column":0},"end":{"line":22,"column":2}}},"fnMap":{},"branchMap":{},"s":{"0":1,"1":1,"2":1},"f":{},"b":{},"_coverageSchema":"332fd63041d2c1bcb487cc26dd0d5f7d97098a6c","hash":"8047e1f0edba2daae6e6945560877eebb7fbf15d","contentHash":"de4cb9dcf631f79997167151b2639144_11.2.1"}}